#
# There is insufficient memory for the Java Runtime Environment to continue.
# Native memory allocation (malloc) failed to allocate 2112192 bytes for Chunk::new
# Possible reasons:
#   The system is out of physical RAM or swap space
#   The process is running with CompressedOops enabled, and the Java Heap may be blocking the growth of the native heap
# Possible solutions:
#   Reduce memory load on the system
#   Increase physical memory or swap space
#   Check if swap backing store is full
#   Decrease Java heap size (-Xmx/-Xms)
#   Decrease number of Java threads
#   Decrease Java thread stack sizes (-Xss)
#   Set larger code cache with -XX:ReservedCodeCacheSize=
#   JVM is running with Unscaled Compressed Oops mode in which the Java heap is
#     placed in the first 4GB address space. The Java Heap base address is the
#     maximum limit for the native heap growth. Please use -XX:HeapBaseMinAddress
#     to set the Java Heap base and to place the Java Heap above 4GB virtual address.
# This output file may be truncated or incomplete.
#
#  Out of Memory Error (arena.cpp:191), pid=4320, tid=2476
#
# JRE version: OpenJDK Runtime Environment Temurin-17.0.10+7 (17.0.10+7) (build 17.0.10+7)
# Java VM: OpenJDK 64-Bit Server VM Temurin-17.0.10+7 (17.0.10+7, mixed mode, sharing, tiered, compressed oops, compressed class ptrs, g1 gc, windows-amd64)
# No core dump will be written. Minidumps are not enabled by default on client versions of Windows
#

---------------  S U M M A R Y ------------

Command Line: --add-opens=java.base/java.util=ALL-UNNAMED --add-opens=java.base/java.lang=ALL-UNNAMED --add-opens=java.base/java.lang.invoke=ALL-UNNAMED --add-opens=java.prefs/java.util.prefs=ALL-UNNAMED --add-exports=jdk.compiler/com.sun.tools.javac.api=ALL-UNNAMED --add-exports=jdk.compiler/com.sun.tools.javac.util=ALL-UNNAMED --add-opens=java.base/java.nio.charset=ALL-UNNAMED --add-opens=java.base/java.net=ALL-UNNAMED --add-opens=java.base/java.util.concurrent.atomic=ALL-UNNAMED -XX:MaxMetaspaceSize=384m -XX:+HeapDumpOnOutOfMemoryError -Xms256m -Xmx512m -Dfile.encoding=GBK -Duser.country=CN -Duser.language=zh -Duser.variant -javaagent:C:\Users\Qifei Wang\.gradle\wrapper\dists\gradle-8.9-bin\90cnw93cvbtalezasaz0blq0a\gradle-8.9\lib\agents\gradle-instrumentation-agent-8.9.jar org.gradle.launcher.daemon.bootstrap.GradleDaemon 8.9

Host: AMD Ryzen 5 4600H with Radeon Graphics         , 12 cores, 15G,  Windows 11 , 64 bit Build 22621 (10.0.22621.3958)
Time: Mon Sep 16 10:35:59 2024  Windows 11 , 64 bit Build 22621 (10.0.22621.3958) elapsed time: 3.260972 seconds (0d 0h 0m 3s)

---------------  T H R E A D  ---------------

Current thread (0x0000018a4d1c4230):  JavaThread "C2 CompilerThread1" daemon [_thread_in_native, id=2476, stack(0x000000724cc00000,0x000000724cd00000)]


Current CompileTask:
C2:   3261 3302   !   4       java.net.URLClassLoader::findClass (47 bytes)

Stack: [0x000000724cc00000,0x000000724cd00000]
Native frames: (J=compiled Java code, j=interpreted, Vv=VM code, C=native code)
V  [jvm.dll+0x67d2c9]
V  [jvm.dll+0x834afa]
V  [jvm.dll+0x8365be]
V  [jvm.dll+0x836c23]
V  [jvm.dll+0x2477ff]
V  [jvm.dll+0xac514]
V  [jvm.dll+0xacb5c]
V  [jvm.dll+0x3667d7]
V  [jvm.dll+0x330bfa]
V  [jvm.dll+0x33009a]
V  [jvm.dll+0x219ef1]
V  [jvm.dll+0x219311]
V  [jvm.dll+0x1a502d]
V  [jvm.dll+0x2290de]
V  [jvm.dll+0x2272ac]
V  [jvm.dll+0x7e9bb7]
V  [jvm.dll+0x7e3fba]
V  [jvm.dll+0x67c1b5]
C  [ucrtbase.dll+0x29333]
C  [KERNEL32.DLL+0x1257d]
C  [ntdll.dll+0x5af28]


---------------  P R O C E S S  ---------------

Threads class SMR info:
_java_thread_list=0x0000018a4ee685e0, length=37, elements={
0x0000018a182d3aa0, 0x0000018a332ae370, 0x0000018a332aef30, 0x0000018a332ca100,
0x0000018a332cabd0, 0x0000018a332ce6b0, 0x0000018a332cf070, 0x0000018a332cfe10,
0x0000018a332d08c0, 0x0000018a332d12c0, 0x0000018a333d3640, 0x0000018a33516ae0,
0x0000018a4d1c4230, 0x0000018a4d7ab320, 0x0000018a4d7e1840, 0x0000018a4e117300,
0x0000018a4d70db70, 0x0000018a4e138b20, 0x0000018a4e4c5090, 0x0000018a4e4c8840,
0x0000018a4e4c7e20, 0x0000018a4e4c7910, 0x0000018a4e4c7400, 0x0000018a4e4c8330,
0x0000018a4e4c55a0, 0x0000018a4e4c6ef0, 0x0000018a4f6dcde0, 0x0000018a4e4c5ab0,
0x0000018a4e4c5fc0, 0x0000018a4e4c64d0, 0x0000018a4e4c69e0, 0x0000018a50617290,
0x0000018a50615430, 0x0000018a5061af50, 0x0000018a506186d0, 0x0000018a50617cb0,
0x0000018a5061a020
}

Java Threads: ( => current thread )
  0x0000018a182d3aa0 JavaThread "main" [_thread_blocked, id=4872, stack(0x000000724b900000,0x000000724ba00000)]
  0x0000018a332ae370 JavaThread "Reference Handler" daemon [_thread_blocked, id=6460, stack(0x000000724c000000,0x000000724c100000)]
  0x0000018a332aef30 JavaThread "Finalizer" daemon [_thread_blocked, id=10740, stack(0x000000724c100000,0x000000724c200000)]
  0x0000018a332ca100 JavaThread "Signal Dispatcher" daemon [_thread_blocked, id=15428, stack(0x000000724c200000,0x000000724c300000)]
  0x0000018a332cabd0 JavaThread "Attach Listener" daemon [_thread_blocked, id=14004, stack(0x000000724c300000,0x000000724c400000)]
  0x0000018a332ce6b0 JavaThread "Service Thread" daemon [_thread_blocked, id=25484, stack(0x000000724c400000,0x000000724c500000)]
  0x0000018a332cf070 JavaThread "Monitor Deflation Thread" daemon [_thread_blocked, id=10408, stack(0x000000724c500000,0x000000724c600000)]
  0x0000018a332cfe10 JavaThread "C2 CompilerThread0" daemon [_thread_in_native, id=17320, stack(0x000000724c600000,0x000000724c700000)]
  0x0000018a332d08c0 JavaThread "C1 CompilerThread0" daemon [_thread_blocked, id=19896, stack(0x000000724c700000,0x000000724c800000)]
  0x0000018a332d12c0 JavaThread "Sweeper thread" daemon [_thread_blocked, id=23380, stack(0x000000724c800000,0x000000724c900000)]
  0x0000018a333d3640 JavaThread "Common-Cleaner" daemon [_thread_blocked, id=26352, stack(0x000000724c900000,0x000000724ca00000)]
  0x0000018a33516ae0 JavaThread "Notification Thread" daemon [_thread_blocked, id=3020, stack(0x000000724ca00000,0x000000724cb00000)]
=>0x0000018a4d1c4230 JavaThread "C2 CompilerThread1" daemon [_thread_in_native, id=2476, stack(0x000000724cc00000,0x000000724cd00000)]
  0x0000018a4d7ab320 JavaThread "Daemon health stats" [_thread_blocked, id=23728, stack(0x000000724cd00000,0x000000724ce00000)]
  0x0000018a4d7e1840 JavaThread "Incoming local TCP Connector on port 65211" [_thread_in_native, id=17744, stack(0x000000724d300000,0x000000724d400000)]
  0x0000018a4e117300 JavaThread "Daemon periodic checks" [_thread_blocked, id=15736, stack(0x000000724d400000,0x000000724d500000)]
  0x0000018a4d70db70 JavaThread "Daemon" [_thread_blocked, id=24956, stack(0x000000724d500000,0x000000724d600000)]
  0x0000018a4e138b20 JavaThread "Handler for socket connection from /127.0.0.1:65211 to /127.0.0.1:65212" [_thread_in_native, id=24600, stack(0x000000724d600000,0x000000724d700000)]
  0x0000018a4e4c5090 JavaThread "Cancel handler" [_thread_blocked, id=22440, stack(0x000000724d700000,0x000000724d800000)]
  0x0000018a4e4c8840 JavaThread "Daemon worker" [_thread_in_Java, id=25512, stack(0x000000724d800000,0x000000724d900000)]
  0x0000018a4e4c7e20 JavaThread "Asynchronous log dispatcher for DefaultDaemonConnection: socket connection from /127.0.0.1:65211 to /127.0.0.1:65212" [_thread_blocked, id=6928, stack(0x000000724d900000,0x000000724da00000)]
  0x0000018a4e4c7910 JavaThread "Stdin handler" [_thread_blocked, id=17076, stack(0x000000724da00000,0x000000724db00000)]
  0x0000018a4e4c7400 JavaThread "Daemon client event forwarder" [_thread_blocked, id=15564, stack(0x000000724db00000,0x000000724dc00000)]
  0x0000018a4e4c8330 JavaThread "Cache worker for journal cache (C:\Users\Qifei Wang\.gradle\caches\journal-1)" [_thread_blocked, id=2496, stack(0x000000724dc00000,0x000000724dd00000)]
  0x0000018a4e4c55a0 JavaThread "File lock request listener" [_thread_in_native, id=11744, stack(0x000000724dd00000,0x000000724de00000)]
  0x0000018a4e4c6ef0 JavaThread "Cache worker for file hash cache (C:\Users\Qifei Wang\.gradle\caches\8.9\fileHashes)" [_thread_blocked, id=17232, stack(0x000000724de00000,0x000000724df00000)]
  0x0000018a4f6dcde0 JavaThread "C2 CompilerThread2" daemon [_thread_in_native, id=18672, stack(0x000000724df00000,0x000000724e000000)]
  0x0000018a4e4c5ab0 JavaThread "Cache worker for file hash cache (D:\UNH CS\CS515Fall\2P\.gradle\8.9\fileHashes)" [_thread_blocked, id=25636, stack(0x000000724e000000,0x000000724e100000)]
  0x0000018a4e4c5fc0 JavaThread "Cache worker for Build Output Cleanup Cache (D:\UNH CS\CS515Fall\2P\.gradle\buildOutputCleanup)" [_thread_blocked, id=5340, stack(0x000000724e100000,0x000000724e200000)]
  0x0000018a4e4c64d0 JavaThread "File watcher server" daemon [_thread_in_native, id=21272, stack(0x000000724e800000,0x000000724e900000)]
  0x0000018a4e4c69e0 JavaThread "File watcher consumer" daemon [_thread_blocked, id=312, stack(0x000000724e900000,0x000000724ea00000)]
  0x0000018a50617290 JavaThread "Cache worker for checksums cache (D:\UNH CS\CS515Fall\2P\.gradle\8.9\checksums)" [_thread_blocked, id=18104, stack(0x000000724ea00000,0x000000724eb00000)]
  0x0000018a50615430 JavaThread "Cache worker for file content cache (C:\Users\Qifei Wang\.gradle\caches\8.9\fileContent)" [_thread_blocked, id=8420, stack(0x000000724eb00000,0x000000724ec00000)]
  0x0000018a5061af50 JavaThread "Cache worker for cache directory md-rule (C:\Users\Qifei Wang\.gradle\caches\8.9\md-rule)" [_thread_blocked, id=7164, stack(0x000000724ec00000,0x000000724ed00000)]
  0x0000018a506186d0 JavaThread "Cache worker for cache directory md-supplier (C:\Users\Qifei Wang\.gradle\caches\8.9\md-supplier)" [_thread_blocked, id=15560, stack(0x000000724ed00000,0x000000724ee00000)]
  0x0000018a50617cb0 JavaThread "jar transforms" [_thread_blocked, id=12032, stack(0x000000724ee00000,0x000000724ef00000)]
  0x0000018a5061a020 JavaThread "jar transforms Thread 2" [_thread_blocked, id=21100, stack(0x000000724ef00000,0x000000724f000000)]

Other Threads:
  0x0000018a332a8900 VMThread "VM Thread" [stack: 0x000000724bf00000,0x000000724c000000] [id=18452]
  0x0000018a182d4660 WatcherThread [stack: 0x000000724cb00000,0x000000724cc00000] [id=8632]
  0x0000018a182ffd00 GCTaskThread "GC Thread#0" [stack: 0x000000724ba00000,0x000000724bb00000] [id=20120]
  0x0000018a339374b0 GCTaskThread "GC Thread#1" [stack: 0x000000724ce00000,0x000000724cf00000] [id=18000]
  0x0000018a33ce9000 GCTaskThread "GC Thread#2" [stack: 0x000000724cf00000,0x000000724d000000] [id=6436]
  0x0000018a33ce92c0 GCTaskThread "GC Thread#3" [stack: 0x000000724d000000,0x000000724d100000] [id=23468]
  0x0000018a33efe7b0 GCTaskThread "GC Thread#4" [stack: 0x000000724d100000,0x000000724d200000] [id=6964]
  0x0000018a33efea70 GCTaskThread "GC Thread#5" [stack: 0x000000724d200000,0x000000724d300000] [id=2036]
  0x0000018a4e679330 GCTaskThread "GC Thread#6" [stack: 0x000000724e200000,0x000000724e300000] [id=11708]
  0x0000018a4e679e30 GCTaskThread "GC Thread#7" [stack: 0x000000724e300000,0x000000724e400000] [id=17608]
  0x0000018a4e6795f0 GCTaskThread "GC Thread#8" [stack: 0x000000724e400000,0x000000724e500000] [id=4844]
  0x0000018a4e67abf0 GCTaskThread "GC Thread#9" [stack: 0x000000724e500000,0x000000724e600000] [id=25596]
  0x0000018a1615eab0 ConcurrentGCThread "G1 Main Marker" [stack: 0x000000724bb00000,0x000000724bc00000] [id=1340]
  0x0000018a183013d0 ConcurrentGCThread "G1 Conc#0" [stack: 0x000000724bc00000,0x000000724bd00000] [id=25592]
  0x0000018a4e67a3b0 ConcurrentGCThread "G1 Conc#1" [stack: 0x000000724e600000,0x000000724e700000] [id=17488]
  0x0000018a4e67a0f0 ConcurrentGCThread "G1 Conc#2" [stack: 0x000000724e700000,0x000000724e800000] [id=20632]
  0x0000018a1837ecb0 ConcurrentGCThread "G1 Refine#0" [stack: 0x000000724bd00000,0x000000724be00000] [id=22388]
  0x0000018a3316ab00 ConcurrentGCThread "G1 Service" [stack: 0x000000724be00000,0x000000724bf00000] [id=16496]

Threads with active compile tasks:
C2 CompilerThread0     3272 3285   !   4       java.lang.ClassLoader::loadClass (121 bytes)
C2 CompilerThread1     3272 3302   !   4       java.net.URLClassLoader::findClass (47 bytes)
C2 CompilerThread2     3272 3305       4       java.net.URLClassLoader$1::run (5 bytes)

VM state: not at safepoint (normal execution)

VM Mutex/Monitor currently owned by a thread: None

Heap address: 0x00000000e0000000, size: 512 MB, Compressed Oops mode: 32-bit

CDS archive(s) mapped at: [0x0000018a34000000-0x0000018a34bb0000-0x0000018a34bb0000), size 12255232, SharedBaseAddress: 0x0000018a34000000, ArchiveRelocationMode: 1.
Compressed class space mapped at: 0x0000018a35000000-0x0000018a49000000, reserved size: 335544320
Narrow klass base: 0x0000018a34000000, Narrow klass shift: 0, Narrow klass range: 0x100000000

GC Precious Log:
 CPUs: 12 total, 12 available
 Memory: 15741M
 Large Page Support: Disabled
 NUMA Support: Disabled
 Compressed Oops: Enabled (32-bit)
 Heap Region Size: 1M
 Heap Min Capacity: 256M
 Heap Initial Capacity: 256M
 Heap Max Capacity: 512M
 Pre-touch: Disabled
 Parallel Workers: 10
 Concurrent Workers: 3
 Concurrent Refinement Workers: 10
 Periodic GC: Disabled

Heap:
 garbage-first heap   total 262144K, used 88990K [0x00000000e0000000, 0x0000000100000000)
  region size 1024K, 78 young (79872K), 13 survivors (13312K)
 Metaspace       used 29450K, committed 29952K, reserved 393216K
  class space    used 4352K, committed 4608K, reserved 327680K

Heap Regions: E=young(eden), S=young(survivor), O=old, HS=humongous(starts), HC=humongous(continues), CS=collection set, F=free, OA=open archive, CA=closed archive, TAMS=top-at-mark-start (previous, next)
|   0|0x00000000e0000000, 0x00000000e0100000, 0x00000000e0100000|100%|HS|  |TAMS 0x00000000e0100000, 0x00000000e0000000| Complete 
|   1|0x00000000e0100000, 0x00000000e0200000, 0x00000000e0200000|100%|HC|  |TAMS 0x00000000e0200000, 0x00000000e0100000| Complete 
|   2|0x00000000e0200000, 0x00000000e0300000, 0x00000000e0300000|100%|HC|  |TAMS 0x00000000e0300000, 0x00000000e0200000| Complete 
|   3|0x00000000e0300000, 0x00000000e0400000, 0x00000000e0400000|100%|HC|  |TAMS 0x00000000e0400000, 0x00000000e0300000| Complete 
|   4|0x00000000e0400000, 0x00000000e0500000, 0x00000000e0500000|100%| O|  |TAMS 0x00000000e0500000, 0x00000000e0400000| Complete 
|   5|0x00000000e0500000, 0x00000000e0600000, 0x00000000e0600000|100%| O|  |TAMS 0x00000000e0600000, 0x00000000e0500000| Untracked 
|   6|0x00000000e0600000, 0x00000000e0700000, 0x00000000e0700000|100%| O|  |TAMS 0x00000000e0700000, 0x00000000e0600000| Untracked 
|   7|0x00000000e0700000, 0x00000000e0800000, 0x00000000e0800000|100%| O|  |TAMS 0x00000000e0800000, 0x00000000e0700000| Untracked 
|   8|0x00000000e0800000, 0x00000000e0900000, 0x00000000e0900000|100%| O|  |TAMS 0x00000000e0900000, 0x00000000e0800000| Untracked 
|   9|0x00000000e0900000, 0x00000000e0a00000, 0x00000000e0a00000|100%| O|  |TAMS 0x00000000e0a00000, 0x00000000e0900000| Untracked 
|  10|0x00000000e0a00000, 0x00000000e0b00000, 0x00000000e0b00000|100%|HS|  |TAMS 0x00000000e0b00000, 0x00000000e0a00000| Complete 
|  11|0x00000000e0b00000, 0x00000000e0b00000, 0x00000000e0c00000|  0%| F|  |TAMS 0x00000000e0b00000, 0x00000000e0b00000| Untracked 
|  12|0x00000000e0c00000, 0x00000000e0c26800, 0x00000000e0d00000| 15%| O|  |TAMS 0x00000000e0c26800, 0x00000000e0c00000| Untracked 
|  13|0x00000000e0d00000, 0x00000000e0d00000, 0x00000000e0e00000|  0%| F|  |TAMS 0x00000000e0d00000, 0x00000000e0d00000| Untracked 
|  14|0x00000000e0e00000, 0x00000000e0e00000, 0x00000000e0f00000|  0%| F|  |TAMS 0x00000000e0e00000, 0x00000000e0e00000| Untracked 
|  15|0x00000000e0f00000, 0x00000000e0f00000, 0x00000000e1000000|  0%| F|  |TAMS 0x00000000e0f00000, 0x00000000e0f00000| Untracked 
|  16|0x00000000e1000000, 0x00000000e1000000, 0x00000000e1100000|  0%| F|  |TAMS 0x00000000e1000000, 0x00000000e1000000| Untracked 
|  17|0x00000000e1100000, 0x00000000e1100000, 0x00000000e1200000|  0%| F|  |TAMS 0x00000000e1100000, 0x00000000e1100000| Untracked 
|  18|0x00000000e1200000, 0x00000000e1200000, 0x00000000e1300000|  0%| F|  |TAMS 0x00000000e1200000, 0x00000000e1200000| Untracked 
|  19|0x00000000e1300000, 0x00000000e1300000, 0x00000000e1400000|  0%| F|  |TAMS 0x00000000e1300000, 0x00000000e1300000| Untracked 
|  20|0x00000000e1400000, 0x00000000e1400000, 0x00000000e1500000|  0%| F|  |TAMS 0x00000000e1400000, 0x00000000e1400000| Untracked 
|  21|0x00000000e1500000, 0x00000000e1500000, 0x00000000e1600000|  0%| F|  |TAMS 0x00000000e1500000, 0x00000000e1500000| Untracked 
|  22|0x00000000e1600000, 0x00000000e1600000, 0x00000000e1700000|  0%| F|  |TAMS 0x00000000e1600000, 0x00000000e1600000| Untracked 
|  23|0x00000000e1700000, 0x00000000e1700000, 0x00000000e1800000|  0%| F|  |TAMS 0x00000000e1700000, 0x00000000e1700000| Untracked 
|  24|0x00000000e1800000, 0x00000000e1800000, 0x00000000e1900000|  0%| F|  |TAMS 0x00000000e1800000, 0x00000000e1800000| Untracked 
|  25|0x00000000e1900000, 0x00000000e1900000, 0x00000000e1a00000|  0%| F|  |TAMS 0x00000000e1900000, 0x00000000e1900000| Untracked 
|  26|0x00000000e1a00000, 0x00000000e1a00000, 0x00000000e1b00000|  0%| F|  |TAMS 0x00000000e1a00000, 0x00000000e1a00000| Untracked 
|  27|0x00000000e1b00000, 0x00000000e1b00000, 0x00000000e1c00000|  0%| F|  |TAMS 0x00000000e1b00000, 0x00000000e1b00000| Untracked 
|  28|0x00000000e1c00000, 0x00000000e1c00000, 0x00000000e1d00000|  0%| F|  |TAMS 0x00000000e1c00000, 0x00000000e1c00000| Untracked 
|  29|0x00000000e1d00000, 0x00000000e1d00000, 0x00000000e1e00000|  0%| F|  |TAMS 0x00000000e1d00000, 0x00000000e1d00000| Untracked 
|  30|0x00000000e1e00000, 0x00000000e1e00000, 0x00000000e1f00000|  0%| F|  |TAMS 0x00000000e1e00000, 0x00000000e1e00000| Untracked 
|  31|0x00000000e1f00000, 0x00000000e1f00000, 0x00000000e2000000|  0%| F|  |TAMS 0x00000000e1f00000, 0x00000000e1f00000| Untracked 
|  32|0x00000000e2000000, 0x00000000e2000000, 0x00000000e2100000|  0%| F|  |TAMS 0x00000000e2000000, 0x00000000e2000000| Untracked 
|  33|0x00000000e2100000, 0x00000000e2100000, 0x00000000e2200000|  0%| F|  |TAMS 0x00000000e2100000, 0x00000000e2100000| Untracked 
|  34|0x00000000e2200000, 0x00000000e2200000, 0x00000000e2300000|  0%| F|  |TAMS 0x00000000e2200000, 0x00000000e2200000| Untracked 
|  35|0x00000000e2300000, 0x00000000e2300000, 0x00000000e2400000|  0%| F|  |TAMS 0x00000000e2300000, 0x00000000e2300000| Untracked 
|  36|0x00000000e2400000, 0x00000000e2400000, 0x00000000e2500000|  0%| F|  |TAMS 0x00000000e2400000, 0x00000000e2400000| Untracked 
|  37|0x00000000e2500000, 0x00000000e2500000, 0x00000000e2600000|  0%| F|  |TAMS 0x00000000e2500000, 0x00000000e2500000| Untracked 
|  38|0x00000000e2600000, 0x00000000e2600000, 0x00000000e2700000|  0%| F|  |TAMS 0x00000000e2600000, 0x00000000e2600000| Untracked 
|  39|0x00000000e2700000, 0x00000000e2700000, 0x00000000e2800000|  0%| F|  |TAMS 0x00000000e2700000, 0x00000000e2700000| Untracked 
|  40|0x00000000e2800000, 0x00000000e2800000, 0x00000000e2900000|  0%| F|  |TAMS 0x00000000e2800000, 0x00000000e2800000| Untracked 
|  41|0x00000000e2900000, 0x00000000e2900000, 0x00000000e2a00000|  0%| F|  |TAMS 0x00000000e2900000, 0x00000000e2900000| Untracked 
|  42|0x00000000e2a00000, 0x00000000e2a00000, 0x00000000e2b00000|  0%| F|  |TAMS 0x00000000e2a00000, 0x00000000e2a00000| Untracked 
|  43|0x00000000e2b00000, 0x00000000e2b00000, 0x00000000e2c00000|  0%| F|  |TAMS 0x00000000e2b00000, 0x00000000e2b00000| Untracked 
|  44|0x00000000e2c00000, 0x00000000e2c00000, 0x00000000e2d00000|  0%| F|  |TAMS 0x00000000e2c00000, 0x00000000e2c00000| Untracked 
|  45|0x00000000e2d00000, 0x00000000e2d00000, 0x00000000e2e00000|  0%| F|  |TAMS 0x00000000e2d00000, 0x00000000e2d00000| Untracked 
|  46|0x00000000e2e00000, 0x00000000e2e00000, 0x00000000e2f00000|  0%| F|  |TAMS 0x00000000e2e00000, 0x00000000e2e00000| Untracked 
|  47|0x00000000e2f00000, 0x00000000e2f00000, 0x00000000e3000000|  0%| F|  |TAMS 0x00000000e2f00000, 0x00000000e2f00000| Untracked 
|  48|0x00000000e3000000, 0x00000000e3000000, 0x00000000e3100000|  0%| F|  |TAMS 0x00000000e3000000, 0x00000000e3000000| Untracked 
|  49|0x00000000e3100000, 0x00000000e3100000, 0x00000000e3200000|  0%| F|  |TAMS 0x00000000e3100000, 0x00000000e3100000| Untracked 
|  50|0x00000000e3200000, 0x00000000e3200000, 0x00000000e3300000|  0%| F|  |TAMS 0x00000000e3200000, 0x00000000e3200000| Untracked 
|  51|0x00000000e3300000, 0x00000000e3300000, 0x00000000e3400000|  0%| F|  |TAMS 0x00000000e3300000, 0x00000000e3300000| Untracked 
|  52|0x00000000e3400000, 0x00000000e3400000, 0x00000000e3500000|  0%| F|  |TAMS 0x00000000e3400000, 0x00000000e3400000| Untracked 
|  53|0x00000000e3500000, 0x00000000e3500000, 0x00000000e3600000|  0%| F|  |TAMS 0x00000000e3500000, 0x00000000e3500000| Untracked 
|  54|0x00000000e3600000, 0x00000000e3600000, 0x00000000e3700000|  0%| F|  |TAMS 0x00000000e3600000, 0x00000000e3600000| Untracked 
|  55|0x00000000e3700000, 0x00000000e3700000, 0x00000000e3800000|  0%| F|  |TAMS 0x00000000e3700000, 0x00000000e3700000| Untracked 
|  56|0x00000000e3800000, 0x00000000e3800000, 0x00000000e3900000|  0%| F|  |TAMS 0x00000000e3800000, 0x00000000e3800000| Untracked 
|  57|0x00000000e3900000, 0x00000000e3900000, 0x00000000e3a00000|  0%| F|  |TAMS 0x00000000e3900000, 0x00000000e3900000| Untracked 
|  58|0x00000000e3a00000, 0x00000000e3a00000, 0x00000000e3b00000|  0%| F|  |TAMS 0x00000000e3a00000, 0x00000000e3a00000| Untracked 
|  59|0x00000000e3b00000, 0x00000000e3b00000, 0x00000000e3c00000|  0%| F|  |TAMS 0x00000000e3b00000, 0x00000000e3b00000| Untracked 
|  60|0x00000000e3c00000, 0x00000000e3c00000, 0x00000000e3d00000|  0%| F|  |TAMS 0x00000000e3c00000, 0x00000000e3c00000| Untracked 
|  61|0x00000000e3d00000, 0x00000000e3d00000, 0x00000000e3e00000|  0%| F|  |TAMS 0x00000000e3d00000, 0x00000000e3d00000| Untracked 
|  62|0x00000000e3e00000, 0x00000000e3e00000, 0x00000000e3f00000|  0%| F|  |TAMS 0x00000000e3e00000, 0x00000000e3e00000| Untracked 
|  63|0x00000000e3f00000, 0x00000000e3f00000, 0x00000000e4000000|  0%| F|  |TAMS 0x00000000e3f00000, 0x00000000e3f00000| Untracked 
|  64|0x00000000e4000000, 0x00000000e4000000, 0x00000000e4100000|  0%| F|  |TAMS 0x00000000e4000000, 0x00000000e4000000| Untracked 
|  65|0x00000000e4100000, 0x00000000e4100000, 0x00000000e4200000|  0%| F|  |TAMS 0x00000000e4100000, 0x00000000e4100000| Untracked 
|  66|0x00000000e4200000, 0x00000000e4200000, 0x00000000e4300000|  0%| F|  |TAMS 0x00000000e4200000, 0x00000000e4200000| Untracked 
|  67|0x00000000e4300000, 0x00000000e4300000, 0x00000000e4400000|  0%| F|  |TAMS 0x00000000e4300000, 0x00000000e4300000| Untracked 
|  68|0x00000000e4400000, 0x00000000e4400000, 0x00000000e4500000|  0%| F|  |TAMS 0x00000000e4400000, 0x00000000e4400000| Untracked 
|  69|0x00000000e4500000, 0x00000000e4500000, 0x00000000e4600000|  0%| F|  |TAMS 0x00000000e4500000, 0x00000000e4500000| Untracked 
|  70|0x00000000e4600000, 0x00000000e4600000, 0x00000000e4700000|  0%| F|  |TAMS 0x00000000e4600000, 0x00000000e4600000| Untracked 
|  71|0x00000000e4700000, 0x00000000e4700000, 0x00000000e4800000|  0%| F|  |TAMS 0x00000000e4700000, 0x00000000e4700000| Untracked 
|  72|0x00000000e4800000, 0x00000000e4800000, 0x00000000e4900000|  0%| F|  |TAMS 0x00000000e4800000, 0x00000000e4800000| Untracked 
|  73|0x00000000e4900000, 0x00000000e4900000, 0x00000000e4a00000|  0%| F|  |TAMS 0x00000000e4900000, 0x00000000e4900000| Untracked 
|  74|0x00000000e4a00000, 0x00000000e4a00000, 0x00000000e4b00000|  0%| F|  |TAMS 0x00000000e4a00000, 0x00000000e4a00000| Untracked 
|  75|0x00000000e4b00000, 0x00000000e4b00000, 0x00000000e4c00000|  0%| F|  |TAMS 0x00000000e4b00000, 0x00000000e4b00000| Untracked 
|  76|0x00000000e4c00000, 0x00000000e4c00000, 0x00000000e4d00000|  0%| F|  |TAMS 0x00000000e4c00000, 0x00000000e4c00000| Untracked 
|  77|0x00000000e4d00000, 0x00000000e4d00000, 0x00000000e4e00000|  0%| F|  |TAMS 0x00000000e4d00000, 0x00000000e4d00000| Untracked 
|  78|0x00000000e4e00000, 0x00000000e4e00000, 0x00000000e4f00000|  0%| F|  |TAMS 0x00000000e4e00000, 0x00000000e4e00000| Untracked 
|  79|0x00000000e4f00000, 0x00000000e4f00000, 0x00000000e5000000|  0%| F|  |TAMS 0x00000000e4f00000, 0x00000000e4f00000| Untracked 
|  80|0x00000000e5000000, 0x00000000e5000000, 0x00000000e5100000|  0%| F|  |TAMS 0x00000000e5000000, 0x00000000e5000000| Untracked 
|  81|0x00000000e5100000, 0x00000000e5100000, 0x00000000e5200000|  0%| F|  |TAMS 0x00000000e5100000, 0x00000000e5100000| Untracked 
|  82|0x00000000e5200000, 0x00000000e5200000, 0x00000000e5300000|  0%| F|  |TAMS 0x00000000e5200000, 0x00000000e5200000| Untracked 
|  83|0x00000000e5300000, 0x00000000e5300000, 0x00000000e5400000|  0%| F|  |TAMS 0x00000000e5300000, 0x00000000e5300000| Untracked 
|  84|0x00000000e5400000, 0x00000000e5400000, 0x00000000e5500000|  0%| F|  |TAMS 0x00000000e5400000, 0x00000000e5400000| Untracked 
|  85|0x00000000e5500000, 0x00000000e5500000, 0x00000000e5600000|  0%| F|  |TAMS 0x00000000e5500000, 0x00000000e5500000| Untracked 
|  86|0x00000000e5600000, 0x00000000e5600000, 0x00000000e5700000|  0%| F|  |TAMS 0x00000000e5600000, 0x00000000e5600000| Untracked 
|  87|0x00000000e5700000, 0x00000000e5700000, 0x00000000e5800000|  0%| F|  |TAMS 0x00000000e5700000, 0x00000000e5700000| Untracked 
|  88|0x00000000e5800000, 0x00000000e5800000, 0x00000000e5900000|  0%| F|  |TAMS 0x00000000e5800000, 0x00000000e5800000| Untracked 
|  89|0x00000000e5900000, 0x00000000e5900000, 0x00000000e5a00000|  0%| F|  |TAMS 0x00000000e5900000, 0x00000000e5900000| Untracked 
|  90|0x00000000e5a00000, 0x00000000e5a00000, 0x00000000e5b00000|  0%| F|  |TAMS 0x00000000e5a00000, 0x00000000e5a00000| Untracked 
|  91|0x00000000e5b00000, 0x00000000e5b00000, 0x00000000e5c00000|  0%| F|  |TAMS 0x00000000e5b00000, 0x00000000e5b00000| Untracked 
|  92|0x00000000e5c00000, 0x00000000e5c00000, 0x00000000e5d00000|  0%| F|  |TAMS 0x00000000e5c00000, 0x00000000e5c00000| Untracked 
|  93|0x00000000e5d00000, 0x00000000e5d00000, 0x00000000e5e00000|  0%| F|  |TAMS 0x00000000e5d00000, 0x00000000e5d00000| Untracked 
|  94|0x00000000e5e00000, 0x00000000e5e00000, 0x00000000e5f00000|  0%| F|  |TAMS 0x00000000e5e00000, 0x00000000e5e00000| Untracked 
|  95|0x00000000e5f00000, 0x00000000e5f00000, 0x00000000e6000000|  0%| F|  |TAMS 0x00000000e5f00000, 0x00000000e5f00000| Untracked 
|  96|0x00000000e6000000, 0x00000000e6000000, 0x00000000e6100000|  0%| F|  |TAMS 0x00000000e6000000, 0x00000000e6000000| Untracked 
|  97|0x00000000e6100000, 0x00000000e6100000, 0x00000000e6200000|  0%| F|  |TAMS 0x00000000e6100000, 0x00000000e6100000| Untracked 
|  98|0x00000000e6200000, 0x00000000e6200000, 0x00000000e6300000|  0%| F|  |TAMS 0x00000000e6200000, 0x00000000e6200000| Untracked 
|  99|0x00000000e6300000, 0x00000000e6300000, 0x00000000e6400000|  0%| F|  |TAMS 0x00000000e6300000, 0x00000000e6300000| Untracked 
| 100|0x00000000e6400000, 0x00000000e6400000, 0x00000000e6500000|  0%| F|  |TAMS 0x00000000e6400000, 0x00000000e6400000| Untracked 
| 101|0x00000000e6500000, 0x00000000e6500000, 0x00000000e6600000|  0%| F|  |TAMS 0x00000000e6500000, 0x00000000e6500000| Untracked 
| 102|0x00000000e6600000, 0x00000000e6600000, 0x00000000e6700000|  0%| F|  |TAMS 0x00000000e6600000, 0x00000000e6600000| Untracked 
| 103|0x00000000e6700000, 0x00000000e6700000, 0x00000000e6800000|  0%| F|  |TAMS 0x00000000e6700000, 0x00000000e6700000| Untracked 
| 104|0x00000000e6800000, 0x00000000e6800000, 0x00000000e6900000|  0%| F|  |TAMS 0x00000000e6800000, 0x00000000e6800000| Untracked 
| 105|0x00000000e6900000, 0x00000000e6900000, 0x00000000e6a00000|  0%| F|  |TAMS 0x00000000e6900000, 0x00000000e6900000| Untracked 
| 106|0x00000000e6a00000, 0x00000000e6a00000, 0x00000000e6b00000|  0%| F|  |TAMS 0x00000000e6a00000, 0x00000000e6a00000| Untracked 
| 107|0x00000000e6b00000, 0x00000000e6b00000, 0x00000000e6c00000|  0%| F|  |TAMS 0x00000000e6b00000, 0x00000000e6b00000| Untracked 
| 108|0x00000000e6c00000, 0x00000000e6c00000, 0x00000000e6d00000|  0%| F|  |TAMS 0x00000000e6c00000, 0x00000000e6c00000| Untracked 
| 109|0x00000000e6d00000, 0x00000000e6d00000, 0x00000000e6e00000|  0%| F|  |TAMS 0x00000000e6d00000, 0x00000000e6d00000| Untracked 
| 110|0x00000000e6e00000, 0x00000000e6e00000, 0x00000000e6f00000|  0%| F|  |TAMS 0x00000000e6e00000, 0x00000000e6e00000| Untracked 
| 111|0x00000000e6f00000, 0x00000000e6f00000, 0x00000000e7000000|  0%| F|  |TAMS 0x00000000e6f00000, 0x00000000e6f00000| Untracked 
| 112|0x00000000e7000000, 0x00000000e7000000, 0x00000000e7100000|  0%| F|  |TAMS 0x00000000e7000000, 0x00000000e7000000| Untracked 
| 113|0x00000000e7100000, 0x00000000e7100000, 0x00000000e7200000|  0%| F|  |TAMS 0x00000000e7100000, 0x00000000e7100000| Untracked 
| 114|0x00000000e7200000, 0x00000000e7200000, 0x00000000e7300000|  0%| F|  |TAMS 0x00000000e7200000, 0x00000000e7200000| Untracked 
| 115|0x00000000e7300000, 0x00000000e7300000, 0x00000000e7400000|  0%| F|  |TAMS 0x00000000e7300000, 0x00000000e7300000| Untracked 
| 116|0x00000000e7400000, 0x00000000e7400000, 0x00000000e7500000|  0%| F|  |TAMS 0x00000000e7400000, 0x00000000e7400000| Untracked 
| 117|0x00000000e7500000, 0x00000000e7500000, 0x00000000e7600000|  0%| F|  |TAMS 0x00000000e7500000, 0x00000000e7500000| Untracked 
| 118|0x00000000e7600000, 0x00000000e7600000, 0x00000000e7700000|  0%| F|  |TAMS 0x00000000e7600000, 0x00000000e7600000| Untracked 
| 119|0x00000000e7700000, 0x00000000e7700000, 0x00000000e7800000|  0%| F|  |TAMS 0x00000000e7700000, 0x00000000e7700000| Untracked 
| 120|0x00000000e7800000, 0x00000000e7800000, 0x00000000e7900000|  0%| F|  |TAMS 0x00000000e7800000, 0x00000000e7800000| Untracked 
| 121|0x00000000e7900000, 0x00000000e7900000, 0x00000000e7a00000|  0%| F|  |TAMS 0x00000000e7900000, 0x00000000e7900000| Untracked 
| 122|0x00000000e7a00000, 0x00000000e7a00000, 0x00000000e7b00000|  0%| F|  |TAMS 0x00000000e7a00000, 0x00000000e7a00000| Untracked 
| 123|0x00000000e7b00000, 0x00000000e7b00000, 0x00000000e7c00000|  0%| F|  |TAMS 0x00000000e7b00000, 0x00000000e7b00000| Untracked 
| 124|0x00000000e7c00000, 0x00000000e7c00000, 0x00000000e7d00000|  0%| F|  |TAMS 0x00000000e7c00000, 0x00000000e7c00000| Untracked 
| 125|0x00000000e7d00000, 0x00000000e7d00000, 0x00000000e7e00000|  0%| F|  |TAMS 0x00000000e7d00000, 0x00000000e7d00000| Untracked 
| 126|0x00000000e7e00000, 0x00000000e7e00000, 0x00000000e7f00000|  0%| F|  |TAMS 0x00000000e7e00000, 0x00000000e7e00000| Untracked 
| 127|0x00000000e7f00000, 0x00000000e7f00000, 0x00000000e8000000|  0%| F|  |TAMS 0x00000000e7f00000, 0x00000000e7f00000| Untracked 
| 128|0x00000000e8000000, 0x00000000e8000000, 0x00000000e8100000|  0%| F|  |TAMS 0x00000000e8000000, 0x00000000e8000000| Untracked 
| 129|0x00000000e8100000, 0x00000000e8100000, 0x00000000e8200000|  0%| F|  |TAMS 0x00000000e8100000, 0x00000000e8100000| Untracked 
| 130|0x00000000e8200000, 0x00000000e8200000, 0x00000000e8300000|  0%| F|  |TAMS 0x00000000e8200000, 0x00000000e8200000| Untracked 
| 131|0x00000000e8300000, 0x00000000e8300000, 0x00000000e8400000|  0%| F|  |TAMS 0x00000000e8300000, 0x00000000e8300000| Untracked 
| 132|0x00000000e8400000, 0x00000000e84c13f0, 0x00000000e8500000| 75%| S|CS|TAMS 0x00000000e8400000, 0x00000000e8400000| Complete 
| 133|0x00000000e8500000, 0x00000000e8600000, 0x00000000e8600000|100%| S|CS|TAMS 0x00000000e8500000, 0x00000000e8500000| Complete 
| 134|0x00000000e8600000, 0x00000000e8700000, 0x00000000e8700000|100%| S|CS|TAMS 0x00000000e8600000, 0x00000000e8600000| Complete 
| 135|0x00000000e8700000, 0x00000000e8800000, 0x00000000e8800000|100%| S|CS|TAMS 0x00000000e8700000, 0x00000000e8700000| Complete 
| 136|0x00000000e8800000, 0x00000000e8900000, 0x00000000e8900000|100%| S|CS|TAMS 0x00000000e8800000, 0x00000000e8800000| Complete 
| 137|0x00000000e8900000, 0x00000000e8a00000, 0x00000000e8a00000|100%| S|CS|TAMS 0x00000000e8900000, 0x00000000e8900000| Complete 
| 138|0x00000000e8a00000, 0x00000000e8b00000, 0x00000000e8b00000|100%| S|CS|TAMS 0x00000000e8a00000, 0x00000000e8a00000| Complete 
| 139|0x00000000e8b00000, 0x00000000e8c00000, 0x00000000e8c00000|100%| S|CS|TAMS 0x00000000e8b00000, 0x00000000e8b00000| Complete 
| 140|0x00000000e8c00000, 0x00000000e8d00000, 0x00000000e8d00000|100%| S|CS|TAMS 0x00000000e8c00000, 0x00000000e8c00000| Complete 
| 141|0x00000000e8d00000, 0x00000000e8e00000, 0x00000000e8e00000|100%| S|CS|TAMS 0x00000000e8d00000, 0x00000000e8d00000| Complete 
| 142|0x00000000e8e00000, 0x00000000e8f00000, 0x00000000e8f00000|100%| S|CS|TAMS 0x00000000e8e00000, 0x00000000e8e00000| Complete 
| 143|0x00000000e8f00000, 0x00000000e9000000, 0x00000000e9000000|100%| S|CS|TAMS 0x00000000e8f00000, 0x00000000e8f00000| Complete 
| 144|0x00000000e9000000, 0x00000000e9100000, 0x00000000e9100000|100%| S|CS|TAMS 0x00000000e9000000, 0x00000000e9000000| Complete 
| 145|0x00000000e9100000, 0x00000000e9100000, 0x00000000e9200000|  0%| F|  |TAMS 0x00000000e9100000, 0x00000000e9100000| Untracked 
| 146|0x00000000e9200000, 0x00000000e9200000, 0x00000000e9300000|  0%| F|  |TAMS 0x00000000e9200000, 0x00000000e9200000| Untracked 
| 147|0x00000000e9300000, 0x00000000e9300000, 0x00000000e9400000|  0%| F|  |TAMS 0x00000000e9300000, 0x00000000e9300000| Untracked 
| 148|0x00000000e9400000, 0x00000000e9400000, 0x00000000e9500000|  0%| F|  |TAMS 0x00000000e9400000, 0x00000000e9400000| Untracked 
| 149|0x00000000e9500000, 0x00000000e9500000, 0x00000000e9600000|  0%| F|  |TAMS 0x00000000e9500000, 0x00000000e9500000| Untracked 
| 150|0x00000000e9600000, 0x00000000e9600000, 0x00000000e9700000|  0%| F|  |TAMS 0x00000000e9600000, 0x00000000e9600000| Untracked 
| 151|0x00000000e9700000, 0x00000000e9700000, 0x00000000e9800000|  0%| F|  |TAMS 0x00000000e9700000, 0x00000000e9700000| Untracked 
| 152|0x00000000e9800000, 0x00000000e9800000, 0x00000000e9900000|  0%| F|  |TAMS 0x00000000e9800000, 0x00000000e9800000| Untracked 
| 153|0x00000000e9900000, 0x00000000e9900000, 0x00000000e9a00000|  0%| F|  |TAMS 0x00000000e9900000, 0x00000000e9900000| Untracked 
| 154|0x00000000e9a00000, 0x00000000e9a00000, 0x00000000e9b00000|  0%| F|  |TAMS 0x00000000e9a00000, 0x00000000e9a00000| Untracked 
| 155|0x00000000e9b00000, 0x00000000e9b00000, 0x00000000e9c00000|  0%| F|  |TAMS 0x00000000e9b00000, 0x00000000e9b00000| Untracked 
| 156|0x00000000e9c00000, 0x00000000e9c00000, 0x00000000e9d00000|  0%| F|  |TAMS 0x00000000e9c00000, 0x00000000e9c00000| Untracked 
| 157|0x00000000e9d00000, 0x00000000e9d00000, 0x00000000e9e00000|  0%| F|  |TAMS 0x00000000e9d00000, 0x00000000e9d00000| Untracked 
| 158|0x00000000e9e00000, 0x00000000e9e00000, 0x00000000e9f00000|  0%| F|  |TAMS 0x00000000e9e00000, 0x00000000e9e00000| Untracked 
| 159|0x00000000e9f00000, 0x00000000e9f00000, 0x00000000ea000000|  0%| F|  |TAMS 0x00000000e9f00000, 0x00000000e9f00000| Untracked 
| 160|0x00000000ea000000, 0x00000000ea000000, 0x00000000ea100000|  0%| F|  |TAMS 0x00000000ea000000, 0x00000000ea000000| Untracked 
| 161|0x00000000ea100000, 0x00000000ea100000, 0x00000000ea200000|  0%| F|  |TAMS 0x00000000ea100000, 0x00000000ea100000| Untracked 
| 162|0x00000000ea200000, 0x00000000ea200000, 0x00000000ea300000|  0%| F|  |TAMS 0x00000000ea200000, 0x00000000ea200000| Untracked 
| 163|0x00000000ea300000, 0x00000000ea300000, 0x00000000ea400000|  0%| F|  |TAMS 0x00000000ea300000, 0x00000000ea300000| Untracked 
| 164|0x00000000ea400000, 0x00000000ea400000, 0x00000000ea500000|  0%| F|  |TAMS 0x00000000ea400000, 0x00000000ea400000| Untracked 
| 165|0x00000000ea500000, 0x00000000ea500000, 0x00000000ea600000|  0%| F|  |TAMS 0x00000000ea500000, 0x00000000ea500000| Untracked 
| 166|0x00000000ea600000, 0x00000000ea600000, 0x00000000ea700000|  0%| F|  |TAMS 0x00000000ea600000, 0x00000000ea600000| Untracked 
| 167|0x00000000ea700000, 0x00000000ea700000, 0x00000000ea800000|  0%| F|  |TAMS 0x00000000ea700000, 0x00000000ea700000| Untracked 
| 168|0x00000000ea800000, 0x00000000ea800000, 0x00000000ea900000|  0%| F|  |TAMS 0x00000000ea800000, 0x00000000ea800000| Untracked 
| 169|0x00000000ea900000, 0x00000000ea900000, 0x00000000eaa00000|  0%| F|  |TAMS 0x00000000ea900000, 0x00000000ea900000| Untracked 
| 170|0x00000000eaa00000, 0x00000000eaa00000, 0x00000000eab00000|  0%| F|  |TAMS 0x00000000eaa00000, 0x00000000eaa00000| Untracked 
| 171|0x00000000eab00000, 0x00000000eab00000, 0x00000000eac00000|  0%| F|  |TAMS 0x00000000eab00000, 0x00000000eab00000| Untracked 
| 172|0x00000000eac00000, 0x00000000eac00000, 0x00000000ead00000|  0%| F|  |TAMS 0x00000000eac00000, 0x00000000eac00000| Untracked 
| 173|0x00000000ead00000, 0x00000000ead00000, 0x00000000eae00000|  0%| F|  |TAMS 0x00000000ead00000, 0x00000000ead00000| Untracked 
| 174|0x00000000eae00000, 0x00000000eae00000, 0x00000000eaf00000|  0%| F|  |TAMS 0x00000000eae00000, 0x00000000eae00000| Untracked 
| 175|0x00000000eaf00000, 0x00000000eaf00000, 0x00000000eb000000|  0%| F|  |TAMS 0x00000000eaf00000, 0x00000000eaf00000| Untracked 
| 176|0x00000000eb000000, 0x00000000eb000000, 0x00000000eb100000|  0%| F|  |TAMS 0x00000000eb000000, 0x00000000eb000000| Untracked 
| 177|0x00000000eb100000, 0x00000000eb100000, 0x00000000eb200000|  0%| F|  |TAMS 0x00000000eb100000, 0x00000000eb100000| Untracked 
| 178|0x00000000eb200000, 0x00000000eb200000, 0x00000000eb300000|  0%| F|  |TAMS 0x00000000eb200000, 0x00000000eb200000| Untracked 
| 179|0x00000000eb300000, 0x00000000eb300000, 0x00000000eb400000|  0%| F|  |TAMS 0x00000000eb300000, 0x00000000eb300000| Untracked 
| 180|0x00000000eb400000, 0x00000000eb400000, 0x00000000eb500000|  0%| F|  |TAMS 0x00000000eb400000, 0x00000000eb400000| Untracked 
| 181|0x00000000eb500000, 0x00000000eb500000, 0x00000000eb600000|  0%| F|  |TAMS 0x00000000eb500000, 0x00000000eb500000| Untracked 
| 182|0x00000000eb600000, 0x00000000eb600000, 0x00000000eb700000|  0%| F|  |TAMS 0x00000000eb600000, 0x00000000eb600000| Untracked 
| 183|0x00000000eb700000, 0x00000000eb700000, 0x00000000eb800000|  0%| F|  |TAMS 0x00000000eb700000, 0x00000000eb700000| Untracked 
| 184|0x00000000eb800000, 0x00000000eb800000, 0x00000000eb900000|  0%| F|  |TAMS 0x00000000eb800000, 0x00000000eb800000| Untracked 
| 185|0x00000000eb900000, 0x00000000eb900000, 0x00000000eba00000|  0%| F|  |TAMS 0x00000000eb900000, 0x00000000eb900000| Untracked 
| 186|0x00000000eba00000, 0x00000000eba00000, 0x00000000ebb00000|  0%| F|  |TAMS 0x00000000eba00000, 0x00000000eba00000| Untracked 
| 187|0x00000000ebb00000, 0x00000000ebb00000, 0x00000000ebc00000|  0%| F|  |TAMS 0x00000000ebb00000, 0x00000000ebb00000| Untracked 
| 188|0x00000000ebc00000, 0x00000000ebc00000, 0x00000000ebd00000|  0%| F|  |TAMS 0x00000000ebc00000, 0x00000000ebc00000| Untracked 
| 189|0x00000000ebd00000, 0x00000000ebd00000, 0x00000000ebe00000|  0%| F|  |TAMS 0x00000000ebd00000, 0x00000000ebd00000| Untracked 
| 190|0x00000000ebe00000, 0x00000000ebe00000, 0x00000000ebf00000|  0%| F|  |TAMS 0x00000000ebe00000, 0x00000000ebe00000| Untracked 
| 191|0x00000000ebf00000, 0x00000000ec000000, 0x00000000ec000000|100%| E|  |TAMS 0x00000000ebf00000, 0x00000000ebf00000| Complete 
| 192|0x00000000ec000000, 0x00000000ec100000, 0x00000000ec100000|100%| E|CS|TAMS 0x00000000ec000000, 0x00000000ec000000| Complete 
| 193|0x00000000ec100000, 0x00000000ec200000, 0x00000000ec200000|100%| E|CS|TAMS 0x00000000ec100000, 0x00000000ec100000| Complete 
| 194|0x00000000ec200000, 0x00000000ec300000, 0x00000000ec300000|100%| E|CS|TAMS 0x00000000ec200000, 0x00000000ec200000| Complete 
| 195|0x00000000ec300000, 0x00000000ec400000, 0x00000000ec400000|100%| E|  |TAMS 0x00000000ec300000, 0x00000000ec300000| Complete 
| 196|0x00000000ec400000, 0x00000000ec500000, 0x00000000ec500000|100%| E|CS|TAMS 0x00000000ec400000, 0x00000000ec400000| Complete 
| 197|0x00000000ec500000, 0x00000000ec600000, 0x00000000ec600000|100%| E|CS|TAMS 0x00000000ec500000, 0x00000000ec500000| Complete 
| 198|0x00000000ec600000, 0x00000000ec700000, 0x00000000ec700000|100%| E|CS|TAMS 0x00000000ec600000, 0x00000000ec600000| Complete 
| 199|0x00000000ec700000, 0x00000000ec800000, 0x00000000ec800000|100%| E|CS|TAMS 0x00000000ec700000, 0x00000000ec700000| Complete 
| 200|0x00000000ec800000, 0x00000000ec900000, 0x00000000ec900000|100%| E|CS|TAMS 0x00000000ec800000, 0x00000000ec800000| Complete 
| 201|0x00000000ec900000, 0x00000000eca00000, 0x00000000eca00000|100%| E|CS|TAMS 0x00000000ec900000, 0x00000000ec900000| Complete 
| 202|0x00000000eca00000, 0x00000000ecb00000, 0x00000000ecb00000|100%| E|CS|TAMS 0x00000000eca00000, 0x00000000eca00000| Complete 
| 203|0x00000000ecb00000, 0x00000000ecc00000, 0x00000000ecc00000|100%| E|CS|TAMS 0x00000000ecb00000, 0x00000000ecb00000| Complete 
| 204|0x00000000ecc00000, 0x00000000ecd00000, 0x00000000ecd00000|100%| E|CS|TAMS 0x00000000ecc00000, 0x00000000ecc00000| Complete 
| 205|0x00000000ecd00000, 0x00000000ece00000, 0x00000000ece00000|100%| E|CS|TAMS 0x00000000ecd00000, 0x00000000ecd00000| Complete 
| 206|0x00000000ece00000, 0x00000000ecf00000, 0x00000000ecf00000|100%| E|CS|TAMS 0x00000000ece00000, 0x00000000ece00000| Complete 
| 207|0x00000000ecf00000, 0x00000000ed000000, 0x00000000ed000000|100%| E|CS|TAMS 0x00000000ecf00000, 0x00000000ecf00000| Complete 
| 208|0x00000000ed000000, 0x00000000ed100000, 0x00000000ed100000|100%| E|CS|TAMS 0x00000000ed000000, 0x00000000ed000000| Complete 
| 209|0x00000000ed100000, 0x00000000ed200000, 0x00000000ed200000|100%| E|CS|TAMS 0x00000000ed100000, 0x00000000ed100000| Complete 
| 210|0x00000000ed200000, 0x00000000ed300000, 0x00000000ed300000|100%| E|CS|TAMS 0x00000000ed200000, 0x00000000ed200000| Complete 
| 211|0x00000000ed300000, 0x00000000ed400000, 0x00000000ed400000|100%| E|CS|TAMS 0x00000000ed300000, 0x00000000ed300000| Complete 
| 212|0x00000000ed400000, 0x00000000ed500000, 0x00000000ed500000|100%| E|CS|TAMS 0x00000000ed400000, 0x00000000ed400000| Complete 
| 213|0x00000000ed500000, 0x00000000ed600000, 0x00000000ed600000|100%| E|CS|TAMS 0x00000000ed500000, 0x00000000ed500000| Complete 
| 214|0x00000000ed600000, 0x00000000ed700000, 0x00000000ed700000|100%| E|CS|TAMS 0x00000000ed600000, 0x00000000ed600000| Complete 
| 215|0x00000000ed700000, 0x00000000ed800000, 0x00000000ed800000|100%| E|CS|TAMS 0x00000000ed700000, 0x00000000ed700000| Complete 
| 216|0x00000000ed800000, 0x00000000ed900000, 0x00000000ed900000|100%| E|CS|TAMS 0x00000000ed800000, 0x00000000ed800000| Complete 
| 217|0x00000000ed900000, 0x00000000eda00000, 0x00000000eda00000|100%| E|CS|TAMS 0x00000000ed900000, 0x00000000ed900000| Complete 
| 218|0x00000000eda00000, 0x00000000edb00000, 0x00000000edb00000|100%| E|CS|TAMS 0x00000000eda00000, 0x00000000eda00000| Complete 
| 219|0x00000000edb00000, 0x00000000edc00000, 0x00000000edc00000|100%| E|CS|TAMS 0x00000000edb00000, 0x00000000edb00000| Complete 
| 220|0x00000000edc00000, 0x00000000edd00000, 0x00000000edd00000|100%| E|CS|TAMS 0x00000000edc00000, 0x00000000edc00000| Complete 
| 221|0x00000000edd00000, 0x00000000ede00000, 0x00000000ede00000|100%| E|CS|TAMS 0x00000000edd00000, 0x00000000edd00000| Complete 
| 222|0x00000000ede00000, 0x00000000edf00000, 0x00000000edf00000|100%| E|CS|TAMS 0x00000000ede00000, 0x00000000ede00000| Complete 
| 223|0x00000000edf00000, 0x00000000ee000000, 0x00000000ee000000|100%| E|CS|TAMS 0x00000000edf00000, 0x00000000edf00000| Complete 
| 224|0x00000000ee000000, 0x00000000ee100000, 0x00000000ee100000|100%| E|CS|TAMS 0x00000000ee000000, 0x00000000ee000000| Complete 
| 225|0x00000000ee100000, 0x00000000ee200000, 0x00000000ee200000|100%| E|CS|TAMS 0x00000000ee100000, 0x00000000ee100000| Complete 
| 226|0x00000000ee200000, 0x00000000ee300000, 0x00000000ee300000|100%| E|CS|TAMS 0x00000000ee200000, 0x00000000ee200000| Complete 
| 227|0x00000000ee300000, 0x00000000ee400000, 0x00000000ee400000|100%| E|CS|TAMS 0x00000000ee300000, 0x00000000ee300000| Complete 
| 228|0x00000000ee400000, 0x00000000ee500000, 0x00000000ee500000|100%| E|CS|TAMS 0x00000000ee400000, 0x00000000ee400000| Complete 
| 229|0x00000000ee500000, 0x00000000ee600000, 0x00000000ee600000|100%| E|CS|TAMS 0x00000000ee500000, 0x00000000ee500000| Complete 
| 230|0x00000000ee600000, 0x00000000ee700000, 0x00000000ee700000|100%| E|CS|TAMS 0x00000000ee600000, 0x00000000ee600000| Complete 
| 231|0x00000000ee700000, 0x00000000ee800000, 0x00000000ee800000|100%| E|CS|TAMS 0x00000000ee700000, 0x00000000ee700000| Complete 
| 232|0x00000000ee800000, 0x00000000ee900000, 0x00000000ee900000|100%| E|CS|TAMS 0x00000000ee800000, 0x00000000ee800000| Complete 
| 233|0x00000000ee900000, 0x00000000eea00000, 0x00000000eea00000|100%| E|CS|TAMS 0x00000000ee900000, 0x00000000ee900000| Complete 
| 234|0x00000000eea00000, 0x00000000eeb00000, 0x00000000eeb00000|100%| E|CS|TAMS 0x00000000eea00000, 0x00000000eea00000| Complete 
| 235|0x00000000eeb00000, 0x00000000eec00000, 0x00000000eec00000|100%| E|CS|TAMS 0x00000000eeb00000, 0x00000000eeb00000| Complete 
| 236|0x00000000eec00000, 0x00000000eed00000, 0x00000000eed00000|100%| E|CS|TAMS 0x00000000eec00000, 0x00000000eec00000| Complete 
| 237|0x00000000eed00000, 0x00000000eee00000, 0x00000000eee00000|100%| E|CS|TAMS 0x00000000eed00000, 0x00000000eed00000| Complete 
| 238|0x00000000eee00000, 0x00000000eef00000, 0x00000000eef00000|100%| E|CS|TAMS 0x00000000eee00000, 0x00000000eee00000| Complete 
| 239|0x00000000eef00000, 0x00000000ef000000, 0x00000000ef000000|100%| E|CS|TAMS 0x00000000eef00000, 0x00000000eef00000| Complete 
| 240|0x00000000ef000000, 0x00000000ef100000, 0x00000000ef100000|100%| E|CS|TAMS 0x00000000ef000000, 0x00000000ef000000| Complete 
| 241|0x00000000ef100000, 0x00000000ef200000, 0x00000000ef200000|100%| E|CS|TAMS 0x00000000ef100000, 0x00000000ef100000| Complete 
| 242|0x00000000ef200000, 0x00000000ef300000, 0x00000000ef300000|100%| E|CS|TAMS 0x00000000ef200000, 0x00000000ef200000| Complete 
| 243|0x00000000ef300000, 0x00000000ef400000, 0x00000000ef400000|100%| E|CS|TAMS 0x00000000ef300000, 0x00000000ef300000| Complete 
| 244|0x00000000ef400000, 0x00000000ef500000, 0x00000000ef500000|100%| E|CS|TAMS 0x00000000ef400000, 0x00000000ef400000| Complete 
| 245|0x00000000ef500000, 0x00000000ef600000, 0x00000000ef600000|100%| E|CS|TAMS 0x00000000ef500000, 0x00000000ef500000| Complete 
| 246|0x00000000ef600000, 0x00000000ef700000, 0x00000000ef700000|100%| E|CS|TAMS 0x00000000ef600000, 0x00000000ef600000| Complete 
| 247|0x00000000ef700000, 0x00000000ef800000, 0x00000000ef800000|100%| E|CS|TAMS 0x00000000ef700000, 0x00000000ef700000| Complete 
| 248|0x00000000ef800000, 0x00000000ef900000, 0x00000000ef900000|100%| E|CS|TAMS 0x00000000ef800000, 0x00000000ef800000| Complete 
| 249|0x00000000ef900000, 0x00000000efa00000, 0x00000000efa00000|100%| E|CS|TAMS 0x00000000ef900000, 0x00000000ef900000| Complete 
| 250|0x00000000efa00000, 0x00000000efb00000, 0x00000000efb00000|100%| E|CS|TAMS 0x00000000efa00000, 0x00000000efa00000| Complete 
| 251|0x00000000efb00000, 0x00000000efc00000, 0x00000000efc00000|100%| E|CS|TAMS 0x00000000efb00000, 0x00000000efb00000| Complete 
| 252|0x00000000efc00000, 0x00000000efd00000, 0x00000000efd00000|100%| E|CS|TAMS 0x00000000efc00000, 0x00000000efc00000| Complete 
| 253|0x00000000efd00000, 0x00000000efe00000, 0x00000000efe00000|100%| E|CS|TAMS 0x00000000efd00000, 0x00000000efd00000| Complete 
| 254|0x00000000efe00000, 0x00000000eff00000, 0x00000000eff00000|100%| E|CS|TAMS 0x00000000efe00000, 0x00000000efe00000| Complete 
| 255|0x00000000eff00000, 0x00000000f0000000, 0x00000000f0000000|100%| E|CS|TAMS 0x00000000eff00000, 0x00000000eff00000| Complete 

Card table byte_map: [0x0000018a2f450000,0x0000018a2f550000] _byte_map_base: 0x0000018a2ed50000

Marking Bits (Prev, Next): (CMBitMap*) 0x0000018a1615b1d0, (CMBitMap*) 0x0000018a1615b190
 Prev Bits: [0x0000018a2fe50000, 0x0000018a30650000)
 Next Bits: [0x0000018a2f650000, 0x0000018a2fe50000)

Polling page: 0x0000018a16240000

Metaspace:

Usage:
  Non-class:     24.64 MB used.
      Class:      4.26 MB used.
       Both:     28.90 MB used.

Virtual space:
  Non-class space:       64.00 MB reserved,      24.88 MB ( 39%) committed,  1 nodes.
      Class space:      320.00 MB reserved,       4.50 MB (  1%) committed,  1 nodes.
             Both:      384.00 MB reserved,      29.38 MB (  8%) committed. 

Chunk freelists:
   Non-Class:  6.27 MB
       Class:  11.50 MB
        Both:  17.76 MB

MaxMetaspaceSize: 384.00 MB
CompressedClassSpaceSize: 320.00 MB
Initial GC threshold: 21.00 MB
Current GC threshold: 35.12 MB
CDS: on
MetaspaceReclaimPolicy: balanced
 - commit_granule_bytes: 65536.
 - commit_granule_words: 8192.
 - virtual_space_node_default_size: 8388608.
 - enlarge_chunks_in_place: 1.
 - new_chunks_are_fully_committed: 0.
 - uncommit_free_chunks: 1.
 - use_allocation_guard: 0.
 - handle_deallocations: 1.


Internal statistics:

num_allocs_failed_limit: 3.
num_arena_births: 382.
num_arena_deaths: 0.
num_vsnodes_births: 2.
num_vsnodes_deaths: 0.
num_space_committed: 470.
num_space_uncommitted: 0.
num_chunks_returned_to_freelist: 3.
num_chunks_taken_from_freelist: 1555.
num_chunk_merges: 3.
num_chunk_splits: 1021.
num_chunks_enlarged: 693.
num_inconsistent_stats: 0.

CodeHeap 'non-profiled nmethods': size=120000Kb used=2044Kb max_used=2044Kb free=117955Kb
 bounds [0x0000018a278c0000, 0x0000018a27b30000, 0x0000018a2edf0000]
CodeHeap 'profiled nmethods': size=120000Kb used=7320Kb max_used=7320Kb free=112679Kb
 bounds [0x0000018a1fdf0000, 0x0000018a20520000, 0x0000018a27320000]
CodeHeap 'non-nmethods': size=5760Kb used=1253Kb max_used=1357Kb free=4506Kb
 bounds [0x0000018a27320000, 0x0000018a27590000, 0x0000018a278c0000]
 total_blobs=4007 nmethods=3446 adapters=473
 compilation: enabled
              stopped_count=0, restarted_count=0
 full_count=0

Compilation events (20 events):
Event: 3.231 Thread 0x0000018a332d08c0 3440       1       java.util.stream.Collectors$CollectorImpl::characteristics (5 bytes)
Event: 3.231 Thread 0x0000018a332d08c0 nmethod 3440 0x0000018a27abdd10 code [0x0000018a27abdea0, 0x0000018a27abdf78]
Event: 3.231 Thread 0x0000018a332d08c0 3441       2       java.util.WeakHashMap::get (75 bytes)
Event: 3.232 Thread 0x0000018a332d08c0 nmethod 3441 0x0000018a2050db90 code [0x0000018a2050dd60, 0x0000018a2050e0b8]
Event: 3.232 Thread 0x0000018a332d08c0 3442       2       org.codehaus.groovy.util.LockableObject::lock (25 bytes)
Event: 3.232 Thread 0x0000018a332d08c0 nmethod 3442 0x0000018a2050e310 code [0x0000018a2050e4c0, 0x0000018a2050e6b8]
Event: 3.232 Thread 0x0000018a332d08c0 3443       2       org.codehaus.groovy.util.LockableObject::unlock (7 bytes)
Event: 3.232 Thread 0x0000018a332d08c0 nmethod 3443 0x0000018a2050e790 code [0x0000018a2050e940, 0x0000018a2050ead8]
Event: 3.232 Thread 0x0000018a332d08c0 3444       2       org.codehaus.groovy.reflection.CachedClass::getInterfaces (11 bytes)
Event: 3.233 Thread 0x0000018a332d08c0 nmethod 3444 0x0000018a2050eb90 code [0x0000018a2050ed40, 0x0000018a2050eec8]
Event: 3.233 Thread 0x0000018a332d08c0 3445       2       org.codehaus.groovy.util.ReferenceType$1::createReference (11 bytes)
Event: 3.233 Thread 0x0000018a332d08c0 nmethod 3445 0x0000018a2050ef90 code [0x0000018a2050f140, 0x0000018a2050f3f8]
Event: 3.233 Thread 0x0000018a332d08c0 3446       2       org.codehaus.groovy.util.ReferenceType$SoftRef::<init> (12 bytes)
Event: 3.233 Thread 0x0000018a332d08c0 nmethod 3446 0x0000018a2050f490 code [0x0000018a2050f620, 0x0000018a2050f878]
Event: 3.234 Thread 0x0000018a332d08c0 3447       2       java.util.LinkedList$ListItr::hasNext (20 bytes)
Event: 3.234 Thread 0x0000018a332d08c0 nmethod 3447 0x0000018a2050f910 code [0x0000018a2050faa0, 0x0000018a2050fbd8]
Event: 3.234 Thread 0x0000018a332d08c0 3448       2       java.util.stream.Sink$ChainedReference::<init> (16 bytes)
Event: 3.234 Thread 0x0000018a332d08c0 nmethod 3448 0x0000018a2050fc90 code [0x0000018a2050fe40, 0x0000018a205100c8]
Event: 3.234 Thread 0x0000018a332d08c0 3449       2       java.lang.PublicMethods$MethodList::getMostSpecific (63 bytes)
Event: 3.235 Thread 0x0000018a332d08c0 nmethod 3449 0x0000018a20510210 code [0x0000018a205103c0, 0x0000018a205105c8]

GC Heap History (8 events):
Event: 0.301 GC heap before
{Heap before GC invocations=0 (full 0):
 garbage-first heap   total 262144K, used 26624K [0x00000000e0000000, 0x0000000100000000)
  region size 1024K, 23 young (23552K), 0 survivors (0K)
 Metaspace       used 1132K, committed 1280K, reserved 393216K
  class space    used 76K, committed 128K, reserved 327680K
}
Event: 0.304 GC heap after
{Heap after GC invocations=1 (full 0):
 garbage-first heap   total 262144K, used 9690K [0x00000000e0000000, 0x0000000100000000)
  region size 1024K, 3 young (3072K), 3 survivors (3072K)
 Metaspace       used 1132K, committed 1280K, reserved 393216K
  class space    used 76K, committed 128K, reserved 327680K
}
Event: 0.715 GC heap before
{Heap before GC invocations=1 (full 0):
 garbage-first heap   total 262144K, used 39386K [0x00000000e0000000, 0x0000000100000000)
  region size 1024K, 32 young (32768K), 3 survivors (3072K)
 Metaspace       used 4305K, committed 4480K, reserved 393216K
  class space    used 538K, committed 640K, reserved 327680K
}
Event: 0.719 GC heap after
{Heap after GC invocations=2 (full 0):
 garbage-first heap   total 262144K, used 12168K [0x00000000e0000000, 0x0000000100000000)
  region size 1024K, 3 young (3072K), 3 survivors (3072K)
 Metaspace       used 4305K, committed 4480K, reserved 393216K
  class space    used 538K, committed 640K, reserved 327680K
}
Event: 1.086 GC heap before
{Heap before GC invocations=2 (full 0):
 garbage-first heap   total 262144K, used 58248K [0x00000000e0000000, 0x0000000100000000)
  region size 1024K, 46 young (47104K), 3 survivors (3072K)
 Metaspace       used 4779K, committed 4992K, reserved 393216K
  class space    used 617K, committed 704K, reserved 327680K
}
Event: 1.090 GC heap after
{Heap after GC invocations=3 (full 0):
 garbage-first heap   total 262144K, used 17562K [0x00000000e0000000, 0x0000000100000000)
  region size 1024K, 6 young (6144K), 6 survivors (6144K)
 Metaspace       used 4779K, committed 4992K, reserved 393216K
  class space    used 617K, committed 704K, reserved 327680K
}
Event: 2.517 GC heap before
{Heap before GC invocations=3 (full 0):
 garbage-first heap   total 262144K, used 124058K [0x00000000e0000000, 0x0000000100000000)
  region size 1024K, 111 young (113664K), 6 survivors (6144K)
 Metaspace       used 21198K, committed 21504K, reserved 393216K
  class space    used 3115K, committed 3264K, reserved 327680K
}
Event: 2.525 GC heap after
{Heap after GC invocations=4 (full 0):
 garbage-first heap   total 262144K, used 24478K [0x00000000e0000000, 0x0000000100000000)
  region size 1024K, 13 young (13312K), 13 survivors (13312K)
 Metaspace       used 21198K, committed 21504K, reserved 393216K
  class space    used 3115K, committed 3264K, reserved 327680K
}

Dll operation events (15 events):
Event: 0.005 Loaded shared library C:\Users\Qifei Wang\.gradle\jdks\jdk-17.0.10+7\bin\java.dll
Event: 0.018 Loaded shared library C:\Users\Qifei Wang\.gradle\jdks\jdk-17.0.10+7\bin\jsvml.dll
Event: 0.061 Loaded shared library C:\Users\Qifei Wang\.gradle\jdks\jdk-17.0.10+7\bin\zip.dll
Event: 0.063 Loaded shared library C:\Users\Qifei Wang\.gradle\jdks\jdk-17.0.10+7\bin\instrument.dll
Event: 0.067 Loaded shared library C:\Users\Qifei Wang\.gradle\jdks\jdk-17.0.10+7\bin\net.dll
Event: 0.069 Loaded shared library C:\Users\Qifei Wang\.gradle\jdks\jdk-17.0.10+7\bin\nio.dll
Event: 0.071 Loaded shared library C:\Users\Qifei Wang\.gradle\jdks\jdk-17.0.10+7\bin\zip.dll
Event: 0.228 Loaded shared library C:\Users\Qifei Wang\.gradle\jdks\jdk-17.0.10+7\bin\jimage.dll
Event: 0.320 Loaded shared library C:\Users\Qifei Wang\.gradle\jdks\jdk-17.0.10+7\bin\verify.dll
Event: 0.426 Loaded shared library C:\Users\Qifei Wang\.gradle\native\c067742578af261105cb4f569cf0c3c89f3d7b1fecec35dd04571415982c5e48\windows-amd64\native-platform.dll
Event: 0.430 Loaded shared library C:\Users\Qifei Wang\.gradle\native\100fb08df4bc3b14c8652ba06237920a3bd2aa13389f12d3474272988ae205f9\windows-amd64\native-platform-file-events.dll
Event: 1.197 Loaded shared library C:\Users\Qifei Wang\.gradle\jdks\jdk-17.0.10+7\bin\management.dll
Event: 1.199 Loaded shared library C:\Users\Qifei Wang\.gradle\jdks\jdk-17.0.10+7\bin\management_ext.dll
Event: 1.323 Loaded shared library C:\Users\Qifei Wang\.gradle\jdks\jdk-17.0.10+7\bin\extnet.dll
Event: 1.448 Loaded shared library C:\Users\Qifei Wang\.gradle\jdks\jdk-17.0.10+7\bin\sunmscapi.dll

Deoptimization events (20 events):
Event: 3.166 Thread 0x0000018a4e4c8840 Uncommon trap: trap_request=0xffffffc6 fr.pc=0x0000018a27aaf4b4 relative=0x0000000000000894
Event: 3.166 Thread 0x0000018a4e4c8840 Uncommon trap: reason=bimorphic_or_optimized_type_check action=maybe_recompile pc=0x0000018a27aaf4b4 method=java.io.BufferedInputStream.read([BII)I @ 101 c2
Event: 3.166 Thread 0x0000018a4e4c8840 DEOPT PACKING pc=0x0000018a27aaf4b4 sp=0x000000724d8f7e50
Event: 3.166 Thread 0x0000018a4e4c8840 DEOPT UNPACKING pc=0x0000018a273769a3 sp=0x000000724d8f7e08 mode 2
Event: 3.166 Thread 0x0000018a4e4c8840 Uncommon trap: trap_request=0xffffffc6 fr.pc=0x0000018a27aaf4b4 relative=0x0000000000000894
Event: 3.166 Thread 0x0000018a4e4c8840 Uncommon trap: reason=bimorphic_or_optimized_type_check action=maybe_recompile pc=0x0000018a27aaf4b4 method=java.io.BufferedInputStream.read([BII)I @ 101 c2
Event: 3.166 Thread 0x0000018a4e4c8840 DEOPT PACKING pc=0x0000018a27aaf4b4 sp=0x000000724d8f7e50
Event: 3.166 Thread 0x0000018a4e4c8840 DEOPT UNPACKING pc=0x0000018a273769a3 sp=0x000000724d8f7e08 mode 2
Event: 3.166 Thread 0x0000018a4e4c8840 Uncommon trap: trap_request=0xffffffc6 fr.pc=0x0000018a27aaf4b4 relative=0x0000000000000894
Event: 3.166 Thread 0x0000018a4e4c8840 Uncommon trap: reason=bimorphic_or_optimized_type_check action=maybe_recompile pc=0x0000018a27aaf4b4 method=java.io.BufferedInputStream.read([BII)I @ 101 c2
Event: 3.166 Thread 0x0000018a4e4c8840 DEOPT PACKING pc=0x0000018a27aaf4b4 sp=0x000000724d8f7e50
Event: 3.166 Thread 0x0000018a4e4c8840 DEOPT UNPACKING pc=0x0000018a273769a3 sp=0x000000724d8f7e08 mode 2
Event: 3.167 Thread 0x0000018a4e4c8840 Uncommon trap: trap_request=0xffffffc6 fr.pc=0x0000018a27aaf4b4 relative=0x0000000000000894
Event: 3.167 Thread 0x0000018a4e4c8840 Uncommon trap: reason=bimorphic_or_optimized_type_check action=maybe_recompile pc=0x0000018a27aaf4b4 method=java.io.BufferedInputStream.read([BII)I @ 101 c2
Event: 3.167 Thread 0x0000018a4e4c8840 DEOPT PACKING pc=0x0000018a27aaf4b4 sp=0x000000724d8f7e50
Event: 3.167 Thread 0x0000018a4e4c8840 DEOPT UNPACKING pc=0x0000018a273769a3 sp=0x000000724d8f7e08 mode 2
Event: 3.185 Thread 0x0000018a4e4c8840 Uncommon trap: trap_request=0xffffff45 fr.pc=0x0000018a27a3bbfc relative=0x000000000000059c
Event: 3.185 Thread 0x0000018a4e4c8840 Uncommon trap: reason=unstable_if action=reinterpret pc=0x0000018a27a3bbfc method=jdk.internal.org.objectweb.asm.MethodWriter.visitVarInsn(II)V @ 108 c2
Event: 3.185 Thread 0x0000018a4e4c8840 DEOPT PACKING pc=0x0000018a27a3bbfc sp=0x000000724d8f0f80
Event: 3.185 Thread 0x0000018a4e4c8840 DEOPT UNPACKING pc=0x0000018a273769a3 sp=0x000000724d8f0f48 mode 2

Classes unloaded (0 events):
No events

Classes redefined (0 events):
No events

Internal exceptions (20 events):
Event: 2.719 Thread 0x0000018a4e4c8840 Exception <a 'java/lang/NoSuchMethodError'{0x00000000eed12b18}: 'java.lang.Object java.lang.invoke.Invokers$Holder.linkToTargetMethod(java.lang.Object, java.lang.Object, java.lang.Object, java.lang.Object, java.lang.Object, java.lang.Object, java.lang.Object, java.lang.Object, java.lang.Object, java.lang.Object)'> (0x00000000eed12b18) 
thrown [s\src\hotspot\share\interpreter\linkResolver.cpp, line 759]
Event: 2.778 Thread 0x0000018a4e4c8840 Implicit null exception at 0x0000018a27924e0a to 0x0000018a27925348
Event: 2.891 Thread 0x0000018a4e4c8840 Exception <a 'java/lang/NoSuchMethodError'{0x00000000edf59b18}: 'void java.lang.invoke.DirectMethodHandle$Holder.invokeStaticInit(java.lang.Object, java.lang.Object, java.lang.Object, java.lang.Object)'> (0x00000000edf59b18) 
thrown [s\src\hotspot\share\interpreter\linkResolver.cpp, line 759]
Event: 2.915 Thread 0x0000018a4e4c8840 Exception <a 'java/lang/NoSuchMethodError'{0x00000000edd492c0}: 'java.lang.Object java.lang.invoke.DirectMethodHandle$Holder.invokeStaticInit(java.lang.Object, java.lang.Object, java.lang.Object)'> (0x00000000edd492c0) 
thrown [s\src\hotspot\share\interpreter\linkResolver.cpp, line 759]
Event: 2.932 Thread 0x0000018a4e4c8840 Exception <a 'java/lang/NoSuchMethodError'{0x00000000edc98ba0}: 'java.lang.Object java.lang.invoke.DirectMethodHandle$Holder.newInvokeSpecial(java.lang.Object, java.lang.Object, java.lang.Object, java.lang.Object, java.lang.Object, java.lang.Object, java.lang.Object, java.lang.Object, java.lang.Object, java.lang.Object, java.lang.Object)'> (0x00000000edc98ba0) 
thrown [s\src\hotspot\share\interpreter\linkResolver.cpp, line 759]
Event: 2.933 Thread 0x0000018a4e4c8840 Exception <a 'java/lang/NoSuchMethodError'{0x00000000edc9e6d8}: 'java.lang.Object java.lang.invoke.DirectMethodHandle$Holder.invokeSpecial(java.lang.Object, java.lang.Object, java.lang.Object, java.lang.Object, java.lang.Object, java.lang.Object, java.lang.Object, java.lang.Object, java.lang.Object, java.lang.Object, java.lang.Object, java.lang.Object)'> (0x00000000edc9e6d8) 
thrown [s\src\hotspot\share\interpreter\linkResolver.cpp, line 759]
Event: 2.933 Thread 0x0000018a4e4c8840 Exception <a 'java/lang/NoSuchMethodError'{0x00000000edca3d70}: 'java.lang.Object java.lang.invoke.Invokers$Holder.linkToTargetMethod(java.lang.Object, java.lang.Object, java.lang.Object, java.lang.Object, java.lang.Object, java.lang.Object, java.lang.Object, java.lang.Object, java.lang.Object, java.lang.Object, java.lang.Object)'> (0x00000000edca3d70) 
thrown [s\src\hotspot\share\interpreter\linkResolver.cpp, line 759]
Event: 3.003 Thread 0x0000018a4e4c8840 Exception <a 'java/lang/IncompatibleClassChangeError'{0x00000000ed56c578}: Found class java.lang.Object, but interface was expected> (0x00000000ed56c578) 
thrown [s\src\hotspot\share\interpreter\linkResolver.cpp, line 826]
Event: 3.014 Thread 0x0000018a4e4c8840 Exception <a 'java/lang/NoSuchMethodError'{0x00000000ed4765a0}: 'java.lang.Object java.lang.invoke.DirectMethodHandle$Holder.newInvokeSpecial(java.lang.Object, java.lang.Object, long)'> (0x00000000ed4765a0) 
thrown [s\src\hotspot\share\interpreter\linkResolver.cpp, line 759]
Event: 3.014 Thread 0x0000018a4e4c8840 Exception <a 'java/lang/NoSuchMethodError'{0x00000000ed47abb0}: 'java.lang.Object java.lang.invoke.Invokers$Holder.linkToTargetMethod(java.lang.Object, long, java.lang.Object)'> (0x00000000ed47abb0) 
thrown [s\src\hotspot\share\interpreter\linkResolver.cpp, line 759]
Event: 3.033 Thread 0x0000018a4e4c8840 Exception <a 'java/lang/NoSuchMethodError'{0x00000000ed2d1870}: 'int java.lang.invoke.DirectMethodHandle$Holder.invokeInterface(java.lang.Object, java.lang.Object)'> (0x00000000ed2d1870) 
thrown [s\src\hotspot\share\interpreter\linkResolver.cpp, line 759]
Event: 3.037 Thread 0x0000018a4e4c8840 Exception <a 'java/lang/NoSuchMethodError'{0x00000000ed13c088}: 'java.lang.Object java.lang.invoke.DirectMethodHandle$Holder.invokeVirtual(java.lang.Object, java.lang.Object, int)'> (0x00000000ed13c088) 
thrown [s\src\hotspot\share\interpreter\linkResolver.cpp, line 759]
Event: 3.048 Thread 0x0000018a4e4c8840 Exception <a 'java/lang/NoSuchMethodError'{0x00000000ed00a3a8}: 'java.lang.Object java.lang.invoke.DirectMethodHandle$Holder.invokeStatic(java.lang.Object, java.lang.Object, int, java.lang.Object)'> (0x00000000ed00a3a8) 
thrown [s\src\hotspot\share\interpreter\linkResolver.cpp, line 759]
Event: 3.049 Thread 0x0000018a4e4c8840 Exception <a 'java/lang/NoSuchMethodError'{0x00000000ed012328}: 'java.lang.Object java.lang.invoke.DirectMethodHandle$Holder.newInvokeSpecial(java.lang.Object, java.lang.Object, int, java.lang.Object)'> (0x00000000ed012328) 
thrown [s\src\hotspot\share\interpreter\linkResolver.cpp, line 759]
Event: 3.049 Thread 0x0000018a4e4c8840 Exception <a 'java/lang/NoSuchMethodError'{0x00000000ed016d08}: 'java.lang.Object java.lang.invoke.DirectMethodHandle$Holder.invokeSpecial(java.lang.Object, java.lang.Object, java.lang.Object, int, java.lang.Object)'> (0x00000000ed016d08) 
thrown [s\src\hotspot\share\interpreter\linkResolver.cpp, line 759]
Event: 3.109 Thread 0x0000018a4e4c8840 Exception <a 'java/lang/NoSuchMethodError'{0x00000000ecc1c5c8}: 'java.lang.Object java.lang.invoke.DirectMethodHandle$Holder.invokeSpecial(java.lang.Object, java.lang.Object, java.lang.Object, int, java.lang.Object, java.lang.Object)'> (0x00000000ecc1c5c8) 
thrown [s\src\hotspot\share\interpreter\linkResolver.cpp, line 759]
Event: 3.185 Thread 0x0000018a4e4c8840 Implicit null exception at 0x0000018a27a3b76a to 0x0000018a27a3bbf0
Event: 3.206 Thread 0x0000018a4e4c8840 Exception <a 'java/lang/NoSuchMethodError'{0x00000000ec578ee8}: 'void java.lang.invoke.DirectMethodHandle$Holder.invokeStaticInit(java.lang.Object, java.lang.Object, java.lang.Object)'> (0x00000000ec578ee8) 
thrown [s\src\hotspot\share\interpreter\linkResolver.cpp, line 759]
Event: 3.209 Thread 0x0000018a4e4c8840 Exception <a 'java/lang/NoSuchMethodError'{0x00000000ec59e3b0}: 'void java.lang.invoke.DirectMethodHandle$Holder.invokeStaticInit(java.lang.Object, java.lang.Object, java.lang.Object, java.lang.Object, java.lang.Object)'> (0x00000000ec59e3b0) 
thrown [s\src\hotspot\share\interpreter\linkResolver.cpp, line 759]
Event: 3.217 Thread 0x0000018a4e4c8840 Exception <a 'java/lang/NoSuchMethodError'{0x00000000ec5f9f50}: 'int java.lang.invoke.DirectMethodHandle$Holder.invokeStaticInit(java.lang.Object, java.lang.Object, java.lang.Object, java.lang.Object)'> (0x00000000ec5f9f50) 
thrown [s\src\hotspot\share\interpreter\linkResolver.cpp, line 759]

VM Operations (20 events):
Event: 2.531 Executing VM operation: G1PauseCleanup
Event: 2.531 Executing VM operation: G1PauseCleanup done
Event: 2.585 Executing VM operation: HandshakeAllThreads
Event: 2.585 Executing VM operation: HandshakeAllThreads done
Event: 2.780 Executing VM operation: HandshakeAllThreads
Event: 2.780 Executing VM operation: HandshakeAllThreads done
Event: 2.903 Executing VM operation: HandshakeAllThreads
Event: 2.903 Executing VM operation: HandshakeAllThreads done
Event: 3.005 Executing VM operation: HandshakeAllThreads
Event: 3.005 Executing VM operation: HandshakeAllThreads done
Event: 3.016 Executing VM operation: HandshakeAllThreads
Event: 3.016 Executing VM operation: HandshakeAllThreads done
Event: 3.086 Executing VM operation: HandshakeAllThreads
Event: 3.086 Executing VM operation: HandshakeAllThreads done
Event: 3.086 Executing VM operation: HandshakeAllThreads
Event: 3.086 Executing VM operation: HandshakeAllThreads done
Event: 3.140 Executing VM operation: ICBufferFull
Event: 3.140 Executing VM operation: ICBufferFull done
Event: 3.179 Executing VM operation: HandshakeAllThreads
Event: 3.179 Executing VM operation: HandshakeAllThreads done

Events (20 events):
Event: 3.160 loading class java/util/BitSet
Event: 3.160 loading class java/util/BitSet done
Event: 3.163 loading class java/util/TimerTask
Event: 3.164 loading class java/util/TimerTask done
Event: 3.164 loading class java/util/Timer
Event: 3.164 loading class java/util/Timer done
Event: 3.179 loading class java/security/AccessControlException
Event: 3.179 loading class java/security/AccessControlException done
Event: 3.198 loading class java/lang/reflect/GenericSignatureFormatError
Event: 3.198 loading class java/lang/ClassFormatError
Event: 3.198 loading class java/lang/ClassFormatError done
Event: 3.198 loading class java/lang/reflect/GenericSignatureFormatError done
Event: 3.198 loading class java/lang/reflect/MalformedParameterizedTypeException
Event: 3.198 loading class java/lang/reflect/MalformedParameterizedTypeException done
Event: 3.204 loading class java/lang/IllegalCallerException
Event: 3.204 loading class java/lang/IllegalCallerException done
Event: 3.232 loading class java/lang/ProcessHandle$Info
Event: 3.232 loading class java/lang/ProcessHandle$Info done
Event: 3.232 loading class java/lang/ProcessHandle
Event: 3.232 loading class java/lang/ProcessHandle done


Dynamic libraries:
0x00007ff7f80e0000 - 0x00007ff7f80ee000 	C:\Users\Qifei Wang\.gradle\jdks\jdk-17.0.10+7\bin\java.exe
0x00007ffe15fb0000 - 0x00007ffe161c7000 	C:\WINDOWS\SYSTEM32\ntdll.dll
0x00007ffe14070000 - 0x00007ffe14134000 	C:\WINDOWS\System32\KERNEL32.DLL
0x00007ffe13750000 - 0x00007ffe13afd000 	C:\WINDOWS\System32\KERNELBASE.dll
0x00007ffe13490000 - 0x00007ffe135a1000 	C:\WINDOWS\System32\ucrtbase.dll
0x00007ffe04120000 - 0x00007ffe0413b000 	C:\Users\Qifei Wang\.gradle\jdks\jdk-17.0.10+7\bin\VCRUNTIME140.dll
0x00007ffe07f20000 - 0x00007ffe07f37000 	C:\Users\Qifei Wang\.gradle\jdks\jdk-17.0.10+7\bin\jli.dll
0x00007ffe13db0000 - 0x00007ffe13f5e000 	C:\WINDOWS\System32\USER32.dll
0x00007ffe133c0000 - 0x00007ffe133e6000 	C:\WINDOWS\System32\win32u.dll
0x00007ffdf6d60000 - 0x00007ffdf6ff3000 	C:\WINDOWS\WinSxS\amd64_microsoft.windows.common-controls_6595b64144ccf1df_6.0.22621.3672_none_2713b9d173822955\COMCTL32.dll
0x00007ffe15f40000 - 0x00007ffe15f69000 	C:\WINDOWS\System32\GDI32.dll
0x00007ffe13b00000 - 0x00007ffe13c19000 	C:\WINDOWS\System32\gdi32full.dll
0x00007ffe133f0000 - 0x00007ffe1348a000 	C:\WINDOWS\System32\msvcp_win.dll
0x00007ffe14b60000 - 0x00007ffe14c07000 	C:\WINDOWS\System32\msvcrt.dll
0x00007ffe15910000 - 0x00007ffe15941000 	C:\WINDOWS\System32\IMM32.DLL
0x00007ffe0edd0000 - 0x00007ffe0eddc000 	C:\Users\Qifei Wang\.gradle\jdks\jdk-17.0.10+7\bin\vcruntime140_1.dll
0x00007ffde7c90000 - 0x00007ffde7d1d000 	C:\Users\Qifei Wang\.gradle\jdks\jdk-17.0.10+7\bin\msvcp140.dll
0x00007ffd8c8e0000 - 0x00007ffd8d542000 	C:\Users\Qifei Wang\.gradle\jdks\jdk-17.0.10+7\bin\server\jvm.dll
0x00007ffe13cf0000 - 0x00007ffe13da2000 	C:\WINDOWS\System32\ADVAPI32.dll
0x00007ffe15cd0000 - 0x00007ffe15d79000 	C:\WINDOWS\System32\sechost.dll
0x00007ffe13720000 - 0x00007ffe13748000 	C:\WINDOWS\System32\bcrypt.dll
0x00007ffe15950000 - 0x00007ffe15a64000 	C:\WINDOWS\System32\RPCRT4.dll
0x00007ffe12b50000 - 0x00007ffe12b9d000 	C:\WINDOWS\SYSTEM32\POWRPROF.dll
0x00007ffe0b5d0000 - 0x00007ffe0b5d9000 	C:\WINDOWS\SYSTEM32\WSOCK32.dll
0x00007ffe0fa80000 - 0x00007ffe0fab4000 	C:\WINDOWS\SYSTEM32\WINMM.dll
0x00007ffe15d80000 - 0x00007ffe15df1000 	C:\WINDOWS\System32\WS2_32.dll
0x00007ffe0ce10000 - 0x00007ffe0ce1a000 	C:\WINDOWS\SYSTEM32\VERSION.dll
0x00007ffe12b30000 - 0x00007ffe12b43000 	C:\WINDOWS\SYSTEM32\UMPDC.dll
0x00007ffe12320000 - 0x00007ffe12338000 	C:\WINDOWS\SYSTEM32\kernel.appcore.dll
0x00007ffe0c5e0000 - 0x00007ffe0c5ea000 	C:\Users\Qifei Wang\.gradle\jdks\jdk-17.0.10+7\bin\jimage.dll
0x00007ffe107c0000 - 0x00007ffe109f2000 	C:\WINDOWS\SYSTEM32\DBGHELP.DLL
0x00007ffe154e0000 - 0x00007ffe1586e000 	C:\WINDOWS\System32\combase.dll
0x00007ffe15e00000 - 0x00007ffe15ed7000 	C:\WINDOWS\System32\OLEAUT32.dll
0x00007ffe097d0000 - 0x00007ffe09802000 	C:\WINDOWS\SYSTEM32\dbgcore.DLL
0x00007ffe13340000 - 0x00007ffe133bb000 	C:\WINDOWS\System32\bcryptPrimitives.dll
0x00007ffe08e40000 - 0x00007ffe08e4e000 	C:\Users\Qifei Wang\.gradle\jdks\jdk-17.0.10+7\bin\instrument.dll
0x00007ffdff5c0000 - 0x00007ffdff5e5000 	C:\Users\Qifei Wang\.gradle\jdks\jdk-17.0.10+7\bin\java.dll
0x00007ffdddc30000 - 0x00007ffdddd07000 	C:\Users\Qifei Wang\.gradle\jdks\jdk-17.0.10+7\bin\jsvml.dll
0x00007ffe14c10000 - 0x00007ffe15477000 	C:\WINDOWS\System32\SHELL32.dll
0x00007ffe11250000 - 0x00007ffe11b4f000 	C:\WINDOWS\SYSTEM32\windows.storage.dll
0x00007ffe11110000 - 0x00007ffe1124f000 	C:\WINDOWS\SYSTEM32\wintypes.dll
0x00007ffe14850000 - 0x00007ffe14949000 	C:\WINDOWS\System32\SHCORE.dll
0x00007ffe15ee0000 - 0x00007ffe15f3e000 	C:\WINDOWS\System32\shlwapi.dll
0x00007ffe13200000 - 0x00007ffe13227000 	C:\WINDOWS\SYSTEM32\profapi.dll
0x00007ffe04100000 - 0x00007ffe04118000 	C:\Users\Qifei Wang\.gradle\jdks\jdk-17.0.10+7\bin\zip.dll
0x00007ffe03720000 - 0x00007ffe03739000 	C:\Users\Qifei Wang\.gradle\jdks\jdk-17.0.10+7\bin\net.dll
0x00007ffe0caa0000 - 0x00007ffe0cbd6000 	C:\WINDOWS\SYSTEM32\WINHTTP.dll
0x00007ffe12800000 - 0x00007ffe12869000 	C:\WINDOWS\system32\mswsock.dll
0x00007ffe03470000 - 0x00007ffe03486000 	C:\Users\Qifei Wang\.gradle\jdks\jdk-17.0.10+7\bin\nio.dll
0x00007ffe08ce0000 - 0x00007ffe08cf0000 	C:\Users\Qifei Wang\.gradle\jdks\jdk-17.0.10+7\bin\verify.dll
0x00007ffe036d0000 - 0x00007ffe036f7000 	C:\Users\Qifei Wang\.gradle\native\c067742578af261105cb4f569cf0c3c89f3d7b1fecec35dd04571415982c5e48\windows-amd64\native-platform.dll
0x00007ffddd960000 - 0x00007ffdddaa4000 	C:\Users\Qifei Wang\.gradle\native\100fb08df4bc3b14c8652ba06237920a3bd2aa13389f12d3474272988ae205f9\windows-amd64\native-platform-file-events.dll
0x00007ffe08040000 - 0x00007ffe08049000 	C:\Users\Qifei Wang\.gradle\jdks\jdk-17.0.10+7\bin\management.dll
0x00007ffe07fc0000 - 0x00007ffe07fcb000 	C:\Users\Qifei Wang\.gradle\jdks\jdk-17.0.10+7\bin\management_ext.dll
0x00007ffe15900000 - 0x00007ffe15908000 	C:\WINDOWS\System32\PSAPI.DLL
0x00007ffe12a50000 - 0x00007ffe12a6b000 	C:\WINDOWS\SYSTEM32\CRYPTSP.dll
0x00007ffe12280000 - 0x00007ffe122b5000 	C:\WINDOWS\system32\rsaenh.dll
0x00007ffe128f0000 - 0x00007ffe12918000 	C:\WINDOWS\SYSTEM32\USERENV.dll
0x00007ffe12a70000 - 0x00007ffe12a7c000 	C:\WINDOWS\SYSTEM32\CRYPTBASE.dll
0x00007ffe11db0000 - 0x00007ffe11ddd000 	C:\WINDOWS\SYSTEM32\IPHLPAPI.DLL
0x00007ffe14840000 - 0x00007ffe14849000 	C:\WINDOWS\System32\NSI.dll
0x00007ffe0ce20000 - 0x00007ffe0ce39000 	C:\WINDOWS\SYSTEM32\dhcpcsvc6.DLL
0x00007ffe0cc80000 - 0x00007ffe0cc9f000 	C:\WINDOWS\SYSTEM32\dhcpcsvc.DLL
0x00007ffe11e20000 - 0x00007ffe11f18000 	C:\WINDOWS\SYSTEM32\DNSAPI.dll
0x00007ffe07f10000 - 0x00007ffe07f19000 	C:\Users\Qifei Wang\.gradle\jdks\jdk-17.0.10+7\bin\extnet.dll
0x00007ffe03610000 - 0x00007ffe0361e000 	C:\Users\Qifei Wang\.gradle\jdks\jdk-17.0.10+7\bin\sunmscapi.dll
0x00007ffe135b0000 - 0x00007ffe13716000 	C:\WINDOWS\System32\CRYPT32.dll
0x00007ffe12c90000 - 0x00007ffe12cbe000 	C:\WINDOWS\SYSTEM32\ncrypt.dll
0x00007ffe12c50000 - 0x00007ffe12c87000 	C:\WINDOWS\SYSTEM32\NTASN1.dll
0x00007ffdae7e0000 - 0x00007ffdae7e8000 	C:\WINDOWS\system32\wshunix.dll

dbghelp: loaded successfully - version: 4.0.5 - missing functions: none
symbol engine: initialized successfully - sym options: 0x614 - pdb path: .;C:\Users\Qifei Wang\.gradle\jdks\jdk-17.0.10+7\bin;C:\WINDOWS\SYSTEM32;C:\WINDOWS\WinSxS\amd64_microsoft.windows.common-controls_6595b64144ccf1df_6.0.22621.3672_none_2713b9d173822955;C:\Users\Qifei Wang\.gradle\jdks\jdk-17.0.10+7\bin\server;C:\Users\Qifei Wang\.gradle\native\c067742578af261105cb4f569cf0c3c89f3d7b1fecec35dd04571415982c5e48\windows-amd64;C:\Users\Qifei Wang\.gradle\native\100fb08df4bc3b14c8652ba06237920a3bd2aa13389f12d3474272988ae205f9\windows-amd64

VM Arguments:
jvm_args: --add-opens=java.base/java.util=ALL-UNNAMED --add-opens=java.base/java.lang=ALL-UNNAMED --add-opens=java.base/java.lang.invoke=ALL-UNNAMED --add-opens=java.prefs/java.util.prefs=ALL-UNNAMED --add-exports=jdk.compiler/com.sun.tools.javac.api=ALL-UNNAMED --add-exports=jdk.compiler/com.sun.tools.javac.util=ALL-UNNAMED --add-opens=java.base/java.nio.charset=ALL-UNNAMED --add-opens=java.base/java.net=ALL-UNNAMED --add-opens=java.base/java.util.concurrent.atomic=ALL-UNNAMED -XX:MaxMetaspaceSize=384m -XX:+HeapDumpOnOutOfMemoryError -Xms256m -Xmx512m -Dfile.encoding=GBK -Duser.country=CN -Duser.language=zh -Duser.variant -javaagent:C:\Users\Qifei Wang\.gradle\wrapper\dists\gradle-8.9-bin\90cnw93cvbtalezasaz0blq0a\gradle-8.9\lib\agents\gradle-instrumentation-agent-8.9.jar 
java_command: org.gradle.launcher.daemon.bootstrap.GradleDaemon 8.9
java_class_path (initial): C:\Users\Qifei Wang\.gradle\wrapper\dists\gradle-8.9-bin\90cnw93cvbtalezasaz0blq0a\gradle-8.9\lib\gradle-daemon-main-8.9.jar
Launcher Type: SUN_STANDARD

[Global flags]
     intx CICompilerCount                          = 4                                         {product} {ergonomic}
   size_t CompressedClassSpaceSize                 = 335544320                                 {product} {ergonomic}
     uint ConcGCThreads                            = 3                                         {product} {ergonomic}
     uint G1ConcRefinementThreads                  = 10                                        {product} {ergonomic}
   size_t G1HeapRegionSize                         = 1048576                                   {product} {ergonomic}
    uintx GCDrainStackTargetSize                   = 64                                        {product} {ergonomic}
     bool HeapDumpOnOutOfMemoryError               = true                                   {manageable} {command line}
   size_t InitialHeapSize                          = 268435456                                 {product} {command line}
   size_t MarkStackSize                            = 4194304                                   {product} {ergonomic}
   size_t MaxHeapSize                              = 536870912                                 {product} {command line}
   size_t MaxMetaspaceSize                         = 402653184                                 {product} {command line}
   size_t MaxNewSize                               = 321912832                                 {product} {ergonomic}
   size_t MinHeapDeltaBytes                        = 1048576                                   {product} {ergonomic}
   size_t MinHeapSize                              = 268435456                                 {product} {command line}
    uintx NonNMethodCodeHeapSize                   = 5839372                                {pd product} {ergonomic}
    uintx NonProfiledCodeHeapSize                  = 122909434                              {pd product} {ergonomic}
    uintx ProfiledCodeHeapSize                     = 122909434                              {pd product} {ergonomic}
    uintx ReservedCodeCacheSize                    = 251658240                              {pd product} {ergonomic}
     bool SegmentedCodeCache                       = true                                      {product} {ergonomic}
   size_t SoftMaxHeapSize                          = 536870912                              {manageable} {ergonomic}
     bool UseCompressedClassPointers               = true                           {product lp64_product} {ergonomic}
     bool UseCompressedOops                        = true                           {product lp64_product} {ergonomic}
     bool UseG1GC                                  = true                                      {product} {ergonomic}
     bool UseLargePagesIndividualAllocation        = false                                  {pd product} {ergonomic}

Logging:
Log output configuration:
 #0: stdout all=warning uptime,level,tags
 #1: stderr all=off uptime,level,tags

Environment Variables:
JAVA_HOME=C:\Program Files\Java\jre-1.8
PATH=C:\Program Files\Common Files\Oracle\Java\javapath;C:\WINDOWS\system32;C:\WINDOWS;C:\WINDOWS\System32\Wbem;C:\WINDOWS\System32\WindowsPowerShell\v1.0\;C:\WINDOWS\System32\OpenSSH\;C:\Program Files\PuTTY\;C:\Program Files\Java\jre-1.8\bin;C:\Program Files\Java\jdk-21\bin;C:\Program Files\Git\cmd;C:\Users\Qifei Wang\AppData\Local\Programs\Python\Launcher\;C:\Users\Qifei Wang\AppData\Local\Microsoft\WindowsApps;C:\Users\Qifei Wang\AppData\Local\Programs\Microsoft VS Code\bin;C:\Users\Qifei Wang\AppData\Local\Programs\MiKTeX\miktex\bin\x64\
USERNAME=Qifei Wang
OS=Windows_NT
PROCESSOR_IDENTIFIER=AMD64 Family 23 Model 96 Stepping 1, AuthenticAMD
TMP=C:\Users\QIFEIW~1\AppData\Local\Temp
TEMP=C:\Users\QIFEIW~1\AppData\Local\Temp



Periodic native trim disabled


---------------  S Y S T E M  ---------------

OS:
 Windows 11 , 64 bit Build 22621 (10.0.22621.3958)
OS uptime: 4 days 5:58 hours

CPU: total 12 (initial active 12) (12 cores per cpu, 2 threads per core) family 23 model 96 stepping 1 microcode 0x0, cx8, cmov, fxsr, ht, mmx, 3dnowpref, sse, sse2, sse3, ssse3, sse4a, sse4.1, sse4.2, popcnt, lzcnt, tsc, tscinvbit, avx, avx2, aes, clmul, bmi1, bmi2, adx, sha, fma, vzeroupper, clflush, clflushopt
Processor Information for all 12 processors :
  Max Mhz: 3000, Current Mhz: 3000, Mhz Limit: 3000

Memory: 4k page, system-wide physical 15741M (1986M free)
TotalPageFile size 15741M (AvailPageFile size 5M)
current process WorkingSet (physical memory assigned to process): 300M, peak: 300M
current process commit charge ("private bytes"): 476M, peak: 477M

vm_info: OpenJDK 64-Bit Server VM (17.0.10+7) for windows-amd64 JRE (17.0.10+7), built on Jan 16 2024 23:25:11 by "admin" with MS VC++ 16.10 / 16.11 (VS2019)

END.
