#
# There is insufficient memory for the Java Runtime Environment to continue.
# Native memory allocation (mmap) failed to map 257949696 bytes for G1 virtual space
# Possible reasons:
#   The system is out of physical RAM or swap space
#   The process is running with CompressedOops enabled, and the Java Heap may be blocking the growth of the native heap
# Possible solutions:
#   Reduce memory load on the system
#   Increase physical memory or swap space
#   Check if swap backing store is full
#   Decrease Java heap size (-Xmx/-Xms)
#   Decrease number of Java threads
#   Decrease Java thread stack sizes (-Xss)
#   Set larger code cache with -XX:ReservedCodeCacheSize=
#   JVM is running with Zero Based Compressed Oops mode in which the Java heap is
#     placed in the first 32GB address space. The Java Heap base address is the
#     maximum limit for the native heap growth. Please use -XX:HeapBaseMinAddress
#     to set the Java Heap base and to place the Java Heap above 32GB virtual address.
# This output file may be truncated or incomplete.
#
#  Out of Memory Error (os_windows.cpp:3613), pid=24560, tid=13304
#
# JRE version:  (17.0.10+7) (build )
# Java VM: OpenJDK 64-Bit Server VM (17.0.10+7, mixed mode, sharing, tiered, compressed oops, compressed class ptrs, g1 gc, windows-amd64)
# No core dump will be written. Minidumps are not enabled by default on client versions of Windows
#

---------------  S U M M A R Y ------------

Command Line: -Dfile.encoding=GBK -Duser.country=CN -Duser.language=zh -Duser.variant Detective

Host: AMD Ryzen 5 4600H with Radeon Graphics         , 12 cores, 15G,  Windows 11 , 64 bit Build 22621 (10.0.22621.4391)
Time: Fri Oct 25 09:19:50 2024  Windows 11 , 64 bit Build 22621 (10.0.22621.4391) elapsed time: 0.010595 seconds (0d 0h 0m 0s)

---------------  T H R E A D  ---------------

Current thread (0x0000016ef9f78a40):  JavaThread "Unknown thread" [_thread_in_vm, id=13304, stack(0x00000039bfd00000,0x00000039bfe00000)]

Stack: [0x00000039bfd00000,0x00000039bfe00000]
Native frames: (J=compiled Java code, j=interpreted, Vv=VM code, C=native code)
V  [jvm.dll+0x67d2c9]
V  [jvm.dll+0x834afa]
V  [jvm.dll+0x8365be]
V  [jvm.dll+0x836c23]
V  [jvm.dll+0x2477ff]
V  [jvm.dll+0x67a109]
V  [jvm.dll+0x66eb7a]
V  [jvm.dll+0x30764b]
V  [jvm.dll+0x30eaf6]
V  [jvm.dll+0x35e83e]
V  [jvm.dll+0x35ea6f]
V  [jvm.dll+0x2de248]
V  [jvm.dll+0x2df1b4]
V  [jvm.dll+0x806361]
V  [jvm.dll+0x36c6f1]
V  [jvm.dll+0x7e4e06]
V  [jvm.dll+0x3eff3f]
V  [jvm.dll+0x3f1b71]
C  [jli.dll+0x528f]
C  [ucrtbase.dll+0x29333]
C  [KERNEL32.DLL+0x1259d]
C  [ntdll.dll+0x5af38]


---------------  P R O C E S S  ---------------

Threads class SMR info:
_java_thread_list=0x00007ffd1c10ee98, length=0, elements={
}

Java Threads: ( => current thread )

Other Threads:
  0x0000016ef9fe3180 GCTaskThread "GC Thread#0" [stack: 0x00000039bfe00000,0x00000039bff00000] [id=22628]
  0x0000016ef9ff46e0 ConcurrentGCThread "G1 Main Marker" [stack: 0x00000039bff00000,0x00000039c0000000] [id=23960]
  0x0000016ef9ff5100 ConcurrentGCThread "G1 Conc#0" [stack: 0x00000039c0000000,0x00000039c0100000] [id=23616]

[error occurred during error reporting (printing all threads), id 0xc0000005, EXCEPTION_ACCESS_VIOLATION (0xc0000005) at pc=0x00007ffd1b8cec87]

VM state: not at safepoint (not fully initialized)

VM Mutex/Monitor currently owned by a thread:  ([mutex/lock_event])
[0x0000016ef9f73e50] Heap_lock - owner thread: 0x0000016ef9f78a40

Heap address: 0x000000070a000000, size: 3936 MB, Compressed Oops mode: Zero based, Oop shift amount: 3

CDS archive(s) mapped at: [0x0000000000000000-0x0000000000000000-0x0000000000000000), size 0, SharedBaseAddress: 0x0000000800000000, ArchiveRelocationMode: 1.
Narrow klass base: 0x0000000000000000, Narrow klass shift: 0, Narrow klass range: 0x0

GC Precious Log:
<Empty>

Heap:
 garbage-first heap   total 0K, used 0K [0x000000070a000000, 0x0000000800000000)
  region size 2048K, 0 young (0K), 0 survivors (0K)

[error occurred during error reporting (printing heap information), id 0xc0000005, EXCEPTION_ACCESS_VIOLATION (0xc0000005) at pc=0x00007ffd1bcb6fb9]

GC Heap History (0 events):
No events

Dll operation events (1 events):
Event: 0.007 Loaded shared library C:\Users\Qifei Wang\.gradle\jdks\jdk-17.0.10+7\bin\java.dll

Deoptimization events (0 events):
No events

Classes unloaded (0 events):
No events

Classes redefined (0 events):
No events

Internal exceptions (0 events):
No events

VM Operations (0 events):
No events

Events (0 events):
No events


Dynamic libraries:
0x00007ff793190000 - 0x00007ff79319e000 	C:\Users\Qifei Wang\.gradle\jdks\jdk-17.0.10+7\bin\java.exe
0x00007ffddb7d0000 - 0x00007ffddb9e7000 	C:\WINDOWS\SYSTEM32\ntdll.dll
0x00007ffdda6e0000 - 0x00007ffdda7a4000 	C:\WINDOWS\System32\KERNEL32.DLL
0x00007ffdd8bf0000 - 0x00007ffdd8fa9000 	C:\WINDOWS\System32\KERNELBASE.dll
0x00007ffdd9230000 - 0x00007ffdd9341000 	C:\WINDOWS\System32\ucrtbase.dll
0x00007ffdd1e40000 - 0x00007ffdd1e5b000 	C:\Users\Qifei Wang\.gradle\jdks\jdk-17.0.10+7\bin\VCRUNTIME140.dll
0x00007ffdd21e0000 - 0x00007ffdd21f7000 	C:\Users\Qifei Wang\.gradle\jdks\jdk-17.0.10+7\bin\jli.dll
0x00007ffdda890000 - 0x00007ffddaa3e000 	C:\WINDOWS\System32\USER32.dll
0x00007ffdd9050000 - 0x00007ffdd9076000 	C:\WINDOWS\System32\win32u.dll
0x00007ffdbd5c0000 - 0x00007ffdbd852000 	C:\WINDOWS\WinSxS\amd64_microsoft.windows.common-controls_6595b64144ccf1df_6.0.22621.4391_none_2715d37f73803e96\COMCTL32.dll
0x00007ffdda860000 - 0x00007ffdda889000 	C:\WINDOWS\System32\GDI32.dll
0x00007ffdd9880000 - 0x00007ffdd9927000 	C:\WINDOWS\System32\msvcrt.dll
0x00007ffdd8ad0000 - 0x00007ffdd8beb000 	C:\WINDOWS\System32\gdi32full.dll
0x00007ffdd8fb0000 - 0x00007ffdd904a000 	C:\WINDOWS\System32\msvcp_win.dll
0x00007ffdda4d0000 - 0x00007ffdda501000 	C:\WINDOWS\System32\IMM32.DLL
0x00007ffdd23f0000 - 0x00007ffdd23fc000 	C:\Users\Qifei Wang\.gradle\jdks\jdk-17.0.10+7\bin\vcruntime140_1.dll
0x00007ffdb90d0000 - 0x00007ffdb915d000 	C:\Users\Qifei Wang\.gradle\jdks\jdk-17.0.10+7\bin\msvcp140.dll
0x00007ffd1b5e0000 - 0x00007ffd1c242000 	C:\Users\Qifei Wang\.gradle\jdks\jdk-17.0.10+7\bin\server\jvm.dll
0x00007ffdd9930000 - 0x00007ffdd99e2000 	C:\WINDOWS\System32\ADVAPI32.dll
0x00007ffdd9a00000 - 0x00007ffdd9aa7000 	C:\WINDOWS\System32\sechost.dll
0x00007ffdd9350000 - 0x00007ffdd9378000 	C:\WINDOWS\System32\bcrypt.dll
0x00007ffddad20000 - 0x00007ffddae34000 	C:\WINDOWS\System32\RPCRT4.dll
0x00007ffdd07e0000 - 0x00007ffdd07e9000 	C:\WINDOWS\SYSTEM32\WSOCK32.dll
0x00007ffdd83a0000 - 0x00007ffdd83ed000 	C:\WINDOWS\SYSTEM32\POWRPROF.dll
0x00007ffdda5a0000 - 0x00007ffdda611000 	C:\WINDOWS\System32\WS2_32.dll
0x00007ffdd25a0000 - 0x00007ffdd25aa000 	C:\WINDOWS\SYSTEM32\VERSION.dll
0x00007ffdd5210000 - 0x00007ffdd5244000 	C:\WINDOWS\SYSTEM32\WINMM.dll
0x00007ffdd8330000 - 0x00007ffdd8343000 	C:\WINDOWS\SYSTEM32\UMPDC.dll
0x00007ffdd7b10000 - 0x00007ffdd7b28000 	C:\WINDOWS\SYSTEM32\kernel.appcore.dll
0x00007ffdd1590000 - 0x00007ffdd159a000 	C:\Users\Qifei Wang\.gradle\jdks\jdk-17.0.10+7\bin\jimage.dll
0x00007ffdd5f70000 - 0x00007ffdd61a2000 	C:\WINDOWS\SYSTEM32\DBGHELP.DLL
0x00007ffdd94f0000 - 0x00007ffdd987f000 	C:\WINDOWS\System32\combase.dll
0x00007ffddafa0000 - 0x00007ffddb077000 	C:\WINDOWS\System32\OLEAUT32.dll
0x00007ffdcf2b0000 - 0x00007ffdcf2e2000 	C:\WINDOWS\SYSTEM32\dbgcore.DLL
0x00007ffdd91b0000 - 0x00007ffdd922b000 	C:\WINDOWS\System32\bcryptPrimitives.dll
0x00007ffdce6b0000 - 0x00007ffdce6d5000 	C:\Users\Qifei Wang\.gradle\jdks\jdk-17.0.10+7\bin\java.dll

dbghelp: loaded successfully - version: 4.0.5 - missing functions: none
symbol engine: initialized successfully - sym options: 0x614 - pdb path: .;C:\Users\Qifei Wang\.gradle\jdks\jdk-17.0.10+7\bin;C:\WINDOWS\SYSTEM32;C:\WINDOWS\WinSxS\amd64_microsoft.windows.common-controls_6595b64144ccf1df_6.0.22621.4391_none_2715d37f73803e96;C:\Users\Qifei Wang\.gradle\jdks\jdk-17.0.10+7\bin\server

VM Arguments:
jvm_args: -Dfile.encoding=GBK -Duser.country=CN -Duser.language=zh -Duser.variant 
java_command: Detective
java_class_path (initial): D:\UNH CS\CS515Fall\9L\build\classes\java\main;D:\UNH CS\CS515Fall\9L\build\resources\main;D:\UNH CS\CS515Fall\9L\libs\MysterySorts.jar;C:\Users\Qifei Wang\.gradle\caches\modules-2\files-2.1\org.apache.commons\commons-lang3\3.12.0\c6842c86792ff03b9f1d1fe2aab8dc23aa6c6f0e\commons-lang3-3.12.0.jar
Launcher Type: SUN_STANDARD

[Global flags]
     intx CICompilerCount                          = 4                                         {product} {ergonomic}
     uint ConcGCThreads                            = 3                                         {product} {ergonomic}
     uint G1ConcRefinementThreads                  = 10                                        {product} {ergonomic}
   size_t G1HeapRegionSize                         = 2097152                                   {product} {ergonomic}
    uintx GCDrainStackTargetSize                   = 64                                        {product} {ergonomic}
   size_t InitialHeapSize                          = 257949696                                 {product} {ergonomic}
   size_t MarkStackSize                            = 4194304                                   {product} {ergonomic}
   size_t MaxHeapSize                              = 4127195136                                {product} {ergonomic}
   size_t MinHeapDeltaBytes                        = 2097152                                   {product} {ergonomic}
   size_t MinHeapSize                              = 8388608                                   {product} {ergonomic}
    uintx NonNMethodCodeHeapSize                   = 5839372                                {pd product} {ergonomic}
    uintx NonProfiledCodeHeapSize                  = 122909434                              {pd product} {ergonomic}
    uintx ProfiledCodeHeapSize                     = 122909434                              {pd product} {ergonomic}
    uintx ReservedCodeCacheSize                    = 251658240                              {pd product} {ergonomic}
     bool SegmentedCodeCache                       = true                                      {product} {ergonomic}
   size_t SoftMaxHeapSize                          = 4127195136                             {manageable} {ergonomic}
     bool UseCompressedClassPointers               = true                           {product lp64_product} {ergonomic}
     bool UseCompressedOops                        = true                           {product lp64_product} {ergonomic}
     bool UseG1GC                                  = true                                      {product} {ergonomic}
     bool UseLargePagesIndividualAllocation        = false                                  {pd product} {ergonomic}

Logging:
Log output configuration:
 #0: stdout all=warning uptime,level,tags
 #1: stderr all=off uptime,level,tags

Environment Variables:
JAVA_HOME=C:\Program Files\Java\jre-1.8
PATH=C:\Program Files\Common Files\Oracle\Java\javapath;C:\WINDOWS\system32;C:\WINDOWS;C:\WINDOWS\System32\Wbem;C:\WINDOWS\System32\WindowsPowerShell\v1.0\;C:\WINDOWS\System32\OpenSSH\;C:\Program Files\PuTTY\;C:\Program Files\Java\jre-1.8\bin;C:\Program Files\Java\jdk-21\bin;C:\Program Files\Git\cmd;C:\Users\Qifei Wang\AppData\Local\Programs\Python\Launcher\;C:\Users\Qifei Wang\AppData\Local\Microsoft\WindowsApps;C:\Users\Qifei Wang\AppData\Local\Programs\Microsoft VS Code\bin;C:\Users\Qifei Wang\AppData\Local\Programs\MiKTeX\miktex\bin\x64\
USERNAME=Qifei Wang
OS=Windows_NT
PROCESSOR_IDENTIFIER=AMD64 Family 23 Model 96 Stepping 1, AuthenticAMD
TMP=C:\Users\QIFEIW~1\AppData\Local\Temp
TEMP=C:\Users\QIFEIW~1\AppData\Local\Temp



Periodic native trim disabled


---------------  S Y S T E M  ---------------

OS:
 Windows 11 , 64 bit Build 22621 (10.0.22621.4391)
OS uptime: 2 days 5:16 hours

CPU: total 12 (initial active 12) (12 cores per cpu, 2 threads per core) family 23 model 96 stepping 1 microcode 0x0, cx8, cmov, fxsr, ht, mmx, 3dnowpref, sse, sse2, sse3, ssse3, sse4a, sse4.1, sse4.2, popcnt, lzcnt, tsc, tscinvbit, avx, avx2, aes, clmul, bmi1, bmi2, adx, sha, fma, vzeroupper, clflush, clflushopt
Processor Information for all 12 processors :
  Max Mhz: 3000, Current Mhz: 3000, Mhz Limit: 3000

Memory: 4k page, system-wide physical 15741M (1617M free)
TotalPageFile size 15741M (AvailPageFile size 178M)
current process WorkingSet (physical memory assigned to process): 11M, peak: 11M
current process commit charge ("private bytes"): 64M, peak: 310M

vm_info: OpenJDK 64-Bit Server VM (17.0.10+7) for windows-amd64 JRE (17.0.10+7), built on Jan 16 2024 23:25:11 by "admin" with MS VC++ 16.10 / 16.11 (VS2019)

END.
