#
# There is insufficient memory for the Java Runtime Environment to continue.
# Native memory allocation (malloc) failed to allocate 32744 bytes for Chunk::new
# Possible reasons:
#   The system is out of physical RAM or swap space
#   The process is running with CompressedOops enabled, and the Java Heap may be blocking the growth of the native heap
# Possible solutions:
#   Reduce memory load on the system
#   Increase physical memory or swap space
#   Check if swap backing store is full
#   Decrease Java heap size (-Xmx/-Xms)
#   Decrease number of Java threads
#   Decrease Java thread stack sizes (-Xss)
#   Set larger code cache with -XX:ReservedCodeCacheSize=
#   JVM is running with Unscaled Compressed Oops mode in which the Java heap is
#     placed in the first 4GB address space. The Java Heap base address is the
#     maximum limit for the native heap growth. Please use -XX:HeapBaseMinAddress
#     to set the Java Heap base and to place the Java Heap above 4GB virtual address.
# This output file may be truncated or incomplete.
#
#  Out of Memory Error (arena.cpp:166), pid=27948, tid=27868
#
# JRE version: OpenJDK Runtime Environment (21.0+35) (build 21+35-2513)
# Java VM: OpenJDK 64-Bit Server VM (21+35-2513, mixed mode, sharing, tiered, compressed oops, compressed class ptrs, g1 gc, windows-amd64)
# No core dump will be written. Minidumps are not enabled by default on client versions of Windows
#

---------------  S U M M A R Y ------------

Command Line: --add-opens=java.base/java.util=ALL-UNNAMED --add-opens=java.base/java.lang=ALL-UNNAMED --add-opens=java.base/java.lang.invoke=ALL-UNNAMED --add-opens=java.prefs/java.util.prefs=ALL-UNNAMED --add-exports=jdk.compiler/com.sun.tools.javac.api=ALL-UNNAMED --add-exports=jdk.compiler/com.sun.tools.javac.util=ALL-UNNAMED --add-opens=java.base/java.nio.charset=ALL-UNNAMED --add-opens=java.base/java.net=ALL-UNNAMED --add-opens=java.base/java.util.concurrent.atomic=ALL-UNNAMED -XX:MaxMetaspaceSize=384m -XX:+HeapDumpOnOutOfMemoryError -Xms256m -Xmx512m -Dfile.encoding=GBK -Duser.country=CN -Duser.language=zh -Duser.variant -javaagent:C:\Users\Qifei Wang\.gradle\wrapper\dists\gradle-8.9-bin\90cnw93cvbtalezasaz0blq0a\gradle-8.9\lib\agents\gradle-instrumentation-agent-8.9.jar org.gradle.launcher.daemon.bootstrap.GradleDaemon 8.9

Host: AMD Ryzen 5 4600H with Radeon Graphics         , 12 cores, 15G,  Windows 11 , 64 bit Build 22621 (10.0.22621.4391)
Time: Thu Nov  7 13:29:20 2024  Windows 11 , 64 bit Build 22621 (10.0.22621.4391) elapsed time: 2.472633 seconds (0d 0h 0m 2s)

---------------  T H R E A D  ---------------

Current thread (0x000001c6e3876300):  JavaThread "C2 CompilerThread1" daemon [_thread_in_native, id=27868, stack(0x0000009d5cd00000,0x0000009d5ce00000) (1024K)]


Current CompileTask:
C2:   2472 2704       4       java.lang.invoke.MethodType::makeImpl (109 bytes)

Stack: [0x0000009d5cd00000,0x0000009d5ce00000]
Native frames: (J=compiled Java code, j=interpreted, Vv=VM code, C=native code)
V  [jvm.dll+0x6c8d39]
V  [jvm.dll+0x854091]
V  [jvm.dll+0x85630e]
V  [jvm.dll+0x8569e3]
V  [jvm.dll+0x2809a6]
V  [jvm.dll+0xc3e6d]
V  [jvm.dll+0xc4383]
V  [jvm.dll+0x6f0ddc]
V  [jvm.dll+0x6f1a98]
V  [jvm.dll+0x6f243e]
V  [jvm.dll+0x6f07a3]
V  [jvm.dll+0x24a74a]
V  [jvm.dll+0x248cd3]
V  [jvm.dll+0x1c9b91]
V  [jvm.dll+0x2583e9]
V  [jvm.dll+0x2569ca]
V  [jvm.dll+0x3eef66]
V  [jvm.dll+0x7fd2c8]
V  [jvm.dll+0x6c748d]
C  [ucrtbase.dll+0x29333]
C  [KERNEL32.DLL+0x1259d]
C  [ntdll.dll+0x5af38]


---------------  P R O C E S S  ---------------

Threads class SMR info:
_java_thread_list=0x000001c6fe987380, length=26, elements={
0x000001c6c62861f0, 0x000001c6e35a4730, 0x000001c6e35a5190, 0x000001c6e35a7fd0,
0x000001c6e35aada0, 0x000001c6e35abc90, 0x000001c6e35aeea0, 0x000001c6e35b0500,
0x000001c6e35b1870, 0x000001c6e36a0200, 0x000001c6e385a080, 0x000001c6e3876300,
0x000001c6fe0a8970, 0x000001c6fe7c6540, 0x000001c6fe70c870, 0x000001c6fe9c7590,
0x000001c6feb8a770, 0x000001c6feb8ade0, 0x000001c6feb95510, 0x000001c6feba78d0,
0x000001c6feba4450, 0x000001c6feba5800, 0x000001c6feba4ae0, 0x000001c6feba5e90,
0x000001c6feba6520, 0x000001c6feba6bb0
}

Java Threads: ( => current thread )
  0x000001c6c62861f0 JavaThread "main"                              [_thread_blocked, id=12340, stack(0x0000009d5bb00000,0x0000009d5bc00000) (1024K)]
  0x000001c6e35a4730 JavaThread "Reference Handler"          daemon [_thread_blocked, id=29332, stack(0x0000009d5c300000,0x0000009d5c400000) (1024K)]
  0x000001c6e35a5190 JavaThread "Finalizer"                  daemon [_thread_blocked, id=19296, stack(0x0000009d5c400000,0x0000009d5c500000) (1024K)]
  0x000001c6e35a7fd0 JavaThread "Signal Dispatcher"          daemon [_thread_blocked, id=22116, stack(0x0000009d5c500000,0x0000009d5c600000) (1024K)]
  0x000001c6e35aada0 JavaThread "Attach Listener"            daemon [_thread_blocked, id=28604, stack(0x0000009d5c600000,0x0000009d5c700000) (1024K)]
  0x000001c6e35abc90 JavaThread "Service Thread"             daemon [_thread_blocked, id=7392, stack(0x0000009d5c700000,0x0000009d5c800000) (1024K)]
  0x000001c6e35aeea0 JavaThread "Monitor Deflation Thread"   daemon [_thread_blocked, id=12608, stack(0x0000009d5c800000,0x0000009d5c900000) (1024K)]
  0x000001c6e35b0500 JavaThread "C2 CompilerThread0"         daemon [_thread_in_native, id=12576, stack(0x0000009d5c900000,0x0000009d5ca00000) (1024K)]
  0x000001c6e35b1870 JavaThread "C1 CompilerThread0"         daemon [_thread_in_native, id=20048, stack(0x0000009d5ca00000,0x0000009d5cb00000) (1024K)]
  0x000001c6e36a0200 JavaThread "Common-Cleaner"             daemon [_thread_blocked, id=27472, stack(0x0000009d5cb00000,0x0000009d5cc00000) (1024K)]
  0x000001c6e385a080 JavaThread "Notification Thread"        daemon [_thread_blocked, id=25836, stack(0x0000009d5cc00000,0x0000009d5cd00000) (1024K)]
=>0x000001c6e3876300 JavaThread "C2 CompilerThread1"         daemon [_thread_in_native, id=27868, stack(0x0000009d5cd00000,0x0000009d5ce00000) (1024K)]
  0x000001c6fe0a8970 JavaThread "C2 CompilerThread2"         daemon [_thread_in_native, id=14636, stack(0x0000009d5ce00000,0x0000009d5cf00000) (1024K)]
  0x000001c6fe7c6540 JavaThread "Daemon health stats"               [_thread_blocked, id=24136, stack(0x0000009d5d400000,0x0000009d5d500000) (1024K)]
  0x000001c6fe70c870 JavaThread "Incoming local TCP Connector on port 58921"        [_thread_in_native, id=28872, stack(0x0000009d5d500000,0x0000009d5d600000) (1024K)]
  0x000001c6fe9c7590 JavaThread "Daemon periodic checks"            [_thread_blocked, id=16856, stack(0x0000009d5da00000,0x0000009d5db00000) (1024K)]
  0x000001c6feb8a770 JavaThread "Daemon"                            [_thread_blocked, id=29176, stack(0x0000009d5db00000,0x0000009d5dc00000) (1024K)]
  0x000001c6feb8ade0 JavaThread "Handler for socket connection from /127.0.0.1:58921 to /127.0.0.1:58922"        [_thread_in_native, id=15484, stack(0x0000009d5dc00000,0x0000009d5dd00000) (1024K)]
  0x000001c6feb95510 JavaThread "Cancel handler"                    [_thread_blocked, id=17672, stack(0x0000009d5dd00000,0x0000009d5de00000) (1024K)]
  0x000001c6feba78d0 JavaThread "Daemon worker"                     [_thread_in_vm, id=27772, stack(0x0000009d5de00000,0x0000009d5df00000) (1024K)]
  0x000001c6feba4450 JavaThread "Asynchronous log dispatcher for DefaultDaemonConnection: socket connection from /127.0.0.1:58921 to /127.0.0.1:58922"        [_thread_blocked, id=14424, stack(0x0000009d5df00000,0x0000009d5e000000) (1024K)]
  0x000001c6feba5800 JavaThread "Stdin handler"                     [_thread_blocked, id=17928, stack(0x0000009d5e000000,0x0000009d5e100000) (1024K)]
  0x000001c6feba4ae0 JavaThread "Daemon client event forwarder"        [_thread_blocked, id=2200, stack(0x0000009d5e100000,0x0000009d5e200000) (1024K)]
  0x000001c6feba5e90 JavaThread "Cache worker for journal cache (C:\Users\Qifei Wang\.gradle\caches\journal-1)"        [_thread_blocked, id=27964, stack(0x0000009d5e200000,0x0000009d5e300000) (1024K)]
  0x000001c6feba6520 JavaThread "File lock request listener"        [_thread_in_native, id=13584, stack(0x0000009d5e300000,0x0000009d5e400000) (1024K)]
  0x000001c6feba6bb0 JavaThread "Cache worker for file hash cache (C:\Users\Qifei Wang\.gradle\caches\8.9\fileHashes)"        [_thread_blocked, id=29056, stack(0x0000009d5e400000,0x0000009d5e500000) (1024K)]
Total: 26

Other Threads:
  0x000001c6e3573440 VMThread "VM Thread"                           [id=20740, stack(0x0000009d5c200000,0x0000009d5c300000) (1024K)]
  0x000001c6e355b1e0 WatcherThread "VM Periodic Task Thread"        [id=5616, stack(0x0000009d5c100000,0x0000009d5c200000) (1024K)]
  0x000001c6c85748a0 WorkerThread "GC Thread#0"                     [id=1228, stack(0x0000009d5bc00000,0x0000009d5bd00000) (1024K)]
  0x000001c6fd02c250 WorkerThread "GC Thread#1"                     [id=19592, stack(0x0000009d5cf00000,0x0000009d5d000000) (1024K)]
  0x000001c6fd21b800 WorkerThread "GC Thread#2"                     [id=18684, stack(0x0000009d5d000000,0x0000009d5d100000) (1024K)]
  0x000001c6fd21bba0 WorkerThread "GC Thread#3"                     [id=14096, stack(0x0000009d5d100000,0x0000009d5d200000) (1024K)]
  0x000001c6fd8bf6a0 WorkerThread "GC Thread#4"                     [id=11028, stack(0x0000009d5d200000,0x0000009d5d300000) (1024K)]
  0x000001c6fd5bb7f0 WorkerThread "GC Thread#5"                     [id=8028, stack(0x0000009d5d300000,0x0000009d5d400000) (1024K)]
  0x000001c6fe6b1f30 WorkerThread "GC Thread#6"                     [id=18768, stack(0x0000009d5d600000,0x0000009d5d700000) (1024K)]
  0x000001c6fe6b32e0 WorkerThread "GC Thread#7"                     [id=5604, stack(0x0000009d5d700000,0x0000009d5d800000) (1024K)]
  0x000001c6fe6b3680 WorkerThread "GC Thread#8"                     [id=3144, stack(0x0000009d5d800000,0x0000009d5d900000) (1024K)]
  0x000001c6fe6b3e30 WorkerThread "GC Thread#9"                     [id=28916, stack(0x0000009d5d900000,0x0000009d5da00000) (1024K)]
  0x000001c6c85798d0 ConcurrentGCThread "G1 Main Marker"            [id=7740, stack(0x0000009d5bd00000,0x0000009d5be00000) (1024K)]
  0x000001c6c857aa10 WorkerThread "G1 Conc#0"                       [id=1556, stack(0x0000009d5be00000,0x0000009d5bf00000) (1024K)]
  0x000001c6c860e980 ConcurrentGCThread "G1 Refine#0"               [id=24820, stack(0x0000009d5bf00000,0x0000009d5c000000) (1024K)]
  0x000001c6e342e5e0 ConcurrentGCThread "G1 Service"                [id=23208, stack(0x0000009d5c000000,0x0000009d5c100000) (1024K)]
Total: 16

Threads with active compile tasks:
C2 CompilerThread0     2487 2686   !   4       java.lang.ClassLoader::loadClass (121 bytes)
C1 CompilerThread0     2487 2712       3       java.lang.invoke.MethodHandle::asFixedArity (23 bytes)
C2 CompilerThread1     2487 2704       4       java.lang.invoke.MethodType::makeImpl (109 bytes)
C2 CompilerThread2     2487 2711       4       java.util.concurrent.ConcurrentHashMap::get (162 bytes)
Total: 4

VM state: not at safepoint (normal execution)

VM Mutex/Monitor currently owned by a thread:  ([mutex/lock_event])
[0x00007fff2fd964c8] Metaspace_lock - owner thread: 0x000001c6feba78d0

Heap address: 0x00000000e0000000, size: 512 MB, Compressed Oops mode: 32-bit

CDS archive(s) mapped at: [0x000001c6e4000000-0x000001c6e4c90000-0x000001c6e4c90000), size 13172736, SharedBaseAddress: 0x000001c6e4000000, ArchiveRelocationMode: 1.
Compressed class space mapped at: 0x000001c6e5000000-0x000001c6f9000000, reserved size: 335544320
Narrow klass base: 0x000001c6e4000000, Narrow klass shift: 0, Narrow klass range: 0x100000000

GC Precious Log:
 CardTable entry size: 512
 Card Set container configuration: InlinePtr #cards 5 size 8 Array Of Cards #cards 12 size 40 Howl #buckets 4 coarsen threshold 1843 Howl Bitmap #cards 512 size 80 coarsen threshold 460 Card regions per heap region 1 cards per card region 2048
 CPUs: 12 total, 12 available
 Memory: 15741M
 Large Page Support: Disabled
 NUMA Support: Disabled
 Compressed Oops: Enabled (32-bit)
 Heap Region Size: 1M
 Heap Min Capacity: 256M
 Heap Initial Capacity: 256M
 Heap Max Capacity: 512M
 Pre-touch: Disabled
 Parallel Workers: 10
 Concurrent Workers: 3
 Concurrent Refinement Workers: 10
 Periodic GC: Disabled

Heap:
 garbage-first heap   total 262144K, used 54375K [0x00000000e0000000, 0x0000000100000000)
  region size 1024K, 43 young (44032K), 8 survivors (8192K)
 Metaspace       used 15520K, committed 16000K, reserved 393216K
  class space    used 2111K, committed 2368K, reserved 327680K

Heap Regions: E=young(eden), S=young(survivor), O=old, HS=humongous(starts), HC=humongous(continues), CS=collection set, F=free, TAMS=top-at-mark-start, PB=parsable bottom
|   0|0x00000000e0000000, 0x00000000e0100000, 0x00000000e0100000|100%|HS|  |TAMS 0x00000000e0000000| PB 0x00000000e0000000| Complete 
|   1|0x00000000e0100000, 0x00000000e0200000, 0x00000000e0200000|100%|HC|  |TAMS 0x00000000e0100000| PB 0x00000000e0100000| Complete 
|   2|0x00000000e0200000, 0x00000000e0300000, 0x00000000e0300000|100%|HC|  |TAMS 0x00000000e0200000| PB 0x00000000e0200000| Complete 
|   3|0x00000000e0300000, 0x00000000e0400000, 0x00000000e0400000|100%|HC|  |TAMS 0x00000000e0300000| PB 0x00000000e0300000| Complete 
|   4|0x00000000e0400000, 0x00000000e0500000, 0x00000000e0500000|100%| O|  |TAMS 0x00000000e0400000| PB 0x00000000e0400000| Untracked 
|   5|0x00000000e0500000, 0x00000000e0600000, 0x00000000e0600000|100%| O|  |TAMS 0x00000000e0500000| PB 0x00000000e0500000| Untracked 
|   6|0x00000000e0600000, 0x00000000e0700000, 0x00000000e0700000|100%| O|  |TAMS 0x00000000e0600000| PB 0x00000000e0600000| Untracked 
|   7|0x00000000e0700000, 0x00000000e0800000, 0x00000000e0800000|100%| O|  |TAMS 0x00000000e0700000| PB 0x00000000e0700000| Untracked 
|   8|0x00000000e0800000, 0x00000000e0900000, 0x00000000e0900000|100%| O|  |TAMS 0x00000000e0800000| PB 0x00000000e0800000| Untracked 
|   9|0x00000000e0900000, 0x00000000e0a00000, 0x00000000e0a00000|100%| O|  |TAMS 0x00000000e0900000| PB 0x00000000e0900000| Untracked 
|  10|0x00000000e0a00000, 0x00000000e0b00000, 0x00000000e0b00000|100%|HS|  |TAMS 0x00000000e0a00000| PB 0x00000000e0a00000| Complete 
|  11|0x00000000e0b00000, 0x00000000e0b00000, 0x00000000e0c00000|  0%| F|  |TAMS 0x00000000e0b00000| PB 0x00000000e0b00000| Untracked 
|  12|0x00000000e0c00000, 0x00000000e0c19d58, 0x00000000e0d00000| 10%| O|  |TAMS 0x00000000e0c00000| PB 0x00000000e0c00000| Untracked 
|  13|0x00000000e0d00000, 0x00000000e0d00000, 0x00000000e0e00000|  0%| F|  |TAMS 0x00000000e0d00000| PB 0x00000000e0d00000| Untracked 
|  14|0x00000000e0e00000, 0x00000000e0e00000, 0x00000000e0f00000|  0%| F|  |TAMS 0x00000000e0e00000| PB 0x00000000e0e00000| Untracked 
|  15|0x00000000e0f00000, 0x00000000e0f00000, 0x00000000e1000000|  0%| F|  |TAMS 0x00000000e0f00000| PB 0x00000000e0f00000| Untracked 
|  16|0x00000000e1000000, 0x00000000e1000000, 0x00000000e1100000|  0%| F|  |TAMS 0x00000000e1000000| PB 0x00000000e1000000| Untracked 
|  17|0x00000000e1100000, 0x00000000e1100000, 0x00000000e1200000|  0%| F|  |TAMS 0x00000000e1100000| PB 0x00000000e1100000| Untracked 
|  18|0x00000000e1200000, 0x00000000e1200000, 0x00000000e1300000|  0%| F|  |TAMS 0x00000000e1200000| PB 0x00000000e1200000| Untracked 
|  19|0x00000000e1300000, 0x00000000e1300000, 0x00000000e1400000|  0%| F|  |TAMS 0x00000000e1300000| PB 0x00000000e1300000| Untracked 
|  20|0x00000000e1400000, 0x00000000e1400000, 0x00000000e1500000|  0%| F|  |TAMS 0x00000000e1400000| PB 0x00000000e1400000| Untracked 
|  21|0x00000000e1500000, 0x00000000e1500000, 0x00000000e1600000|  0%| F|  |TAMS 0x00000000e1500000| PB 0x00000000e1500000| Untracked 
|  22|0x00000000e1600000, 0x00000000e1600000, 0x00000000e1700000|  0%| F|  |TAMS 0x00000000e1600000| PB 0x00000000e1600000| Untracked 
|  23|0x00000000e1700000, 0x00000000e1700000, 0x00000000e1800000|  0%| F|  |TAMS 0x00000000e1700000| PB 0x00000000e1700000| Untracked 
|  24|0x00000000e1800000, 0x00000000e1800000, 0x00000000e1900000|  0%| F|  |TAMS 0x00000000e1800000| PB 0x00000000e1800000| Untracked 
|  25|0x00000000e1900000, 0x00000000e1900000, 0x00000000e1a00000|  0%| F|  |TAMS 0x00000000e1900000| PB 0x00000000e1900000| Untracked 
|  26|0x00000000e1a00000, 0x00000000e1a00000, 0x00000000e1b00000|  0%| F|  |TAMS 0x00000000e1a00000| PB 0x00000000e1a00000| Untracked 
|  27|0x00000000e1b00000, 0x00000000e1b00000, 0x00000000e1c00000|  0%| F|  |TAMS 0x00000000e1b00000| PB 0x00000000e1b00000| Untracked 
|  28|0x00000000e1c00000, 0x00000000e1c00000, 0x00000000e1d00000|  0%| F|  |TAMS 0x00000000e1c00000| PB 0x00000000e1c00000| Untracked 
|  29|0x00000000e1d00000, 0x00000000e1d00000, 0x00000000e1e00000|  0%| F|  |TAMS 0x00000000e1d00000| PB 0x00000000e1d00000| Untracked 
|  30|0x00000000e1e00000, 0x00000000e1e00000, 0x00000000e1f00000|  0%| F|  |TAMS 0x00000000e1e00000| PB 0x00000000e1e00000| Untracked 
|  31|0x00000000e1f00000, 0x00000000e1f00000, 0x00000000e2000000|  0%| F|  |TAMS 0x00000000e1f00000| PB 0x00000000e1f00000| Untracked 
|  32|0x00000000e2000000, 0x00000000e2000000, 0x00000000e2100000|  0%| F|  |TAMS 0x00000000e2000000| PB 0x00000000e2000000| Untracked 
|  33|0x00000000e2100000, 0x00000000e2100000, 0x00000000e2200000|  0%| F|  |TAMS 0x00000000e2100000| PB 0x00000000e2100000| Untracked 
|  34|0x00000000e2200000, 0x00000000e2200000, 0x00000000e2300000|  0%| F|  |TAMS 0x00000000e2200000| PB 0x00000000e2200000| Untracked 
|  35|0x00000000e2300000, 0x00000000e2300000, 0x00000000e2400000|  0%| F|  |TAMS 0x00000000e2300000| PB 0x00000000e2300000| Untracked 
|  36|0x00000000e2400000, 0x00000000e2400000, 0x00000000e2500000|  0%| F|  |TAMS 0x00000000e2400000| PB 0x00000000e2400000| Untracked 
|  37|0x00000000e2500000, 0x00000000e2500000, 0x00000000e2600000|  0%| F|  |TAMS 0x00000000e2500000| PB 0x00000000e2500000| Untracked 
|  38|0x00000000e2600000, 0x00000000e2600000, 0x00000000e2700000|  0%| F|  |TAMS 0x00000000e2600000| PB 0x00000000e2600000| Untracked 
|  39|0x00000000e2700000, 0x00000000e2700000, 0x00000000e2800000|  0%| F|  |TAMS 0x00000000e2700000| PB 0x00000000e2700000| Untracked 
|  40|0x00000000e2800000, 0x00000000e2800000, 0x00000000e2900000|  0%| F|  |TAMS 0x00000000e2800000| PB 0x00000000e2800000| Untracked 
|  41|0x00000000e2900000, 0x00000000e2900000, 0x00000000e2a00000|  0%| F|  |TAMS 0x00000000e2900000| PB 0x00000000e2900000| Untracked 
|  42|0x00000000e2a00000, 0x00000000e2a00000, 0x00000000e2b00000|  0%| F|  |TAMS 0x00000000e2a00000| PB 0x00000000e2a00000| Untracked 
|  43|0x00000000e2b00000, 0x00000000e2b00000, 0x00000000e2c00000|  0%| F|  |TAMS 0x00000000e2b00000| PB 0x00000000e2b00000| Untracked 
|  44|0x00000000e2c00000, 0x00000000e2c00000, 0x00000000e2d00000|  0%| F|  |TAMS 0x00000000e2c00000| PB 0x00000000e2c00000| Untracked 
|  45|0x00000000e2d00000, 0x00000000e2d00000, 0x00000000e2e00000|  0%| F|  |TAMS 0x00000000e2d00000| PB 0x00000000e2d00000| Untracked 
|  46|0x00000000e2e00000, 0x00000000e2e00000, 0x00000000e2f00000|  0%| F|  |TAMS 0x00000000e2e00000| PB 0x00000000e2e00000| Untracked 
|  47|0x00000000e2f00000, 0x00000000e2f00000, 0x00000000e3000000|  0%| F|  |TAMS 0x00000000e2f00000| PB 0x00000000e2f00000| Untracked 
|  48|0x00000000e3000000, 0x00000000e3000000, 0x00000000e3100000|  0%| F|  |TAMS 0x00000000e3000000| PB 0x00000000e3000000| Untracked 
|  49|0x00000000e3100000, 0x00000000e3100000, 0x00000000e3200000|  0%| F|  |TAMS 0x00000000e3100000| PB 0x00000000e3100000| Untracked 
|  50|0x00000000e3200000, 0x00000000e3200000, 0x00000000e3300000|  0%| F|  |TAMS 0x00000000e3200000| PB 0x00000000e3200000| Untracked 
|  51|0x00000000e3300000, 0x00000000e3300000, 0x00000000e3400000|  0%| F|  |TAMS 0x00000000e3300000| PB 0x00000000e3300000| Untracked 
|  52|0x00000000e3400000, 0x00000000e3400000, 0x00000000e3500000|  0%| F|  |TAMS 0x00000000e3400000| PB 0x00000000e3400000| Untracked 
|  53|0x00000000e3500000, 0x00000000e3500000, 0x00000000e3600000|  0%| F|  |TAMS 0x00000000e3500000| PB 0x00000000e3500000| Untracked 
|  54|0x00000000e3600000, 0x00000000e3600000, 0x00000000e3700000|  0%| F|  |TAMS 0x00000000e3600000| PB 0x00000000e3600000| Untracked 
|  55|0x00000000e3700000, 0x00000000e3700000, 0x00000000e3800000|  0%| F|  |TAMS 0x00000000e3700000| PB 0x00000000e3700000| Untracked 
|  56|0x00000000e3800000, 0x00000000e3800000, 0x00000000e3900000|  0%| F|  |TAMS 0x00000000e3800000| PB 0x00000000e3800000| Untracked 
|  57|0x00000000e3900000, 0x00000000e3900000, 0x00000000e3a00000|  0%| F|  |TAMS 0x00000000e3900000| PB 0x00000000e3900000| Untracked 
|  58|0x00000000e3a00000, 0x00000000e3a00000, 0x00000000e3b00000|  0%| F|  |TAMS 0x00000000e3a00000| PB 0x00000000e3a00000| Untracked 
|  59|0x00000000e3b00000, 0x00000000e3b00000, 0x00000000e3c00000|  0%| F|  |TAMS 0x00000000e3b00000| PB 0x00000000e3b00000| Untracked 
|  60|0x00000000e3c00000, 0x00000000e3c00000, 0x00000000e3d00000|  0%| F|  |TAMS 0x00000000e3c00000| PB 0x00000000e3c00000| Untracked 
|  61|0x00000000e3d00000, 0x00000000e3d00000, 0x00000000e3e00000|  0%| F|  |TAMS 0x00000000e3d00000| PB 0x00000000e3d00000| Untracked 
|  62|0x00000000e3e00000, 0x00000000e3e00000, 0x00000000e3f00000|  0%| F|  |TAMS 0x00000000e3e00000| PB 0x00000000e3e00000| Untracked 
|  63|0x00000000e3f00000, 0x00000000e3f00000, 0x00000000e4000000|  0%| F|  |TAMS 0x00000000e3f00000| PB 0x00000000e3f00000| Untracked 
|  64|0x00000000e4000000, 0x00000000e4000000, 0x00000000e4100000|  0%| F|  |TAMS 0x00000000e4000000| PB 0x00000000e4000000| Untracked 
|  65|0x00000000e4100000, 0x00000000e4100000, 0x00000000e4200000|  0%| F|  |TAMS 0x00000000e4100000| PB 0x00000000e4100000| Untracked 
|  66|0x00000000e4200000, 0x00000000e4200000, 0x00000000e4300000|  0%| F|  |TAMS 0x00000000e4200000| PB 0x00000000e4200000| Untracked 
|  67|0x00000000e4300000, 0x00000000e4300000, 0x00000000e4400000|  0%| F|  |TAMS 0x00000000e4300000| PB 0x00000000e4300000| Untracked 
|  68|0x00000000e4400000, 0x00000000e4400000, 0x00000000e4500000|  0%| F|  |TAMS 0x00000000e4400000| PB 0x00000000e4400000| Untracked 
|  69|0x00000000e4500000, 0x00000000e4500000, 0x00000000e4600000|  0%| F|  |TAMS 0x00000000e4500000| PB 0x00000000e4500000| Untracked 
|  70|0x00000000e4600000, 0x00000000e4600000, 0x00000000e4700000|  0%| F|  |TAMS 0x00000000e4600000| PB 0x00000000e4600000| Untracked 
|  71|0x00000000e4700000, 0x00000000e4700000, 0x00000000e4800000|  0%| F|  |TAMS 0x00000000e4700000| PB 0x00000000e4700000| Untracked 
|  72|0x00000000e4800000, 0x00000000e4800000, 0x00000000e4900000|  0%| F|  |TAMS 0x00000000e4800000| PB 0x00000000e4800000| Untracked 
|  73|0x00000000e4900000, 0x00000000e4900000, 0x00000000e4a00000|  0%| F|  |TAMS 0x00000000e4900000| PB 0x00000000e4900000| Untracked 
|  74|0x00000000e4a00000, 0x00000000e4a00000, 0x00000000e4b00000|  0%| F|  |TAMS 0x00000000e4a00000| PB 0x00000000e4a00000| Untracked 
|  75|0x00000000e4b00000, 0x00000000e4b00000, 0x00000000e4c00000|  0%| F|  |TAMS 0x00000000e4b00000| PB 0x00000000e4b00000| Untracked 
|  76|0x00000000e4c00000, 0x00000000e4c00000, 0x00000000e4d00000|  0%| F|  |TAMS 0x00000000e4c00000| PB 0x00000000e4c00000| Untracked 
|  77|0x00000000e4d00000, 0x00000000e4d00000, 0x00000000e4e00000|  0%| F|  |TAMS 0x00000000e4d00000| PB 0x00000000e4d00000| Untracked 
|  78|0x00000000e4e00000, 0x00000000e4e00000, 0x00000000e4f00000|  0%| F|  |TAMS 0x00000000e4e00000| PB 0x00000000e4e00000| Untracked 
|  79|0x00000000e4f00000, 0x00000000e4f00000, 0x00000000e5000000|  0%| F|  |TAMS 0x00000000e4f00000| PB 0x00000000e4f00000| Untracked 
|  80|0x00000000e5000000, 0x00000000e5000000, 0x00000000e5100000|  0%| F|  |TAMS 0x00000000e5000000| PB 0x00000000e5000000| Untracked 
|  81|0x00000000e5100000, 0x00000000e5100000, 0x00000000e5200000|  0%| F|  |TAMS 0x00000000e5100000| PB 0x00000000e5100000| Untracked 
|  82|0x00000000e5200000, 0x00000000e5200000, 0x00000000e5300000|  0%| F|  |TAMS 0x00000000e5200000| PB 0x00000000e5200000| Untracked 
|  83|0x00000000e5300000, 0x00000000e5300000, 0x00000000e5400000|  0%| F|  |TAMS 0x00000000e5300000| PB 0x00000000e5300000| Untracked 
|  84|0x00000000e5400000, 0x00000000e5400000, 0x00000000e5500000|  0%| F|  |TAMS 0x00000000e5400000| PB 0x00000000e5400000| Untracked 
|  85|0x00000000e5500000, 0x00000000e5500000, 0x00000000e5600000|  0%| F|  |TAMS 0x00000000e5500000| PB 0x00000000e5500000| Untracked 
|  86|0x00000000e5600000, 0x00000000e5600000, 0x00000000e5700000|  0%| F|  |TAMS 0x00000000e5600000| PB 0x00000000e5600000| Untracked 
|  87|0x00000000e5700000, 0x00000000e5700000, 0x00000000e5800000|  0%| F|  |TAMS 0x00000000e5700000| PB 0x00000000e5700000| Untracked 
|  88|0x00000000e5800000, 0x00000000e5800000, 0x00000000e5900000|  0%| F|  |TAMS 0x00000000e5800000| PB 0x00000000e5800000| Untracked 
|  89|0x00000000e5900000, 0x00000000e5900000, 0x00000000e5a00000|  0%| F|  |TAMS 0x00000000e5900000| PB 0x00000000e5900000| Untracked 
|  90|0x00000000e5a00000, 0x00000000e5a00000, 0x00000000e5b00000|  0%| F|  |TAMS 0x00000000e5a00000| PB 0x00000000e5a00000| Untracked 
|  91|0x00000000e5b00000, 0x00000000e5b00000, 0x00000000e5c00000|  0%| F|  |TAMS 0x00000000e5b00000| PB 0x00000000e5b00000| Untracked 
|  92|0x00000000e5c00000, 0x00000000e5c00000, 0x00000000e5d00000|  0%| F|  |TAMS 0x00000000e5c00000| PB 0x00000000e5c00000| Untracked 
|  93|0x00000000e5d00000, 0x00000000e5d00000, 0x00000000e5e00000|  0%| F|  |TAMS 0x00000000e5d00000| PB 0x00000000e5d00000| Untracked 
|  94|0x00000000e5e00000, 0x00000000e5e00000, 0x00000000e5f00000|  0%| F|  |TAMS 0x00000000e5e00000| PB 0x00000000e5e00000| Untracked 
|  95|0x00000000e5f00000, 0x00000000e5f00000, 0x00000000e6000000|  0%| F|  |TAMS 0x00000000e5f00000| PB 0x00000000e5f00000| Untracked 
|  96|0x00000000e6000000, 0x00000000e6000000, 0x00000000e6100000|  0%| F|  |TAMS 0x00000000e6000000| PB 0x00000000e6000000| Untracked 
|  97|0x00000000e6100000, 0x00000000e6100000, 0x00000000e6200000|  0%| F|  |TAMS 0x00000000e6100000| PB 0x00000000e6100000| Untracked 
|  98|0x00000000e6200000, 0x00000000e6200000, 0x00000000e6300000|  0%| F|  |TAMS 0x00000000e6200000| PB 0x00000000e6200000| Untracked 
|  99|0x00000000e6300000, 0x00000000e6300000, 0x00000000e6400000|  0%| F|  |TAMS 0x00000000e6300000| PB 0x00000000e6300000| Untracked 
| 100|0x00000000e6400000, 0x00000000e6400000, 0x00000000e6500000|  0%| F|  |TAMS 0x00000000e6400000| PB 0x00000000e6400000| Untracked 
| 101|0x00000000e6500000, 0x00000000e6500000, 0x00000000e6600000|  0%| F|  |TAMS 0x00000000e6500000| PB 0x00000000e6500000| Untracked 
| 102|0x00000000e6600000, 0x00000000e6600000, 0x00000000e6700000|  0%| F|  |TAMS 0x00000000e6600000| PB 0x00000000e6600000| Untracked 
| 103|0x00000000e6700000, 0x00000000e6700000, 0x00000000e6800000|  0%| F|  |TAMS 0x00000000e6700000| PB 0x00000000e6700000| Untracked 
| 104|0x00000000e6800000, 0x00000000e6800000, 0x00000000e6900000|  0%| F|  |TAMS 0x00000000e6800000| PB 0x00000000e6800000| Untracked 
| 105|0x00000000e6900000, 0x00000000e6900000, 0x00000000e6a00000|  0%| F|  |TAMS 0x00000000e6900000| PB 0x00000000e6900000| Untracked 
| 106|0x00000000e6a00000, 0x00000000e6a00000, 0x00000000e6b00000|  0%| F|  |TAMS 0x00000000e6a00000| PB 0x00000000e6a00000| Untracked 
| 107|0x00000000e6b00000, 0x00000000e6b00000, 0x00000000e6c00000|  0%| F|  |TAMS 0x00000000e6b00000| PB 0x00000000e6b00000| Untracked 
| 108|0x00000000e6c00000, 0x00000000e6c00000, 0x00000000e6d00000|  0%| F|  |TAMS 0x00000000e6c00000| PB 0x00000000e6c00000| Untracked 
| 109|0x00000000e6d00000, 0x00000000e6d00000, 0x00000000e6e00000|  0%| F|  |TAMS 0x00000000e6d00000| PB 0x00000000e6d00000| Untracked 
| 110|0x00000000e6e00000, 0x00000000e6e00000, 0x00000000e6f00000|  0%| F|  |TAMS 0x00000000e6e00000| PB 0x00000000e6e00000| Untracked 
| 111|0x00000000e6f00000, 0x00000000e6f00000, 0x00000000e7000000|  0%| F|  |TAMS 0x00000000e6f00000| PB 0x00000000e6f00000| Untracked 
| 112|0x00000000e7000000, 0x00000000e7000000, 0x00000000e7100000|  0%| F|  |TAMS 0x00000000e7000000| PB 0x00000000e7000000| Untracked 
| 113|0x00000000e7100000, 0x00000000e7100000, 0x00000000e7200000|  0%| F|  |TAMS 0x00000000e7100000| PB 0x00000000e7100000| Untracked 
| 114|0x00000000e7200000, 0x00000000e7200000, 0x00000000e7300000|  0%| F|  |TAMS 0x00000000e7200000| PB 0x00000000e7200000| Untracked 
| 115|0x00000000e7300000, 0x00000000e7300000, 0x00000000e7400000|  0%| F|  |TAMS 0x00000000e7300000| PB 0x00000000e7300000| Untracked 
| 116|0x00000000e7400000, 0x00000000e7400000, 0x00000000e7500000|  0%| F|  |TAMS 0x00000000e7400000| PB 0x00000000e7400000| Untracked 
| 117|0x00000000e7500000, 0x00000000e7500000, 0x00000000e7600000|  0%| F|  |TAMS 0x00000000e7500000| PB 0x00000000e7500000| Untracked 
| 118|0x00000000e7600000, 0x00000000e7600000, 0x00000000e7700000|  0%| F|  |TAMS 0x00000000e7600000| PB 0x00000000e7600000| Untracked 
| 119|0x00000000e7700000, 0x00000000e7700000, 0x00000000e7800000|  0%| F|  |TAMS 0x00000000e7700000| PB 0x00000000e7700000| Untracked 
| 120|0x00000000e7800000, 0x00000000e7800000, 0x00000000e7900000|  0%| F|  |TAMS 0x00000000e7800000| PB 0x00000000e7800000| Untracked 
| 121|0x00000000e7900000, 0x00000000e7900000, 0x00000000e7a00000|  0%| F|  |TAMS 0x00000000e7900000| PB 0x00000000e7900000| Untracked 
| 122|0x00000000e7a00000, 0x00000000e7a00000, 0x00000000e7b00000|  0%| F|  |TAMS 0x00000000e7a00000| PB 0x00000000e7a00000| Untracked 
| 123|0x00000000e7b00000, 0x00000000e7b00000, 0x00000000e7c00000|  0%| F|  |TAMS 0x00000000e7b00000| PB 0x00000000e7b00000| Untracked 
| 124|0x00000000e7c00000, 0x00000000e7c00000, 0x00000000e7d00000|  0%| F|  |TAMS 0x00000000e7c00000| PB 0x00000000e7c00000| Untracked 
| 125|0x00000000e7d00000, 0x00000000e7d00000, 0x00000000e7e00000|  0%| F|  |TAMS 0x00000000e7d00000| PB 0x00000000e7d00000| Untracked 
| 126|0x00000000e7e00000, 0x00000000e7e00000, 0x00000000e7f00000|  0%| F|  |TAMS 0x00000000e7e00000| PB 0x00000000e7e00000| Untracked 
| 127|0x00000000e7f00000, 0x00000000e7f00000, 0x00000000e8000000|  0%| F|  |TAMS 0x00000000e7f00000| PB 0x00000000e7f00000| Untracked 
| 128|0x00000000e8000000, 0x00000000e8000000, 0x00000000e8100000|  0%| F|  |TAMS 0x00000000e8000000| PB 0x00000000e8000000| Untracked 
| 129|0x00000000e8100000, 0x00000000e8100000, 0x00000000e8200000|  0%| F|  |TAMS 0x00000000e8100000| PB 0x00000000e8100000| Untracked 
| 130|0x00000000e8200000, 0x00000000e8200000, 0x00000000e8300000|  0%| F|  |TAMS 0x00000000e8200000| PB 0x00000000e8200000| Untracked 
| 131|0x00000000e8300000, 0x00000000e8300000, 0x00000000e8400000|  0%| F|  |TAMS 0x00000000e8300000| PB 0x00000000e8300000| Untracked 
| 132|0x00000000e8400000, 0x00000000e8400000, 0x00000000e8500000|  0%| F|  |TAMS 0x00000000e8400000| PB 0x00000000e8400000| Untracked 
| 133|0x00000000e8500000, 0x00000000e8500000, 0x00000000e8600000|  0%| F|  |TAMS 0x00000000e8500000| PB 0x00000000e8500000| Untracked 
| 134|0x00000000e8600000, 0x00000000e8600000, 0x00000000e8700000|  0%| F|  |TAMS 0x00000000e8600000| PB 0x00000000e8600000| Untracked 
| 135|0x00000000e8700000, 0x00000000e8700000, 0x00000000e8800000|  0%| F|  |TAMS 0x00000000e8700000| PB 0x00000000e8700000| Untracked 
| 136|0x00000000e8800000, 0x00000000e8800000, 0x00000000e8900000|  0%| F|  |TAMS 0x00000000e8800000| PB 0x00000000e8800000| Untracked 
| 137|0x00000000e8900000, 0x00000000e8900000, 0x00000000e8a00000|  0%| F|  |TAMS 0x00000000e8900000| PB 0x00000000e8900000| Untracked 
| 138|0x00000000e8a00000, 0x00000000e8a00000, 0x00000000e8b00000|  0%| F|  |TAMS 0x00000000e8a00000| PB 0x00000000e8a00000| Untracked 
| 139|0x00000000e8b00000, 0x00000000e8b00000, 0x00000000e8c00000|  0%| F|  |TAMS 0x00000000e8b00000| PB 0x00000000e8b00000| Untracked 
| 140|0x00000000e8c00000, 0x00000000e8c00000, 0x00000000e8d00000|  0%| F|  |TAMS 0x00000000e8c00000| PB 0x00000000e8c00000| Untracked 
| 141|0x00000000e8d00000, 0x00000000e8d00000, 0x00000000e8e00000|  0%| F|  |TAMS 0x00000000e8d00000| PB 0x00000000e8d00000| Untracked 
| 142|0x00000000e8e00000, 0x00000000e8e00000, 0x00000000e8f00000|  0%| F|  |TAMS 0x00000000e8e00000| PB 0x00000000e8e00000| Untracked 
| 143|0x00000000e8f00000, 0x00000000e8f00000, 0x00000000e9000000|  0%| F|  |TAMS 0x00000000e8f00000| PB 0x00000000e8f00000| Untracked 
| 144|0x00000000e9000000, 0x00000000e9000000, 0x00000000e9100000|  0%| F|  |TAMS 0x00000000e9000000| PB 0x00000000e9000000| Untracked 
| 145|0x00000000e9100000, 0x00000000e9100000, 0x00000000e9200000|  0%| F|  |TAMS 0x00000000e9100000| PB 0x00000000e9100000| Untracked 
| 146|0x00000000e9200000, 0x00000000e9200000, 0x00000000e9300000|  0%| F|  |TAMS 0x00000000e9200000| PB 0x00000000e9200000| Untracked 
| 147|0x00000000e9300000, 0x00000000e9300000, 0x00000000e9400000|  0%| F|  |TAMS 0x00000000e9300000| PB 0x00000000e9300000| Untracked 
| 148|0x00000000e9400000, 0x00000000e9400000, 0x00000000e9500000|  0%| F|  |TAMS 0x00000000e9400000| PB 0x00000000e9400000| Untracked 
| 149|0x00000000e9500000, 0x00000000e9500000, 0x00000000e9600000|  0%| F|  |TAMS 0x00000000e9500000| PB 0x00000000e9500000| Untracked 
| 150|0x00000000e9600000, 0x00000000e9600000, 0x00000000e9700000|  0%| F|  |TAMS 0x00000000e9600000| PB 0x00000000e9600000| Untracked 
| 151|0x00000000e9700000, 0x00000000e9700000, 0x00000000e9800000|  0%| F|  |TAMS 0x00000000e9700000| PB 0x00000000e9700000| Untracked 
| 152|0x00000000e9800000, 0x00000000e9800000, 0x00000000e9900000|  0%| F|  |TAMS 0x00000000e9800000| PB 0x00000000e9800000| Untracked 
| 153|0x00000000e9900000, 0x00000000e9900000, 0x00000000e9a00000|  0%| F|  |TAMS 0x00000000e9900000| PB 0x00000000e9900000| Untracked 
| 154|0x00000000e9a00000, 0x00000000e9a00000, 0x00000000e9b00000|  0%| F|  |TAMS 0x00000000e9a00000| PB 0x00000000e9a00000| Untracked 
| 155|0x00000000e9b00000, 0x00000000e9b00000, 0x00000000e9c00000|  0%| F|  |TAMS 0x00000000e9b00000| PB 0x00000000e9b00000| Untracked 
| 156|0x00000000e9c00000, 0x00000000e9c00000, 0x00000000e9d00000|  0%| F|  |TAMS 0x00000000e9c00000| PB 0x00000000e9c00000| Untracked 
| 157|0x00000000e9d00000, 0x00000000e9d00000, 0x00000000e9e00000|  0%| F|  |TAMS 0x00000000e9d00000| PB 0x00000000e9d00000| Untracked 
| 158|0x00000000e9e00000, 0x00000000e9e00000, 0x00000000e9f00000|  0%| F|  |TAMS 0x00000000e9e00000| PB 0x00000000e9e00000| Untracked 
| 159|0x00000000e9f00000, 0x00000000e9f00000, 0x00000000ea000000|  0%| F|  |TAMS 0x00000000e9f00000| PB 0x00000000e9f00000| Untracked 
| 160|0x00000000ea000000, 0x00000000ea000000, 0x00000000ea100000|  0%| F|  |TAMS 0x00000000ea000000| PB 0x00000000ea000000| Untracked 
| 161|0x00000000ea100000, 0x00000000ea100000, 0x00000000ea200000|  0%| F|  |TAMS 0x00000000ea100000| PB 0x00000000ea100000| Untracked 
| 162|0x00000000ea200000, 0x00000000ea200000, 0x00000000ea300000|  0%| F|  |TAMS 0x00000000ea200000| PB 0x00000000ea200000| Untracked 
| 163|0x00000000ea300000, 0x00000000ea300000, 0x00000000ea400000|  0%| F|  |TAMS 0x00000000ea300000| PB 0x00000000ea300000| Untracked 
| 164|0x00000000ea400000, 0x00000000ea400000, 0x00000000ea500000|  0%| F|  |TAMS 0x00000000ea400000| PB 0x00000000ea400000| Untracked 
| 165|0x00000000ea500000, 0x00000000ea500000, 0x00000000ea600000|  0%| F|  |TAMS 0x00000000ea500000| PB 0x00000000ea500000| Untracked 
| 166|0x00000000ea600000, 0x00000000ea600000, 0x00000000ea700000|  0%| F|  |TAMS 0x00000000ea600000| PB 0x00000000ea600000| Untracked 
| 167|0x00000000ea700000, 0x00000000ea700000, 0x00000000ea800000|  0%| F|  |TAMS 0x00000000ea700000| PB 0x00000000ea700000| Untracked 
| 168|0x00000000ea800000, 0x00000000ea800000, 0x00000000ea900000|  0%| F|  |TAMS 0x00000000ea800000| PB 0x00000000ea800000| Untracked 
| 169|0x00000000ea900000, 0x00000000ea900000, 0x00000000eaa00000|  0%| F|  |TAMS 0x00000000ea900000| PB 0x00000000ea900000| Untracked 
| 170|0x00000000eaa00000, 0x00000000eaa00000, 0x00000000eab00000|  0%| F|  |TAMS 0x00000000eaa00000| PB 0x00000000eaa00000| Untracked 
| 171|0x00000000eab00000, 0x00000000eab00000, 0x00000000eac00000|  0%| F|  |TAMS 0x00000000eab00000| PB 0x00000000eab00000| Untracked 
| 172|0x00000000eac00000, 0x00000000eac00000, 0x00000000ead00000|  0%| F|  |TAMS 0x00000000eac00000| PB 0x00000000eac00000| Untracked 
| 173|0x00000000ead00000, 0x00000000ead00000, 0x00000000eae00000|  0%| F|  |TAMS 0x00000000ead00000| PB 0x00000000ead00000| Untracked 
| 174|0x00000000eae00000, 0x00000000eae00000, 0x00000000eaf00000|  0%| F|  |TAMS 0x00000000eae00000| PB 0x00000000eae00000| Untracked 
| 175|0x00000000eaf00000, 0x00000000eaf00000, 0x00000000eb000000|  0%| F|  |TAMS 0x00000000eaf00000| PB 0x00000000eaf00000| Untracked 
| 176|0x00000000eb000000, 0x00000000eb000000, 0x00000000eb100000|  0%| F|  |TAMS 0x00000000eb000000| PB 0x00000000eb000000| Untracked 
| 177|0x00000000eb100000, 0x00000000eb100000, 0x00000000eb200000|  0%| F|  |TAMS 0x00000000eb100000| PB 0x00000000eb100000| Untracked 
| 178|0x00000000eb200000, 0x00000000eb200000, 0x00000000eb300000|  0%| F|  |TAMS 0x00000000eb200000| PB 0x00000000eb200000| Untracked 
| 179|0x00000000eb300000, 0x00000000eb300000, 0x00000000eb400000|  0%| F|  |TAMS 0x00000000eb300000| PB 0x00000000eb300000| Untracked 
| 180|0x00000000eb400000, 0x00000000eb400000, 0x00000000eb500000|  0%| F|  |TAMS 0x00000000eb400000| PB 0x00000000eb400000| Untracked 
| 181|0x00000000eb500000, 0x00000000eb500000, 0x00000000eb600000|  0%| F|  |TAMS 0x00000000eb500000| PB 0x00000000eb500000| Untracked 
| 182|0x00000000eb600000, 0x00000000eb600000, 0x00000000eb700000|  0%| F|  |TAMS 0x00000000eb600000| PB 0x00000000eb600000| Untracked 
| 183|0x00000000eb700000, 0x00000000eb700000, 0x00000000eb800000|  0%| F|  |TAMS 0x00000000eb700000| PB 0x00000000eb700000| Untracked 
| 184|0x00000000eb800000, 0x00000000eb800000, 0x00000000eb900000|  0%| F|  |TAMS 0x00000000eb800000| PB 0x00000000eb800000| Untracked 
| 185|0x00000000eb900000, 0x00000000eb900000, 0x00000000eba00000|  0%| F|  |TAMS 0x00000000eb900000| PB 0x00000000eb900000| Untracked 
| 186|0x00000000eba00000, 0x00000000eba00000, 0x00000000ebb00000|  0%| F|  |TAMS 0x00000000eba00000| PB 0x00000000eba00000| Untracked 
| 187|0x00000000ebb00000, 0x00000000ebb00000, 0x00000000ebc00000|  0%| F|  |TAMS 0x00000000ebb00000| PB 0x00000000ebb00000| Untracked 
| 188|0x00000000ebc00000, 0x00000000ebc00000, 0x00000000ebd00000|  0%| F|  |TAMS 0x00000000ebc00000| PB 0x00000000ebc00000| Untracked 
| 189|0x00000000ebd00000, 0x00000000ebd00000, 0x00000000ebe00000|  0%| F|  |TAMS 0x00000000ebd00000| PB 0x00000000ebd00000| Untracked 
| 190|0x00000000ebe00000, 0x00000000ebf00000, 0x00000000ebf00000|100%| S|CS|TAMS 0x00000000ebe00000| PB 0x00000000ebe00000| Complete 
| 191|0x00000000ebf00000, 0x00000000ec000000, 0x00000000ec000000|100%| S|CS|TAMS 0x00000000ebf00000| PB 0x00000000ebf00000| Complete 
| 192|0x00000000ec000000, 0x00000000ec100000, 0x00000000ec100000|100%| S|CS|TAMS 0x00000000ec000000| PB 0x00000000ec000000| Complete 
| 193|0x00000000ec100000, 0x00000000ec200000, 0x00000000ec200000|100%| S|CS|TAMS 0x00000000ec100000| PB 0x00000000ec100000| Complete 
| 194|0x00000000ec200000, 0x00000000ec300000, 0x00000000ec300000|100%| S|CS|TAMS 0x00000000ec200000| PB 0x00000000ec200000| Complete 
| 195|0x00000000ec300000, 0x00000000ec400000, 0x00000000ec400000|100%| S|CS|TAMS 0x00000000ec300000| PB 0x00000000ec300000| Complete 
| 196|0x00000000ec400000, 0x00000000ec500000, 0x00000000ec500000|100%| S|CS|TAMS 0x00000000ec400000| PB 0x00000000ec400000| Complete 
| 197|0x00000000ec500000, 0x00000000ec600000, 0x00000000ec600000|100%| S|CS|TAMS 0x00000000ec500000| PB 0x00000000ec500000| Complete 
| 198|0x00000000ec600000, 0x00000000ec600000, 0x00000000ec700000|  0%| F|  |TAMS 0x00000000ec600000| PB 0x00000000ec600000| Untracked 
| 199|0x00000000ec700000, 0x00000000ec700000, 0x00000000ec800000|  0%| F|  |TAMS 0x00000000ec700000| PB 0x00000000ec700000| Untracked 
| 200|0x00000000ec800000, 0x00000000ec800000, 0x00000000ec900000|  0%| F|  |TAMS 0x00000000ec800000| PB 0x00000000ec800000| Untracked 
| 201|0x00000000ec900000, 0x00000000ec900000, 0x00000000eca00000|  0%| F|  |TAMS 0x00000000ec900000| PB 0x00000000ec900000| Untracked 
| 202|0x00000000eca00000, 0x00000000eca00000, 0x00000000ecb00000|  0%| F|  |TAMS 0x00000000eca00000| PB 0x00000000eca00000| Untracked 
| 203|0x00000000ecb00000, 0x00000000ecb00000, 0x00000000ecc00000|  0%| F|  |TAMS 0x00000000ecb00000| PB 0x00000000ecb00000| Untracked 
| 204|0x00000000ecc00000, 0x00000000ecc00000, 0x00000000ecd00000|  0%| F|  |TAMS 0x00000000ecc00000| PB 0x00000000ecc00000| Untracked 
| 205|0x00000000ecd00000, 0x00000000ecd00000, 0x00000000ece00000|  0%| F|  |TAMS 0x00000000ecd00000| PB 0x00000000ecd00000| Untracked 
| 206|0x00000000ece00000, 0x00000000ece00000, 0x00000000ecf00000|  0%| F|  |TAMS 0x00000000ece00000| PB 0x00000000ece00000| Untracked 
| 207|0x00000000ecf00000, 0x00000000ecf00000, 0x00000000ed000000|  0%| F|  |TAMS 0x00000000ecf00000| PB 0x00000000ecf00000| Untracked 
| 208|0x00000000ed000000, 0x00000000ed000000, 0x00000000ed100000|  0%| F|  |TAMS 0x00000000ed000000| PB 0x00000000ed000000| Untracked 
| 209|0x00000000ed100000, 0x00000000ed100000, 0x00000000ed200000|  0%| F|  |TAMS 0x00000000ed100000| PB 0x00000000ed100000| Untracked 
| 210|0x00000000ed200000, 0x00000000ed200000, 0x00000000ed300000|  0%| F|  |TAMS 0x00000000ed200000| PB 0x00000000ed200000| Untracked 
| 211|0x00000000ed300000, 0x00000000ed300000, 0x00000000ed400000|  0%| F|  |TAMS 0x00000000ed300000| PB 0x00000000ed300000| Untracked 
| 212|0x00000000ed400000, 0x00000000ed400000, 0x00000000ed500000|  0%| F|  |TAMS 0x00000000ed400000| PB 0x00000000ed400000| Untracked 
| 213|0x00000000ed500000, 0x00000000ed500000, 0x00000000ed600000|  0%| F|  |TAMS 0x00000000ed500000| PB 0x00000000ed500000| Untracked 
| 214|0x00000000ed600000, 0x00000000ed600000, 0x00000000ed700000|  0%| F|  |TAMS 0x00000000ed600000| PB 0x00000000ed600000| Untracked 
| 215|0x00000000ed700000, 0x00000000ed700000, 0x00000000ed800000|  0%| F|  |TAMS 0x00000000ed700000| PB 0x00000000ed700000| Untracked 
| 216|0x00000000ed800000, 0x00000000ed800000, 0x00000000ed900000|  0%| F|  |TAMS 0x00000000ed800000| PB 0x00000000ed800000| Untracked 
| 217|0x00000000ed900000, 0x00000000ed900000, 0x00000000eda00000|  0%| F|  |TAMS 0x00000000ed900000| PB 0x00000000ed900000| Untracked 
| 218|0x00000000eda00000, 0x00000000eda00000, 0x00000000edb00000|  0%| F|  |TAMS 0x00000000eda00000| PB 0x00000000eda00000| Untracked 
| 219|0x00000000edb00000, 0x00000000edb00000, 0x00000000edc00000|  0%| F|  |TAMS 0x00000000edb00000| PB 0x00000000edb00000| Untracked 
| 220|0x00000000edc00000, 0x00000000edc00000, 0x00000000edd00000|  0%| F|  |TAMS 0x00000000edc00000| PB 0x00000000edc00000| Untracked 
| 221|0x00000000edd00000, 0x00000000edd88ab8, 0x00000000ede00000| 53%| E|  |TAMS 0x00000000edd00000| PB 0x00000000edd00000| Complete 
| 222|0x00000000ede00000, 0x00000000edf00000, 0x00000000edf00000|100%| E|CS|TAMS 0x00000000ede00000| PB 0x00000000ede00000| Complete 
| 223|0x00000000edf00000, 0x00000000ee000000, 0x00000000ee000000|100%| E|CS|TAMS 0x00000000edf00000| PB 0x00000000edf00000| Complete 
| 224|0x00000000ee000000, 0x00000000ee100000, 0x00000000ee100000|100%| E|CS|TAMS 0x00000000ee000000| PB 0x00000000ee000000| Complete 
| 225|0x00000000ee100000, 0x00000000ee200000, 0x00000000ee200000|100%| E|CS|TAMS 0x00000000ee100000| PB 0x00000000ee100000| Complete 
| 226|0x00000000ee200000, 0x00000000ee300000, 0x00000000ee300000|100%| E|CS|TAMS 0x00000000ee200000| PB 0x00000000ee200000| Complete 
| 227|0x00000000ee300000, 0x00000000ee400000, 0x00000000ee400000|100%| E|CS|TAMS 0x00000000ee300000| PB 0x00000000ee300000| Complete 
| 228|0x00000000ee400000, 0x00000000ee500000, 0x00000000ee500000|100%| E|CS|TAMS 0x00000000ee400000| PB 0x00000000ee400000| Complete 
| 229|0x00000000ee500000, 0x00000000ee600000, 0x00000000ee600000|100%| E|CS|TAMS 0x00000000ee500000| PB 0x00000000ee500000| Complete 
| 230|0x00000000ee600000, 0x00000000ee700000, 0x00000000ee700000|100%| E|CS|TAMS 0x00000000ee600000| PB 0x00000000ee600000| Complete 
| 231|0x00000000ee700000, 0x00000000ee800000, 0x00000000ee800000|100%| E|CS|TAMS 0x00000000ee700000| PB 0x00000000ee700000| Complete 
| 232|0x00000000ee800000, 0x00000000ee900000, 0x00000000ee900000|100%| E|CS|TAMS 0x00000000ee800000| PB 0x00000000ee800000| Complete 
| 233|0x00000000ee900000, 0x00000000eea00000, 0x00000000eea00000|100%| E|CS|TAMS 0x00000000ee900000| PB 0x00000000ee900000| Complete 
| 234|0x00000000eea00000, 0x00000000eeb00000, 0x00000000eeb00000|100%| E|CS|TAMS 0x00000000eea00000| PB 0x00000000eea00000| Complete 
| 235|0x00000000eeb00000, 0x00000000eec00000, 0x00000000eec00000|100%| E|CS|TAMS 0x00000000eeb00000| PB 0x00000000eeb00000| Complete 
| 236|0x00000000eec00000, 0x00000000eed00000, 0x00000000eed00000|100%| E|CS|TAMS 0x00000000eec00000| PB 0x00000000eec00000| Complete 
| 237|0x00000000eed00000, 0x00000000eee00000, 0x00000000eee00000|100%| E|CS|TAMS 0x00000000eed00000| PB 0x00000000eed00000| Complete 
| 238|0x00000000eee00000, 0x00000000eef00000, 0x00000000eef00000|100%| E|CS|TAMS 0x00000000eee00000| PB 0x00000000eee00000| Complete 
| 239|0x00000000eef00000, 0x00000000ef000000, 0x00000000ef000000|100%| E|CS|TAMS 0x00000000eef00000| PB 0x00000000eef00000| Complete 
| 240|0x00000000ef000000, 0x00000000ef100000, 0x00000000ef100000|100%| E|CS|TAMS 0x00000000ef000000| PB 0x00000000ef000000| Complete 
| 241|0x00000000ef100000, 0x00000000ef200000, 0x00000000ef200000|100%| E|CS|TAMS 0x00000000ef100000| PB 0x00000000ef100000| Complete 
| 242|0x00000000ef200000, 0x00000000ef300000, 0x00000000ef300000|100%| E|CS|TAMS 0x00000000ef200000| PB 0x00000000ef200000| Complete 
| 243|0x00000000ef300000, 0x00000000ef400000, 0x00000000ef400000|100%| E|CS|TAMS 0x00000000ef300000| PB 0x00000000ef300000| Complete 
| 244|0x00000000ef400000, 0x00000000ef500000, 0x00000000ef500000|100%| E|CS|TAMS 0x00000000ef400000| PB 0x00000000ef400000| Complete 
| 245|0x00000000ef500000, 0x00000000ef600000, 0x00000000ef600000|100%| E|CS|TAMS 0x00000000ef500000| PB 0x00000000ef500000| Complete 
| 246|0x00000000ef600000, 0x00000000ef700000, 0x00000000ef700000|100%| E|CS|TAMS 0x00000000ef600000| PB 0x00000000ef600000| Complete 
| 247|0x00000000ef700000, 0x00000000ef800000, 0x00000000ef800000|100%| E|CS|TAMS 0x00000000ef700000| PB 0x00000000ef700000| Complete 
| 248|0x00000000ef800000, 0x00000000ef900000, 0x00000000ef900000|100%| E|CS|TAMS 0x00000000ef800000| PB 0x00000000ef800000| Complete 
| 249|0x00000000ef900000, 0x00000000efa00000, 0x00000000efa00000|100%| E|CS|TAMS 0x00000000ef900000| PB 0x00000000ef900000| Complete 
| 250|0x00000000efa00000, 0x00000000efb00000, 0x00000000efb00000|100%| E|CS|TAMS 0x00000000efa00000| PB 0x00000000efa00000| Complete 
| 251|0x00000000efb00000, 0x00000000efc00000, 0x00000000efc00000|100%| E|CS|TAMS 0x00000000efb00000| PB 0x00000000efb00000| Complete 
| 252|0x00000000efc00000, 0x00000000efd00000, 0x00000000efd00000|100%| E|CS|TAMS 0x00000000efc00000| PB 0x00000000efc00000| Complete 
| 253|0x00000000efd00000, 0x00000000efe00000, 0x00000000efe00000|100%| E|CS|TAMS 0x00000000efd00000| PB 0x00000000efd00000| Complete 
| 254|0x00000000efe00000, 0x00000000eff00000, 0x00000000eff00000|100%| E|CS|TAMS 0x00000000efe00000| PB 0x00000000efe00000| Complete 
| 255|0x00000000eff00000, 0x00000000f0000000, 0x00000000f0000000|100%| E|CS|TAMS 0x00000000eff00000| PB 0x00000000eff00000| Complete 

Card table byte_map: [0x000001c6dfff0000,0x000001c6e00f0000] _byte_map_base: 0x000001c6df8f0000

Marking Bits: (CMBitMap*) 0x000001c6c8574e40
 Bits: [0x000001c6e00f0000, 0x000001c6e08f0000)

Polling page: 0x000001c6c7d10000

Metaspace:

Usage:
  Non-class:     13.09 MB used.
      Class:      2.06 MB used.
       Both:     15.16 MB used.

Virtual space:
  Non-class space:       64.00 MB reserved,      13.31 MB ( 21%) committed,  1 nodes.
      Class space:      320.00 MB reserved,       2.31 MB ( <1%) committed,  1 nodes.
             Both:      384.00 MB reserved,      15.62 MB (  4%) committed. 

Chunk freelists:
   Non-Class:  1.74 MB
       Class:  13.73 MB
        Both:  15.46 MB

MaxMetaspaceSize: 384.00 MB
CompressedClassSpaceSize: 320.00 MB
Initial GC threshold: 21.00 MB
Current GC threshold: 21.00 MB
CDS: on
 - commit_granule_bytes: 65536.
 - commit_granule_words: 8192.
 - virtual_space_node_default_size: 8388608.
 - enlarge_chunks_in_place: 1.
 - use_allocation_guard: 0.


Internal statistics:

num_allocs_failed_limit: 0.
num_arena_births: 552.
num_arena_deaths: 0.
num_vsnodes_births: 2.
num_vsnodes_deaths: 0.
num_space_committed: 250.
num_space_uncommitted: 0.
num_chunks_returned_to_freelist: 0.
num_chunks_taken_from_freelist: 1081.
num_chunk_merges: 0.
num_chunk_splits: 706.
num_chunks_enlarged: 490.
num_inconsistent_stats: 0.

CodeHeap 'non-profiled nmethods': size=120000Kb used=1311Kb max_used=1311Kb free=118688Kb
 bounds [0x000001c6d8460000, 0x000001c6d86d0000, 0x000001c6df990000]
CodeHeap 'profiled nmethods': size=120000Kb used=5534Kb max_used=5534Kb free=114465Kb
 bounds [0x000001c6d0990000, 0x000001c6d0f00000, 0x000001c6d7ec0000]
CodeHeap 'non-nmethods': size=5760Kb used=1470Kb max_used=1490Kb free=4289Kb
 bounds [0x000001c6d7ec0000, 0x000001c6d8130000, 0x000001c6d8460000]
 total_blobs=3261 nmethods=2708 adapters=457
 compilation: enabled
              stopped_count=0, restarted_count=0
 full_count=0

Compilation events (20 events):
Event: 2.444 Thread 0x000001c6e35b1870 2701   !   3       java.lang.invoke.LambdaForm::lambdaName (49 bytes)
Event: 2.444 Thread 0x000001c6e35b1870 nmethod 2701 0x000001c6d0ef0290 code [0x000001c6d0ef0420, 0x000001c6d0ef0548]
Event: 2.444 Thread 0x000001c6e35b1870 2702       3       java.lang.invoke.InvokerBytecodeGenerator::classFilePrologue (64 bytes)
Event: 2.445 Thread 0x000001c6e35b1870 nmethod 2702 0x000001c6d0ef0610 code [0x000001c6d0ef0860, 0x000001c6d0ef0fd8]
Event: 2.445 Thread 0x000001c6e35b1870 2703       3       java.lang.invoke.InvokerBytecodeGenerator::emitReturn (107 bytes)
Event: 2.445 Thread 0x000001c6e3876300 2704       4       java.lang.invoke.MethodType::makeImpl (109 bytes)
Event: 2.445 Thread 0x000001c6fe0a8970 2705       4       java.lang.invoke.MethodType$ConcurrentWeakInternSet::get (47 bytes)
Event: 2.445 Thread 0x000001c6e35b1870 nmethod 2703 0x000001c6d0ef1290 code [0x000001c6d0ef14a0, 0x000001c6d0ef1988]
Event: 2.446 Thread 0x000001c6e35b1870 2706       3       java.lang.invoke.BoundMethodHandle::speciesDataFor (32 bytes)
Event: 2.446 Thread 0x000001c6e35b1870 nmethod 2706 0x000001c6d0ef1c10 code [0x000001c6d0ef1de0, 0x000001c6d0ef2178]
Event: 2.448 Thread 0x000001c6e35b1870 2708       3       sun.nio.fs.WindowsPathParser::normalize (233 bytes)
Event: 2.451 Thread 0x000001c6e35b1870 nmethod 2708 0x000001c6d0ef2290 code [0x000001c6d0ef2840, 0x000001c6d0ef54a0]
Event: 2.451 Thread 0x000001c6e35b1870 2709       3       sun.nio.fs.WindowsPath::getFileSystem (5 bytes)
Event: 2.451 Thread 0x000001c6e35b1870 nmethod 2709 0x000001c6d0ef6690 code [0x000001c6d0ef6820, 0x000001c6d0ef69c8]
Event: 2.455 Thread 0x000001c6fe0a8970 nmethod 2705 0x000001c6d85a6510 code [0x000001c6d85a6740, 0x000001c6d85a7188]
Event: 2.455 Thread 0x000001c6fe0a8970 2707       4       java.lang.invoke.LambdaForm::useCount (61 bytes)
Event: 2.458 Thread 0x000001c6fe0a8970 nmethod 2707 0x000001c6d85a7710 code [0x000001c6d85a78c0, 0x000001c6d85a7b80]
Event: 2.466 Thread 0x000001c6e35b1870 2710       3       java.lang.invoke.MethodHandleImpl::computeValueConversions (121 bytes)
Event: 2.467 Thread 0x000001c6e35b1870 nmethod 2710 0x000001c6d0ef6a90 code [0x000001c6d0ef6ca0, 0x000001c6d0ef74c0]
Event: 2.470 Thread 0x000001c6fe0a8970 2711       4       java.util.concurrent.ConcurrentHashMap::get (162 bytes)

GC Heap History (6 events):
Event: 0.461 GC heap before
{Heap before GC invocations=0 (full 0):
 garbage-first heap   total 262144K, used 26624K [0x00000000e0000000, 0x0000000100000000)
  region size 1024K, 23 young (23552K), 0 survivors (0K)
 Metaspace       used 1160K, committed 1280K, reserved 393216K
  class space    used 82K, committed 128K, reserved 327680K
}
Event: 0.467 GC heap after
{Heap after GC invocations=1 (full 0):
 garbage-first heap   total 262144K, used 10346K [0x00000000e0000000, 0x0000000100000000)
  region size 1024K, 3 young (3072K), 3 survivors (3072K)
 Metaspace       used 1160K, committed 1280K, reserved 393216K
  class space    used 82K, committed 128K, reserved 327680K
}
Event: 0.992 GC heap before
{Heap before GC invocations=1 (full 0):
 garbage-first heap   total 262144K, used 41066K [0x00000000e0000000, 0x0000000100000000)
  region size 1024K, 33 young (33792K), 3 survivors (3072K)
 Metaspace       used 4348K, committed 4544K, reserved 393216K
  class space    used 536K, committed 640K, reserved 327680K
}
Event: 0.996 GC heap after
{Heap after GC invocations=2 (full 0):
 garbage-first heap   total 262144K, used 11880K [0x00000000e0000000, 0x0000000100000000)
  region size 1024K, 2 young (2048K), 2 survivors (2048K)
 Metaspace       used 4348K, committed 4544K, reserved 393216K
  class space    used 536K, committed 640K, reserved 327680K
}
Event: 1.933 GC heap before
{Heap before GC invocations=2 (full 0):
 garbage-first heap   total 262144K, used 71272K [0x00000000e0000000, 0x0000000100000000)
  region size 1024K, 58 young (59392K), 2 survivors (2048K)
 Metaspace       used 9244K, committed 9600K, reserved 393216K
  class space    used 1211K, committed 1344K, reserved 327680K
}
Event: 1.941 GC heap after
{Heap after GC invocations=3 (full 0):
 garbage-first heap   total 262144K, used 19559K [0x00000000e0000000, 0x0000000100000000)
  region size 1024K, 8 young (8192K), 8 survivors (8192K)
 Metaspace       used 9244K, committed 9600K, reserved 393216K
  class space    used 1211K, committed 1344K, reserved 327680K
}

Dll operation events (15 events):
Event: 0.009 Loaded shared library C:\Users\Qifei Wang\.jdks\openjdk-21\bin\java.dll
Event: 0.054 Loaded shared library C:\Users\Qifei Wang\.jdks\openjdk-21\bin\jsvml.dll
Event: 0.095 Loaded shared library C:\Users\Qifei Wang\.jdks\openjdk-21\bin\zip.dll
Event: 0.098 Loaded shared library C:\Users\Qifei Wang\.jdks\openjdk-21\bin\instrument.dll
Event: 0.102 Loaded shared library C:\Users\Qifei Wang\.jdks\openjdk-21\bin\net.dll
Event: 0.103 Loaded shared library C:\Users\Qifei Wang\.jdks\openjdk-21\bin\nio.dll
Event: 0.105 Loaded shared library C:\Users\Qifei Wang\.jdks\openjdk-21\bin\zip.dll
Event: 0.351 Loaded shared library C:\Users\Qifei Wang\.jdks\openjdk-21\bin\jimage.dll
Event: 0.480 Loaded shared library C:\Users\Qifei Wang\.jdks\openjdk-21\bin\verify.dll
Event: 0.597 Loaded shared library C:\Users\Qifei Wang\.gradle\native\c067742578af261105cb4f569cf0c3c89f3d7b1fecec35dd04571415982c5e48\windows-amd64\native-platform.dll
Event: 0.601 Loaded shared library C:\Users\Qifei Wang\.gradle\native\100fb08df4bc3b14c8652ba06237920a3bd2aa13389f12d3474272988ae205f9\windows-amd64\native-platform-file-events.dll
Event: 1.668 Loaded shared library C:\Users\Qifei Wang\.jdks\openjdk-21\bin\management.dll
Event: 1.670 Loaded shared library C:\Users\Qifei Wang\.jdks\openjdk-21\bin\management_ext.dll
Event: 1.864 Loaded shared library C:\Users\Qifei Wang\.jdks\openjdk-21\bin\extnet.dll
Event: 1.962 Loaded shared library C:\Users\Qifei Wang\.jdks\openjdk-21\bin\sunmscapi.dll

Deoptimization events (20 events):
Event: 2.273 Thread 0x000001c6feba78d0 DEOPT PACKING pc=0x000001c6d8583d7c sp=0x0000009d5defd230
Event: 2.273 Thread 0x000001c6feba78d0 DEOPT UNPACKING pc=0x000001c6d7f146a2 sp=0x0000009d5defd1f8 mode 2
Event: 2.354 Thread 0x000001c6feba78d0 Uncommon trap: trap_request=0xffffffde fr.pc=0x000001c6d853d0e4 relative=0x0000000000000304
Event: 2.354 Thread 0x000001c6feba78d0 Uncommon trap: reason=class_check action=maybe_recompile pc=0x000001c6d853d0e4 method=java.util.regex.Pattern$BmpCharPropertyGreedy.match(Ljava/util/regex/Matcher;ILjava/lang/CharSequence;)Z @ 26 c2
Event: 2.354 Thread 0x000001c6feba78d0 DEOPT PACKING pc=0x000001c6d853d0e4 sp=0x0000009d5defc220
Event: 2.354 Thread 0x000001c6feba78d0 DEOPT UNPACKING pc=0x000001c6d7f146a2 sp=0x0000009d5defc1d8 mode 2
Event: 2.354 Thread 0x000001c6feba78d0 Uncommon trap: trap_request=0xffffffde fr.pc=0x000001c6d853d0e4 relative=0x0000000000000304
Event: 2.354 Thread 0x000001c6feba78d0 Uncommon trap: reason=class_check action=maybe_recompile pc=0x000001c6d853d0e4 method=java.util.regex.Pattern$BmpCharPropertyGreedy.match(Ljava/util/regex/Matcher;ILjava/lang/CharSequence;)Z @ 26 c2
Event: 2.354 Thread 0x000001c6feba78d0 DEOPT PACKING pc=0x000001c6d853d0e4 sp=0x0000009d5defc190
Event: 2.354 Thread 0x000001c6feba78d0 DEOPT UNPACKING pc=0x000001c6d7f146a2 sp=0x0000009d5defc148 mode 2
Event: 2.404 Thread 0x000001c6feba78d0 DEOPT PACKING pc=0x000001c6d0a72c64 sp=0x0000009d5defa7e0
Event: 2.404 Thread 0x000001c6feba78d0 DEOPT UNPACKING pc=0x000001c6d7f14e42 sp=0x0000009d5def9c78 mode 0
Event: 2.447 Thread 0x000001c6feba78d0 Uncommon trap: trap_request=0xffffff45 fr.pc=0x000001c6d8488f44 relative=0x0000000000000c04
Event: 2.447 Thread 0x000001c6feba78d0 Uncommon trap: reason=unstable_if action=reinterpret pc=0x000001c6d8488f44 method=java.io.WinNTFileSystem.resolve(Ljava/lang/String;Ljava/lang/String;)Ljava/lang/String; @ 19 c2
Event: 2.447 Thread 0x000001c6feba78d0 DEOPT PACKING pc=0x000001c6d8488f44 sp=0x0000009d5defb7b0
Event: 2.447 Thread 0x000001c6feba78d0 DEOPT UNPACKING pc=0x000001c6d7f146a2 sp=0x0000009d5defb758 mode 2
Event: 2.450 Thread 0x000001c6feba78d0 Uncommon trap: trap_request=0xffffff45 fr.pc=0x000001c6d84f30c0 relative=0x00000000000005e0
Event: 2.450 Thread 0x000001c6feba78d0 Uncommon trap: reason=unstable_if action=reinterpret pc=0x000001c6d84f30c0 method=java.io.File.getName()Ljava/lang/String; @ 16 c2
Event: 2.450 Thread 0x000001c6feba78d0 DEOPT PACKING pc=0x000001c6d84f30c0 sp=0x0000009d5defb780
Event: 2.450 Thread 0x000001c6feba78d0 DEOPT UNPACKING pc=0x000001c6d7f146a2 sp=0x0000009d5defb750 mode 2

Classes loaded (20 events):
Event: 2.372 Loading class java/util/concurrent/locks/ReentrantLock$FairSync
Event: 2.372 Loading class java/util/concurrent/locks/ReentrantLock$FairSync done
Event: 2.377 Loading class sun/misc/Unsafe
Event: 2.377 Loading class sun/misc/Unsafe done
Event: 2.381 Loading class java/net/DatagramPacket
Event: 2.382 Loading class java/net/DatagramPacket done
Event: 2.382 Loading class sun/nio/ch/DatagramSocketAdaptor$DatagramPackets
Event: 2.382 Loading class sun/nio/ch/DatagramSocketAdaptor$DatagramPackets done
Event: 2.421 Loading class sun/security/provider/MD5
Event: 2.421 Loading class sun/security/provider/MD5 done
Event: 2.421 Loading class sun/security/provider/SHA5$SHA512
Event: 2.422 Loading class sun/security/provider/SHA5
Event: 2.422 Loading class sun/security/provider/SHA5 done
Event: 2.422 Loading class sun/security/provider/SHA5$SHA512 done
Event: 2.423 Loading class sun/security/provider/ByteArrayAccess$LE
Event: 2.423 Loading class sun/security/provider/ByteArrayAccess$LE done
Event: 2.449 Loading class java/io/File$TempDirectory
Event: 2.449 Loading class java/io/File$TempDirectory done
Event: 2.453 Loading class java/io/PrintWriter
Event: 2.453 Loading class java/io/PrintWriter done

Classes unloaded (0 events):
No events

Classes redefined (0 events):
No events

Internal exceptions (20 events):
Event: 1.828 Thread 0x000001c6c62861f0 Exception <a 'java/lang/NoSuchMethodError'{0x00000000ec904620}: 'java.lang.Object java.lang.invoke.DirectMethodHandle$Holder.invokeStaticInit(java.lang.Object, int, int, int, int)'> (0x00000000ec904620) 
thrown [s\open\src\hotspot\share\interpreter\linkResolver.cpp, line 773]
Event: 1.852 Thread 0x000001c6c62861f0 Exception <a 'java/lang/NoSuchMethodError'{0x00000000ec8387b8}: 'java.lang.Object java.lang.invoke.DirectMethodHandle$Holder.invokeStaticInit(java.lang.Object, java.lang.Object, int, int, int, int)'> (0x00000000ec8387b8) 
thrown [s\open\src\hotspot\share\interpreter\linkResolver.cpp, line 773]
Event: 1.931 Thread 0x000001c6c62861f0 Exception <a 'java/io/IOException'{0x00000000ec6941c8}> (0x00000000ec6941c8) 
thrown [s\open\src\hotspot\share\prims\jni.cpp, line 520]
Event: 1.943 Thread 0x000001c6c62861f0 Implicit null exception at 0x000001c6d84a91a4 to 0x000001c6d84a97fc
Event: 2.019 Thread 0x000001c6feb8a770 Exception <a 'java/lang/NoSuchMethodError'{0x00000000efcc26c0}: 'void java.lang.invoke.DirectMethodHandle$Holder.invokeSpecial(java.lang.Object, java.lang.Object, java.lang.Object)'> (0x00000000efcc26c0) 
thrown [s\open\src\hotspot\share\interpreter\linkResolver.cpp, line 773]
Event: 2.066 Thread 0x000001c6feba78d0 Exception <a 'java/lang/NoSuchMethodError'{0x00000000ef652aa8}: 'long java.lang.invoke.DirectMethodHandle$Holder.invokeInterface(java.lang.Object, java.lang.Object)'> (0x00000000ef652aa8) 
thrown [s\open\src\hotspot\share\interpreter\linkResolver.cpp, line 773]
Event: 2.130 Thread 0x000001c6feba78d0 Exception <a 'java/lang/NoSuchMethodError'{0x00000000ef291c20}: 'void java.lang.invoke.DirectMethodHandle$Holder.invokeStatic(java.lang.Object, java.lang.Object)'> (0x00000000ef291c20) 
thrown [s\open\src\hotspot\share\interpreter\linkResolver.cpp, line 773]
Event: 2.136 Thread 0x000001c6feba78d0 Exception <a 'java/lang/NoSuchMethodError'{0x00000000ef2d0570}: 'java.lang.Object java.lang.invoke.DirectMethodHandle$Holder.invokeVirtual(java.lang.Object, java.lang.Object, java.lang.Object, java.lang.Object, java.lang.Object, java.lang.Object, java.lang.Object, java.lang.Object, java.lang.Object, java.lang.Object, java.lang.Object, java.lang.Object)'> (0x00000000ef2d0570) 
thrown [s\open\src\hotspot\share\interpreter\linkResolver.cpp, line 773]
Event: 2.136 Thread 0x000001c6feba78d0 Exception <a 'java/lang/NoSuchMethodError'{0x00000000ef2d55e0}: 'java.lang.Object java.lang.invoke.DirectMethodHandle$Holder.invokeSpecial(java.lang.Object, java.lang.Object, java.lang.Object, java.lang.Object, java.lang.Object, java.lang.Object, java.lang.Object, java.lang.Object, java.lang.Object, java.lang.Object, java.lang.Object, java.lang.Object, java.lang.Object)'> (0x00000000ef2d55e0) 
thrown [s\open\src\hotspot\share\interpreter\linkResolver.cpp, line 773]
Event: 2.164 Thread 0x000001c6feba78d0 Exception <a 'java/lang/NoSuchMethodError'{0x00000000ef07f9f8}: 'java.lang.Object java.lang.invoke.DirectMethodHandle$Holder.newInvokeSpecial(java.lang.Object, java.lang.Object, java.lang.Object, java.lang.Object, java.lang.Object)'> (0x00000000ef07f9f8) 
thrown [s\open\src\hotspot\share\interpreter\linkResolver.cpp, line 773]
Event: 2.172 Thread 0x000001c6feba78d0 Exception <a 'java/lang/NoSuchMethodError'{0x00000000ef0d7818}: 'int java.lang.invoke.DirectMethodHandle$Holder.invokeVirtual(java.lang.Object, java.lang.Object, java.lang.Object)'> (0x00000000ef0d7818) 
thrown [s\open\src\hotspot\share\interpreter\linkResolver.cpp, line 773]
Event: 2.211 Thread 0x000001c6feba78d0 Exception <a 'java/lang/NoSuchMethodError'{0x00000000eed2d4c0}: 'java.lang.Object java.lang.invoke.DirectMethodHandle$Holder.newInvokeSpecial(java.lang.Object, java.lang.Object, java.lang.Object, java.lang.Object, java.lang.Object, java.lang.Object)'> (0x00000000eed2d4c0) 
thrown [s\open\src\hotspot\share\interpreter\linkResolver.cpp, line 773]
Event: 2.214 Thread 0x000001c6feba78d0 Exception <a 'java/lang/NoSuchMethodError'{0x00000000eed52ab0}: 'void java.lang.invoke.DirectMethodHandle$Holder.invokeStaticInit(java.lang.Object, java.lang.Object)'> (0x00000000eed52ab0) 
thrown [s\open\src\hotspot\share\interpreter\linkResolver.cpp, line 773]
Event: 2.269 Thread 0x000001c6feba78d0 Exception <a 'java/lang/NoSuchMethodError'{0x00000000eebf1aa0}: 'void java.lang.invoke.DelegatingMethodHandle$Holder.reinvoke_L(java.lang.Object, java.lang.Object, java.lang.Object, java.lang.Object, java.lang.Object, java.lang.Object, java.lang.Object, java.lang.Object, java.lang.Object, java.lang.Object)'> (0x00000000eebf1aa0) 
thrown [s\open\src\hotspot\share\interpreter\linkResolver.cpp, line 773]
Event: 2.269 Thread 0x000001c6feba78d0 Exception <a 'java/lang/NoSuchMethodError'{0x00000000eebf94a0}: 'java.lang.Object java.lang.invoke.Invokers$Holder.invoker(java.lang.Object, java.lang.Object, java.lang.Object, java.lang.Object, java.lang.Object, java.lang.Object, java.lang.Object, java.lang.Object, java.lang.Object, java.lang.Object)'> (0x00000000eebf94a0) 
thrown [s\open\src\hotspot\share\interpreter\linkResolver.cpp, line 773]
Event: 2.328 Thread 0x000001c6feba78d0 Exception <a 'java/lang/NoSuchMethodError'{0x00000000ee7c9ab8}: 'void java.lang.invoke.DirectMethodHandle$Holder.invokeVirtual(java.lang.Object, java.lang.Object, java.lang.Object, java.lang.Object, java.lang.Object)'> (0x00000000ee7c9ab8) 
thrown [s\open\src\hotspot\share\interpreter\linkResolver.cpp, line 773]
Event: 2.350 Thread 0x000001c6feba78d0 Exception <a 'java/lang/NoSuchMethodError'{0x00000000ee555bf0}: 'void java.lang.invoke.DirectMethodHandle$Holder.invokeInterface(java.lang.Object, java.lang.Object)'> (0x00000000ee555bf0) 
thrown [s\open\src\hotspot\share\interpreter\linkResolver.cpp, line 773]
Event: 2.351 Thread 0x000001c6feba78d0 Exception <a 'java/lang/IncompatibleClassChangeError'{0x00000000ee559150}: Found class java.lang.Object, but interface was expected> (0x00000000ee559150) 
thrown [s\open\src\hotspot\share\interpreter\linkResolver.cpp, line 840]
Event: 2.374 Thread 0x000001c6feba78d0 Exception <a 'java/lang/NoSuchMethodError'{0x00000000ee47ad28}: 'java.lang.Object java.lang.invoke.DirectMethodHandle$Holder.newInvokeSpecial(java.lang.Object, java.lang.Object, int)'> (0x00000000ee47ad28) 
thrown [s\open\src\hotspot\share\interpreter\linkResolver.cpp, line 773]
Event: 2.392 Thread 0x000001c6feba78d0 Exception <a 'java/lang/NoSuchMethodError'{0x00000000ee2031f0}: 'java.lang.Object java.lang.invoke.DirectMethodHandle$Holder.invokeVirtual(java.lang.Object, java.lang.Object, java.lang.Object, java.lang.Object, java.lang.Object, java.lang.Object, java.lang.Object, java.lang.Object)'> (0x00000000ee2031f0) 
thrown [s\open\src\hotspot\share\interpreter\linkResolver.cpp, line 773]

ZGC Phase Switch (0 events):
No events

VM Operations (20 events):
Event: 1.741 Executing VM operation: HandshakeAllThreads (Deoptimize)
Event: 1.741 Executing VM operation: HandshakeAllThreads (Deoptimize) done
Event: 1.768 Executing VM operation: HandshakeAllThreads (Deoptimize)
Event: 1.768 Executing VM operation: HandshakeAllThreads (Deoptimize) done
Event: 1.801 Executing VM operation: HandshakeAllThreads (Deoptimize)
Event: 1.801 Executing VM operation: HandshakeAllThreads (Deoptimize) done
Event: 1.825 Executing VM operation: ICBufferFull
Event: 1.825 Executing VM operation: ICBufferFull done
Event: 1.840 Executing VM operation: HandshakeAllThreads (Deoptimize)
Event: 1.840 Executing VM operation: HandshakeAllThreads (Deoptimize) done
Event: 1.901 Executing VM operation: HandshakeAllThreads (Deoptimize)
Event: 1.901 Executing VM operation: HandshakeAllThreads (Deoptimize) done
Event: 1.933 Executing VM operation: G1CollectForAllocation (G1 Evacuation Pause)
Event: 1.941 Executing VM operation: G1CollectForAllocation (G1 Evacuation Pause) done
Event: 1.951 Executing VM operation: HandshakeAllThreads (Deoptimize)
Event: 1.952 Executing VM operation: HandshakeAllThreads (Deoptimize) done
Event: 2.194 Executing VM operation: HandshakeAllThreads (Deoptimize)
Event: 2.194 Executing VM operation: HandshakeAllThreads (Deoptimize) done
Event: 2.372 Executing VM operation: HandshakeAllThreads (Deoptimize)
Event: 2.372 Executing VM operation: HandshakeAllThreads (Deoptimize) done

Events (20 events):
Event: 0.053 Thread 0x000001c6e35b1870 Thread added: 0x000001c6e35b1870
Event: 0.071 Thread 0x000001c6e36a0200 Thread added: 0x000001c6e36a0200
Event: 0.119 Thread 0x000001c6e385a080 Thread added: 0x000001c6e385a080
Event: 0.180 Thread 0x000001c6e3876300 Thread added: 0x000001c6e3876300
Event: 0.352 Thread 0x000001c6fd390fd0 Thread added: 0x000001c6fd390fd0
Event: 1.150 Thread 0x000001c6fd390fd0 Thread exited: 0x000001c6fd390fd0
Event: 1.444 Thread 0x000001c6fe0a8970 Thread added: 0x000001c6fe0a8970
Event: 1.705 Thread 0x000001c6fe7c6540 Thread added: 0x000001c6fe7c6540
Event: 1.888 Thread 0x000001c6fe70c870 Thread added: 0x000001c6fe70c870
Event: 1.947 Thread 0x000001c6fe9c7590 Thread added: 0x000001c6fe9c7590
Event: 1.981 Thread 0x000001c6feb8a770 Thread added: 0x000001c6feb8a770
Event: 1.984 Thread 0x000001c6feb8ade0 Thread added: 0x000001c6feb8ade0
Event: 2.012 Thread 0x000001c6feb95510 Thread added: 0x000001c6feb95510
Event: 2.019 Thread 0x000001c6feba78d0 Thread added: 0x000001c6feba78d0
Event: 2.029 Thread 0x000001c6feba4450 Thread added: 0x000001c6feba4450
Event: 2.033 Thread 0x000001c6feba5800 Thread added: 0x000001c6feba5800
Event: 2.035 Thread 0x000001c6feba4ae0 Thread added: 0x000001c6feba4ae0
Event: 2.373 Thread 0x000001c6feba5e90 Thread added: 0x000001c6feba5e90
Event: 2.381 Thread 0x000001c6feba6520 Thread added: 0x000001c6feba6520
Event: 2.413 Thread 0x000001c6feba6bb0 Thread added: 0x000001c6feba6bb0


Dynamic libraries:
0x00007ff778620000 - 0x00007ff77862e000 	C:\Users\Qifei Wang\.jdks\openjdk-21\bin\java.exe
0x00007fffd02d0000 - 0x00007fffd04e7000 	C:\WINDOWS\SYSTEM32\ntdll.dll
0x00007fffcdff0000 - 0x00007fffce0b4000 	C:\WINDOWS\System32\KERNEL32.DLL
0x00007fffcd720000 - 0x00007fffcdad9000 	C:\WINDOWS\System32\KERNELBASE.dll
0x00007fffcdae0000 - 0x00007fffcdbf1000 	C:\WINDOWS\System32\ucrtbase.dll
0x00007fffc3730000 - 0x00007fffc374b000 	C:\Users\Qifei Wang\.jdks\openjdk-21\bin\VCRUNTIME140.dll
0x00007fffa6830000 - 0x00007fffa6848000 	C:\Users\Qifei Wang\.jdks\openjdk-21\bin\jli.dll
0x00007fffcfcd0000 - 0x00007fffcfe7e000 	C:\WINDOWS\System32\USER32.dll
0x00007fffcd5d0000 - 0x00007fffcd5f6000 	C:\WINDOWS\System32\win32u.dll
0x00007fffb1340000 - 0x00007fffb15d2000 	C:\WINDOWS\WinSxS\amd64_microsoft.windows.common-controls_6595b64144ccf1df_6.0.22621.4391_none_2715d37f73803e96\COMCTL32.dll
0x00007fffd01c0000 - 0x00007fffd01e9000 	C:\WINDOWS\System32\GDI32.dll
0x00007fffcf850000 - 0x00007fffcf8f7000 	C:\WINDOWS\System32\msvcrt.dll
0x00007fffcd600000 - 0x00007fffcd71b000 	C:\WINDOWS\System32\gdi32full.dll
0x00007fffcdc70000 - 0x00007fffcdd0a000 	C:\WINDOWS\System32\msvcp_win.dll
0x00007fffcfc90000 - 0x00007fffcfcc1000 	C:\WINDOWS\System32\IMM32.DLL
0x00007fffbc140000 - 0x00007fffbc14c000 	C:\Users\Qifei Wang\.jdks\openjdk-21\bin\vcruntime140_1.dll
0x00007fff81e30000 - 0x00007fff81ebe000 	C:\Users\Qifei Wang\.jdks\openjdk-21\bin\msvcp140.dll
0x00007fff2f160000 - 0x00007fff2fe73000 	C:\Users\Qifei Wang\.jdks\openjdk-21\bin\server\jvm.dll
0x00007fffcf090000 - 0x00007fffcf142000 	C:\WINDOWS\System32\ADVAPI32.dll
0x00007fffd0010000 - 0x00007fffd00b7000 	C:\WINDOWS\System32\sechost.dll
0x00007fffcddd0000 - 0x00007fffcddf8000 	C:\WINDOWS\System32\bcrypt.dll
0x00007fffcf320000 - 0x00007fffcf434000 	C:\WINDOWS\System32\RPCRT4.dll
0x00007fffcf010000 - 0x00007fffcf081000 	C:\WINDOWS\System32\WS2_32.dll
0x00007fffccf70000 - 0x00007fffccfbd000 	C:\WINDOWS\SYSTEM32\POWRPROF.dll
0x00007fffc75d0000 - 0x00007fffc75da000 	C:\WINDOWS\SYSTEM32\VERSION.dll
0x00007fffc8e20000 - 0x00007fffc8e54000 	C:\WINDOWS\SYSTEM32\WINMM.dll
0x00007fffccee0000 - 0x00007fffccef3000 	C:\WINDOWS\SYSTEM32\UMPDC.dll
0x00007fffcc610000 - 0x00007fffcc628000 	C:\WINDOWS\SYSTEM32\kernel.appcore.dll
0x00007fffba470000 - 0x00007fffba47a000 	C:\Users\Qifei Wang\.jdks\openjdk-21\bin\jimage.dll
0x00007fffcabe0000 - 0x00007fffcae12000 	C:\WINDOWS\SYSTEM32\DBGHELP.DLL
0x00007fffcf4c0000 - 0x00007fffcf84f000 	C:\WINDOWS\System32\combase.dll
0x00007fffcf900000 - 0x00007fffcf9d7000 	C:\WINDOWS\System32\OLEAUT32.dll
0x00007fffb6e70000 - 0x00007fffb6ea2000 	C:\WINDOWS\SYSTEM32\dbgcore.DLL
0x00007fffcdf70000 - 0x00007fffcdfeb000 	C:\WINDOWS\System32\bcryptPrimitives.dll
0x00007fffb5970000 - 0x00007fffb597f000 	C:\Users\Qifei Wang\.jdks\openjdk-21\bin\instrument.dll
0x00007fffa6520000 - 0x00007fffa653f000 	C:\Users\Qifei Wang\.jdks\openjdk-21\bin\java.dll
0x00007fffce5c0000 - 0x00007fffcee36000 	C:\WINDOWS\System32\SHELL32.dll
0x00007fffcb510000 - 0x00007fffcbe13000 	C:\WINDOWS\SYSTEM32\windows.storage.dll
0x00007fffcb3d0000 - 0x00007fffcb50f000 	C:\WINDOWS\SYSTEM32\wintypes.dll
0x00007fffd00c0000 - 0x00007fffd01b9000 	C:\WINDOWS\System32\SHCORE.dll
0x00007fffcee40000 - 0x00007fffcee9e000 	C:\WINDOWS\System32\shlwapi.dll
0x00007fffcd500000 - 0x00007fffcd52b000 	C:\WINDOWS\SYSTEM32\profapi.dll
0x00007fff80e00000 - 0x00007fff80ed7000 	C:\Users\Qifei Wang\.jdks\openjdk-21\bin\jsvml.dll
0x00007fff9fc70000 - 0x00007fff9fc88000 	C:\Users\Qifei Wang\.jdks\openjdk-21\bin\zip.dll
0x00007fffb5930000 - 0x00007fffb5940000 	C:\Users\Qifei Wang\.jdks\openjdk-21\bin\net.dll
0x00007fffc7190000 - 0x00007fffc72c6000 	C:\WINDOWS\SYSTEM32\WINHTTP.dll
0x00007fffcca90000 - 0x00007fffccaf9000 	C:\WINDOWS\system32\mswsock.dll
0x00007fff9add0000 - 0x00007fff9ade6000 	C:\Users\Qifei Wang\.jdks\openjdk-21\bin\nio.dll
0x00007fffb5860000 - 0x00007fffb5870000 	C:\Users\Qifei Wang\.jdks\openjdk-21\bin\verify.dll
0x00007fff9fea0000 - 0x00007fff9fec7000 	C:\Users\Qifei Wang\.gradle\native\c067742578af261105cb4f569cf0c3c89f3d7b1fecec35dd04571415982c5e48\windows-amd64\native-platform.dll
0x00007fff7e310000 - 0x00007fff7e454000 	C:\Users\Qifei Wang\.gradle\native\100fb08df4bc3b14c8652ba06237920a3bd2aa13389f12d3474272988ae205f9\windows-amd64\native-platform-file-events.dll
0x00007fffb5060000 - 0x00007fffb506a000 	C:\Users\Qifei Wang\.jdks\openjdk-21\bin\management.dll
0x00007fffaf480000 - 0x00007fffaf48b000 	C:\Users\Qifei Wang\.jdks\openjdk-21\bin\management_ext.dll
0x00007fffce130000 - 0x00007fffce138000 	C:\WINDOWS\System32\PSAPI.DLL
0x00007fffccd50000 - 0x00007fffccd6b000 	C:\WINDOWS\SYSTEM32\CRYPTSP.dll
0x00007fffcc570000 - 0x00007fffcc5a5000 	C:\WINDOWS\system32\rsaenh.dll
0x00007fffccbf0000 - 0x00007fffccc18000 	C:\WINDOWS\SYSTEM32\USERENV.dll
0x00007fffccd70000 - 0x00007fffccd7c000 	C:\WINDOWS\SYSTEM32\CRYPTBASE.dll
0x00007fffcc080000 - 0x00007fffcc0ad000 	C:\WINDOWS\SYSTEM32\IPHLPAPI.DLL
0x00007fffcf150000 - 0x00007fffcf159000 	C:\WINDOWS\System32\NSI.dll
0x00007fffadcb0000 - 0x00007fffadcb7000 	C:\Users\Qifei Wang\.jdks\openjdk-21\bin\extnet.dll
0x00007fffadaa0000 - 0x00007fffadaae000 	C:\Users\Qifei Wang\.jdks\openjdk-21\bin\sunmscapi.dll
0x00007fffcde00000 - 0x00007fffcdf66000 	C:\WINDOWS\System32\CRYPT32.dll
0x00007fffccf40000 - 0x00007fffccf6d000 	C:\WINDOWS\SYSTEM32\ncrypt.dll
0x00007fffccf00000 - 0x00007fffccf37000 	C:\WINDOWS\SYSTEM32\NTASN1.dll
0x00007fff92e40000 - 0x00007fff92e48000 	C:\WINDOWS\system32\wshunix.dll

dbghelp: loaded successfully - version: 4.0.5 - missing functions: none
symbol engine: initialized successfully - sym options: 0x614 - pdb path: .;C:\Users\Qifei Wang\.jdks\openjdk-21\bin;C:\WINDOWS\SYSTEM32;C:\WINDOWS\WinSxS\amd64_microsoft.windows.common-controls_6595b64144ccf1df_6.0.22621.4391_none_2715d37f73803e96;C:\Users\Qifei Wang\.jdks\openjdk-21\bin\server;C:\Users\Qifei Wang\.gradle\native\c067742578af261105cb4f569cf0c3c89f3d7b1fecec35dd04571415982c5e48\windows-amd64;C:\Users\Qifei Wang\.gradle\native\100fb08df4bc3b14c8652ba06237920a3bd2aa13389f12d3474272988ae205f9\windows-amd64

VM Arguments:
jvm_args: --add-opens=java.base/java.util=ALL-UNNAMED --add-opens=java.base/java.lang=ALL-UNNAMED --add-opens=java.base/java.lang.invoke=ALL-UNNAMED --add-opens=java.prefs/java.util.prefs=ALL-UNNAMED --add-exports=jdk.compiler/com.sun.tools.javac.api=ALL-UNNAMED --add-exports=jdk.compiler/com.sun.tools.javac.util=ALL-UNNAMED --add-opens=java.base/java.nio.charset=ALL-UNNAMED --add-opens=java.base/java.net=ALL-UNNAMED --add-opens=java.base/java.util.concurrent.atomic=ALL-UNNAMED -XX:MaxMetaspaceSize=384m -XX:+HeapDumpOnOutOfMemoryError -Xms256m -Xmx512m -Dfile.encoding=GBK -Duser.country=CN -Duser.language=zh -Duser.variant -javaagent:C:\Users\Qifei Wang\.gradle\wrapper\dists\gradle-8.9-bin\90cnw93cvbtalezasaz0blq0a\gradle-8.9\lib\agents\gradle-instrumentation-agent-8.9.jar 
java_command: org.gradle.launcher.daemon.bootstrap.GradleDaemon 8.9
java_class_path (initial): C:\Users\Qifei Wang\.gradle\wrapper\dists\gradle-8.9-bin\90cnw93cvbtalezasaz0blq0a\gradle-8.9\lib\gradle-daemon-main-8.9.jar
Launcher Type: SUN_STANDARD

[Global flags]
     intx CICompilerCount                          = 4                                         {product} {ergonomic}
   size_t CompressedClassSpaceSize                 = 335544320                                 {product} {ergonomic}
     uint ConcGCThreads                            = 3                                         {product} {ergonomic}
     uint G1ConcRefinementThreads                  = 10                                        {product} {ergonomic}
   size_t G1HeapRegionSize                         = 1048576                                   {product} {ergonomic}
    uintx GCDrainStackTargetSize                   = 64                                        {product} {ergonomic}
     bool HeapDumpOnOutOfMemoryError               = true                                   {manageable} {command line}
   size_t InitialHeapSize                          = 268435456                                 {product} {command line}
   size_t MarkStackSize                            = 4194304                                   {product} {ergonomic}
   size_t MaxHeapSize                              = 536870912                                 {product} {command line}
   size_t MaxMetaspaceSize                         = 402653184                                 {product} {command line}
   size_t MaxNewSize                               = 321912832                                 {product} {ergonomic}
   size_t MinHeapDeltaBytes                        = 1048576                                   {product} {ergonomic}
   size_t MinHeapSize                              = 268435456                                 {product} {command line}
    uintx NonNMethodCodeHeapSize                   = 5839372                                {pd product} {ergonomic}
    uintx NonProfiledCodeHeapSize                  = 122909434                              {pd product} {ergonomic}
    uintx ProfiledCodeHeapSize                     = 122909434                              {pd product} {ergonomic}
    uintx ReservedCodeCacheSize                    = 251658240                              {pd product} {ergonomic}
     bool SegmentedCodeCache                       = true                                      {product} {ergonomic}
   size_t SoftMaxHeapSize                          = 536870912                              {manageable} {ergonomic}
     bool UseCompressedOops                        = true                           {product lp64_product} {ergonomic}
     bool UseG1GC                                  = true                                      {product} {ergonomic}
     bool UseLargePagesIndividualAllocation        = false                                  {pd product} {ergonomic}

Logging:
Log output configuration:
 #0: stdout all=warning uptime,level,tags foldmultilines=false
 #1: stderr all=off uptime,level,tags foldmultilines=false

Environment Variables:
JAVA_HOME=C:\Program Files\Java\jre-1.8
PATH=C:\Program Files\Common Files\Oracle\Java\javapath;C:\WINDOWS\system32;C:\WINDOWS;C:\WINDOWS\System32\Wbem;C:\WINDOWS\System32\WindowsPowerShell\v1.0\;C:\WINDOWS\System32\OpenSSH\;C:\Program Files\PuTTY\;C:\Program Files\Java\jre-1.8\bin;C:\Program Files\Java\jdk-21\bin;C:\Program Files\Git\cmd;C:\Users\Qifei Wang\AppData\Local\Programs\Python\Launcher\;C:\Users\Qifei Wang\AppData\Local\Microsoft\WindowsApps;C:\Users\Qifei Wang\AppData\Local\Programs\Microsoft VS Code\bin;C:\Users\Qifei Wang\AppData\Local\Programs\MiKTeX\miktex\bin\x64\
USERNAME=Qifei Wang
OS=Windows_NT
PROCESSOR_IDENTIFIER=AMD64 Family 23 Model 96 Stepping 1, AuthenticAMD
TMP=C:\Users\QIFEIW~1\AppData\Local\Temp
TEMP=C:\Users\QIFEIW~1\AppData\Local\Temp




---------------  S Y S T E M  ---------------

OS:
 Windows 11 , 64 bit Build 22621 (10.0.22621.4391)
OS uptime: 10 days 4:52 hours

CPU: total 12 (initial active 12) (12 cores per cpu, 2 threads per core) family 23 model 96 stepping 1 microcode 0x0, cx8, cmov, fxsr, ht, mmx, 3dnowpref, sse, sse2, sse3, ssse3, sse4a, sse4.1, sse4.2, popcnt, lzcnt, tsc, tscinvbit, avx, avx2, aes, clmul, bmi1, bmi2, adx, sha, fma, vzeroupper, clflush, clflushopt, rdtscp, rdpid, f16c
Processor Information for all 12 processors :
  Max Mhz: 3000, Current Mhz: 3000, Mhz Limit: 3000

Memory: 4k page, system-wide physical 15741M (2182M free)
TotalPageFile size 15741M (AvailPageFile size 5M)
current process WorkingSet (physical memory assigned to process): 173M, peak: 173M
current process commit charge ("private bytes"): 403M, peak: 403M

vm_info: OpenJDK 64-Bit Server VM (21+35-2513) for windows-amd64 JRE (21+35-2513), built on 2023-08-09T20:25:10Z by "mach5one" with MS VC++ 17.1 (VS2022)

END.
