#
# There is insufficient memory for the Java Runtime Environment to continue.
# Native memory allocation (mmap) failed to map 257949696 bytes for G1 virtual space
# Possible reasons:
#   The system is out of physical RAM or swap space
#   The process is running with CompressedOops enabled, and the Java Heap may be blocking the growth of the native heap
# Possible solutions:
#   Reduce memory load on the system
#   Increase physical memory or swap space
#   Check if swap backing store is full
#   Decrease Java heap size (-Xmx/-Xms)
#   Decrease number of Java threads
#   Decrease Java thread stack sizes (-Xss)
#   Set larger code cache with -XX:ReservedCodeCacheSize=
#   JVM is running with Unscaled Compressed Oops mode in which the Java heap is
#     placed in the first 4GB address space. The Java Heap base address is the
#     maximum limit for the native heap growth. Please use -XX:HeapBaseMinAddress
#     to set the Java Heap base and to place the Java Heap above 4GB virtual address.
# This output file may be truncated or incomplete.
#
#  Out of Memory Error (os_windows.cpp:3600), pid=24444, tid=26820
#
# JRE version:  (21.0+35) (build )
# Java VM: OpenJDK 64-Bit Server VM (21+35-2513, mixed mode, sharing, tiered, compressed oops, compressed class ptrs, g1 gc, windows-amd64)
# No core dump will be written. Minidumps are not enabled by default on client versions of Windows
#

---------------  S U M M A R Y ------------

Command Line: -Dorg.gradle.internal.worker.tmpdir=D:\UNH CS\CS515Fall\11L\build\tmp\test\work -Xmx512m -Dfile.encoding=GBK -Duser.country=CN -Duser.language=zh -Duser.variant -ea worker.org.gradle.process.internal.worker.GradleWorkerMain 'Gradle Test Executor 2'

Host: AMD Ryzen 5 4600H with Radeon Graphics         , 12 cores, 15G,  Windows 11 , 64 bit Build 22621 (10.0.22621.4391)
Time: Thu Nov  7 12:35:15 2024  Windows 11 , 64 bit Build 22621 (10.0.22621.4391) elapsed time: 0.008128 seconds (0d 0h 0m 0s)

---------------  T H R E A D  ---------------

Current thread (0x000002ea5168cc60):  JavaThread "Unknown thread" [_thread_in_vm, id=26820, stack(0x000000f18e300000,0x000000f18e400000) (1024K)]

Stack: [0x000000f18e300000,0x000000f18e400000]
Native frames: (J=compiled Java code, j=interpreted, Vv=VM code, C=native code)
V  [jvm.dll+0x6c8d39]
V  [jvm.dll+0x854091]
V  [jvm.dll+0x85630e]
V  [jvm.dll+0x8569e3]
V  [jvm.dll+0x2809a6]
V  [jvm.dll+0x6c5425]
V  [jvm.dll+0x6b9e1a]
V  [jvm.dll+0x3555ba]
V  [jvm.dll+0x35d206]
V  [jvm.dll+0x3adf6e]
V  [jvm.dll+0x3ae218]
V  [jvm.dll+0x328fcc]
V  [jvm.dll+0x329b5b]
V  [jvm.dll+0x81c699]
V  [jvm.dll+0x3bb2a1]
V  [jvm.dll+0x805688]
V  [jvm.dll+0x44ed9e]
V  [jvm.dll+0x4506a1]
C  [jli.dll+0x52a3]
C  [ucrtbase.dll+0x29333]
C  [KERNEL32.DLL+0x1259d]
C  [ntdll.dll+0x5af38]


---------------  P R O C E S S  ---------------

Threads class SMR info:
_java_thread_list=0x00007fff2d107b48, length=0, elements={
}

Java Threads: ( => current thread )
Total: 0

Other Threads:
  0x000002ea539b0f10 WorkerThread "GC Thread#0"                     [id=17728, stack(0x000000f18e400000,0x000000f18e500000) (1024K)]
  0x000002ea539b5ef0 ConcurrentGCThread "G1 Main Marker"            [id=2788, stack(0x000000f18e500000,0x000000f18e600000) (1024K)]
  0x000002ea539b6ba0 WorkerThread "G1 Conc#0"                       [id=22616, stack(0x000000f18e600000,0x000000f18e700000) (1024K)]

[error occurred during error reporting (printing all threads), id 0xc0000005, EXCEPTION_ACCESS_VIOLATION (0xc0000005) at pc=0x00007fff2c87c097]
VM state: not at safepoint (not fully initialized)

VM Mutex/Monitor currently owned by a thread:  ([mutex/lock_event])
[0x00007fff2d178648] Heap_lock - owner thread: 0x000002ea5168cc60

Heap address: 0x00000000e0000000, size: 512 MB, Compressed Oops mode: 32-bit

CDS archive(s) mapped at: [0x0000000000000000-0x0000000000000000-0x0000000000000000), size 0, SharedBaseAddress: 0x0000000800000000, ArchiveRelocationMode: 1.
Narrow klass base: 0x0000000000000000, Narrow klass shift: 0, Narrow klass range: 0x0

GC Precious Log:
 CardTable entry size: 512
 Card Set container configuration: InlinePtr #cards 5 size 8 Array Of Cards #cards 12 size 40 Howl #buckets 4 coarsen threshold 1843 Howl Bitmap #cards 512 size 80 coarsen threshold 460 Card regions per heap region 1 cards per card region 2048

Heap:
 garbage-first heap   total 0K, used 0K [0x00000000e0000000, 0x0000000100000000)
  region size 1024K, 0 young (0K), 0 survivors (0K)

[error occurred during error reporting (printing heap information), id 0xc0000005, EXCEPTION_ACCESS_VIOLATION (0xc0000005) at pc=0x00007fff2cc61939]
GC Heap History (0 events):
No events

Dll operation events (1 events):
Event: 0.005 Loaded shared library C:\Users\Qifei Wang\.jdks\openjdk-21\bin\java.dll

Deoptimization events (0 events):
No events

Classes loaded (0 events):
No events

Classes unloaded (0 events):
No events

Classes redefined (0 events):
No events

Internal exceptions (0 events):
No events

ZGC Phase Switch (0 events):
No events

VM Operations (0 events):
No events

Events (0 events):
No events


Dynamic libraries:
0x00007ff778620000 - 0x00007ff77862e000 	C:\Users\Qifei Wang\.jdks\openjdk-21\bin\java.exe
0x00007fffd02d0000 - 0x00007fffd04e7000 	C:\WINDOWS\SYSTEM32\ntdll.dll
0x00007fffcdff0000 - 0x00007fffce0b4000 	C:\WINDOWS\System32\KERNEL32.DLL
0x00007fffcd720000 - 0x00007fffcdad9000 	C:\WINDOWS\System32\KERNELBASE.dll
0x00007fffcdae0000 - 0x00007fffcdbf1000 	C:\WINDOWS\System32\ucrtbase.dll
0x00007fffc4fb0000 - 0x00007fffc4fc8000 	C:\Users\Qifei Wang\.jdks\openjdk-21\bin\jli.dll
0x00007fffc4f10000 - 0x00007fffc4f2b000 	C:\Users\Qifei Wang\.jdks\openjdk-21\bin\VCRUNTIME140.dll
0x00007fffcfcd0000 - 0x00007fffcfe7e000 	C:\WINDOWS\System32\USER32.dll
0x00007fffcd5d0000 - 0x00007fffcd5f6000 	C:\WINDOWS\System32\win32u.dll
0x00007fffb1340000 - 0x00007fffb15d2000 	C:\WINDOWS\WinSxS\amd64_microsoft.windows.common-controls_6595b64144ccf1df_6.0.22621.4391_none_2715d37f73803e96\COMCTL32.dll
0x00007fffd01c0000 - 0x00007fffd01e9000 	C:\WINDOWS\System32\GDI32.dll
0x00007fffcf850000 - 0x00007fffcf8f7000 	C:\WINDOWS\System32\msvcrt.dll
0x00007fffcd600000 - 0x00007fffcd71b000 	C:\WINDOWS\System32\gdi32full.dll
0x00007fffcdc70000 - 0x00007fffcdd0a000 	C:\WINDOWS\System32\msvcp_win.dll
0x00007fffcfc90000 - 0x00007fffcfcc1000 	C:\WINDOWS\System32\IMM32.DLL
0x00007fffc54c0000 - 0x00007fffc54cc000 	C:\Users\Qifei Wang\.jdks\openjdk-21\bin\vcruntime140_1.dll
0x00007fffbd200000 - 0x00007fffbd28e000 	C:\Users\Qifei Wang\.jdks\openjdk-21\bin\msvcp140.dll
0x00007fff2c540000 - 0x00007fff2d253000 	C:\Users\Qifei Wang\.jdks\openjdk-21\bin\server\jvm.dll
0x00007fffcf090000 - 0x00007fffcf142000 	C:\WINDOWS\System32\ADVAPI32.dll
0x00007fffd0010000 - 0x00007fffd00b7000 	C:\WINDOWS\System32\sechost.dll
0x00007fffcddd0000 - 0x00007fffcddf8000 	C:\WINDOWS\System32\bcrypt.dll
0x00007fffcf320000 - 0x00007fffcf434000 	C:\WINDOWS\System32\RPCRT4.dll
0x00007fffcf010000 - 0x00007fffcf081000 	C:\WINDOWS\System32\WS2_32.dll
0x00007fffc8e20000 - 0x00007fffc8e54000 	C:\WINDOWS\SYSTEM32\WINMM.dll
0x00007fffccf70000 - 0x00007fffccfbd000 	C:\WINDOWS\SYSTEM32\POWRPROF.dll
0x00007fffc75d0000 - 0x00007fffc75da000 	C:\WINDOWS\SYSTEM32\VERSION.dll
0x00007fffccee0000 - 0x00007fffccef3000 	C:\WINDOWS\SYSTEM32\UMPDC.dll
0x00007fffcc610000 - 0x00007fffcc628000 	C:\WINDOWS\SYSTEM32\kernel.appcore.dll
0x00007fffc4f00000 - 0x00007fffc4f0a000 	C:\Users\Qifei Wang\.jdks\openjdk-21\bin\jimage.dll
0x00007fffcabe0000 - 0x00007fffcae12000 	C:\WINDOWS\SYSTEM32\DBGHELP.DLL
0x00007fffcf4c0000 - 0x00007fffcf84f000 	C:\WINDOWS\System32\combase.dll
0x00007fffcf900000 - 0x00007fffcf9d7000 	C:\WINDOWS\System32\OLEAUT32.dll
0x00007fffb6e70000 - 0x00007fffb6ea2000 	C:\WINDOWS\SYSTEM32\dbgcore.DLL
0x00007fffcdf70000 - 0x00007fffcdfeb000 	C:\WINDOWS\System32\bcryptPrimitives.dll
0x00007fffc3730000 - 0x00007fffc374f000 	C:\Users\Qifei Wang\.jdks\openjdk-21\bin\java.dll

dbghelp: loaded successfully - version: 4.0.5 - missing functions: none
symbol engine: initialized successfully - sym options: 0x614 - pdb path: .;C:\Users\Qifei Wang\.jdks\openjdk-21\bin;C:\WINDOWS\SYSTEM32;C:\WINDOWS\WinSxS\amd64_microsoft.windows.common-controls_6595b64144ccf1df_6.0.22621.4391_none_2715d37f73803e96;C:\Users\Qifei Wang\.jdks\openjdk-21\bin\server

VM Arguments:
jvm_args: -Dorg.gradle.internal.worker.tmpdir=D:\UNH CS\CS515Fall\11L\build\tmp\test\work -Xmx512m -Dfile.encoding=GBK -Duser.country=CN -Duser.language=zh -Duser.variant -ea 
java_command: worker.org.gradle.process.internal.worker.GradleWorkerMain 'Gradle Test Executor 2'
java_class_path (initial): C:\Users\Qifei Wang\.gradle\caches\8.9\workerMain\gradle-worker.jar;D:\UNH CS\CS515Fall\11L\build\classes\java\test;D:\UNH CS\CS515Fall\11L\build\classes\java\main;C:\Users\Qifei Wang\.gradle\caches\modules-2\files-2.1\org.apache.commons\commons-lang3\3.12.0\c6842c86792ff03b9f1d1fe2aab8dc23aa6c6f0e\commons-lang3-3.12.0.jar;C:\Users\Qifei Wang\.gradle\caches\modules-2\files-2.1\org.javatuples\javatuples\1.2\507312ac4b601204a72a83380badbca82683dd36\javatuples-1.2.jar;C:\Users\Qifei Wang\.gradle\caches\modules-2\files-2.1\io.github.java-diff-utils\java-diff-utils\4.12\1a712a91324d566eef39817fc5c9980eb10c21db\java-diff-utils-4.12.jar;C:\Users\Qifei Wang\.gradle\caches\modules-2\files-2.1\org.junit.jupiter\junit-jupiter-params\5.8.2\ddeafe92fc263f895bfb73ffeca7fd56e23c2cce\junit-jupiter-params-5.8.2.jar;C:\Users\Qifei Wang\.gradle\caches\modules-2\files-2.1\org.junit.jupiter\junit-jupiter-engine\5.8.2\c598b4328d2f397194d11df3b1648d68d7d990e3\junit-jupiter-engine-5.8.2.jar;C:\Users\Qifei Wang\.gradle\caches\modules-2\files-2.1\org.junit.jupiter\junit-jupiter-api\5.8.2\4c21029217adf07e4c0d0c5e192b6bf610c94bdc\junit-jupiter-api-5.8.2.jar;C:\Users\Qifei Wang\.gradle\caches\modules-2\files-2.1\org.junit.platform\junit-platform-launcher\1.8.2\c334fcee82b81311ab5c426ec2d52d467c8d0b28\junit-platform-launcher-1.8.2.jar;C:\Users\Qifei Wang\.gradle\caches\modules-2\files-2.1\org.junit.platform\junit-platform-engine\1.8.2\b737de09f19864bd136805c84df7999a142fec29\junit-platform-engine-1.8.2.jar;C:\Users\Qifei Wang\.gradle\caches\modules-2\files-2.1\org.junit.platform\junit-platform-commons\1.8.2\32c8b8617c1342376fd5af2053da6410d8866861\junit-platform-commons-1.8.2.jar;C:\Users\Qifei Wang\.gradle\caches\modules-2\files-2.1\org.junit.jupiter\junit-jupiter\5.8.2\5a817b1e63f1217e5c586090c45e681281f097ad\junit-jupiter-5.8.2.jar;C:\Users\Qifei Wang\.gradle\caches\modules-2\files-2.1\org.opentest4j\opentest4j\1.2.0\28c11eb91f9b6d8e200631d46e20a7f407f2a046\opentest4j-1.2.0.jar
Launcher Type: SUN_STANDARD

[Global flags]
     intx CICompilerCount                          = 4                                         {product} {ergonomic}
     uint ConcGCThreads                            = 3                                         {product} {ergonomic}
     uint G1ConcRefinementThreads                  = 10                                        {product} {ergonomic}
   size_t G1HeapRegionSize                         = 1048576                                   {product} {ergonomic}
    uintx GCDrainStackTargetSize                   = 64                                        {product} {ergonomic}
   size_t InitialHeapSize                          = 257949696                                 {product} {ergonomic}
   size_t MarkStackSize                            = 4194304                                   {product} {ergonomic}
   size_t MaxHeapSize                              = 536870912                                 {product} {command line}
   size_t MinHeapDeltaBytes                        = 1048576                                   {product} {ergonomic}
   size_t MinHeapSize                              = 8388608                                   {product} {ergonomic}
    uintx NonNMethodCodeHeapSize                   = 5839372                                {pd product} {ergonomic}
    uintx NonProfiledCodeHeapSize                  = 122909434                              {pd product} {ergonomic}
    uintx ProfiledCodeHeapSize                     = 122909434                              {pd product} {ergonomic}
    uintx ReservedCodeCacheSize                    = 251658240                              {pd product} {ergonomic}
     bool SegmentedCodeCache                       = true                                      {product} {ergonomic}
   size_t SoftMaxHeapSize                          = 536870912                              {manageable} {ergonomic}
     bool UseCompressedOops                        = true                           {product lp64_product} {ergonomic}
     bool UseG1GC                                  = true                                      {product} {ergonomic}
     bool UseLargePagesIndividualAllocation        = false                                  {pd product} {ergonomic}

Logging:
Log output configuration:
 #0: stdout all=warning uptime,level,tags foldmultilines=false
 #1: stderr all=off uptime,level,tags foldmultilines=false

Environment Variables:
JAVA_HOME=C:\Program Files\Java\jre-1.8
PATH=C:\Program Files\Common Files\Oracle\Java\javapath;C:\WINDOWS\system32;C:\WINDOWS;C:\WINDOWS\System32\Wbem;C:\WINDOWS\System32\WindowsPowerShell\v1.0\;C:\WINDOWS\System32\OpenSSH\;C:\Program Files\PuTTY\;C:\Program Files\Java\jre-1.8\bin;C:\Program Files\Java\jdk-21\bin;C:\Program Files\Git\cmd;C:\Users\Qifei Wang\AppData\Local\Programs\Python\Launcher\;C:\Users\Qifei Wang\AppData\Local\Microsoft\WindowsApps;C:\Users\Qifei Wang\AppData\Local\Programs\Microsoft VS Code\bin;C:\Users\Qifei Wang\AppData\Local\Programs\MiKTeX\miktex\bin\x64\
USERNAME=Qifei Wang
OS=Windows_NT
PROCESSOR_IDENTIFIER=AMD64 Family 23 Model 96 Stepping 1, AuthenticAMD
TMP=C:\Users\QIFEIW~1\AppData\Local\Temp
TEMP=C:\Users\QIFEIW~1\AppData\Local\Temp




---------------  S Y S T E M  ---------------

OS:
 Windows 11 , 64 bit Build 22621 (10.0.22621.4391)
OS uptime: 10 days 3:58 hours

CPU: total 12 (initial active 12) (12 cores per cpu, 2 threads per core) family 23 model 96 stepping 1 microcode 0x0, cx8, cmov, fxsr, ht, mmx, 3dnowpref, sse, sse2, sse3, ssse3, sse4a, sse4.1, sse4.2, popcnt, lzcnt, tsc, tscinvbit, avx, avx2, aes, clmul, bmi1, bmi2, adx, sha, fma, vzeroupper, clflush, clflushopt, rdtscp, rdpid, f16c
Processor Information for all 12 processors :
  Max Mhz: 3000, Current Mhz: 3000, Mhz Limit: 3000

Memory: 4k page, system-wide physical 15741M (2044M free)
TotalPageFile size 15741M (AvailPageFile size 155M)
current process WorkingSet (physical memory assigned to process): 11M, peak: 11M
current process commit charge ("private bytes"): 63M, peak: 309M

vm_info: OpenJDK 64-Bit Server VM (21+35-2513) for windows-amd64 JRE (21+35-2513), built on 2023-08-09T20:25:10Z by "mach5one" with MS VC++ 17.1 (VS2022)

END.
