#
# There is insufficient memory for the Java Runtime Environment to continue.
# Native memory allocation (malloc) failed to allocate 1640496 bytes for Chunk::new
# Possible reasons:
#   The system is out of physical RAM or swap space
#   The process is running with CompressedOops enabled, and the Java Heap may be blocking the growth of the native heap
# Possible solutions:
#   Reduce memory load on the system
#   Increase physical memory or swap space
#   Check if swap backing store is full
#   Decrease Java heap size (-Xmx/-Xms)
#   Decrease number of Java threads
#   Decrease Java thread stack sizes (-Xss)
#   Set larger code cache with -XX:ReservedCodeCacheSize=
#   JVM is running with Unscaled Compressed Oops mode in which the Java heap is
#     placed in the first 4GB address space. The Java Heap base address is the
#     maximum limit for the native heap growth. Please use -XX:HeapBaseMinAddress
#     to set the Java Heap base and to place the Java Heap above 4GB virtual address.
# This output file may be truncated or incomplete.
#
#  Out of Memory Error (arena.cpp:191), pid=6384, tid=12724
#
# JRE version: OpenJDK Runtime Environment Temurin-17.0.10+7 (17.0.10+7) (build 17.0.10+7)
# Java VM: OpenJDK 64-Bit Server VM Temurin-17.0.10+7 (17.0.10+7, mixed mode, sharing, tiered, compressed oops, compressed class ptrs, g1 gc, windows-amd64)
# No core dump will be written. Minidumps are not enabled by default on client versions of Windows
#

---------------  S U M M A R Y ------------

Command Line: --add-opens=java.base/java.util=ALL-UNNAMED --add-opens=java.base/java.lang=ALL-UNNAMED --add-opens=java.base/java.lang.invoke=ALL-UNNAMED --add-opens=java.prefs/java.util.prefs=ALL-UNNAMED --add-exports=jdk.compiler/com.sun.tools.javac.api=ALL-UNNAMED --add-exports=jdk.compiler/com.sun.tools.javac.util=ALL-UNNAMED --add-opens=java.base/java.nio.charset=ALL-UNNAMED --add-opens=java.base/java.net=ALL-UNNAMED --add-opens=java.base/java.util.concurrent.atomic=ALL-UNNAMED -XX:MaxMetaspaceSize=384m -XX:+HeapDumpOnOutOfMemoryError -Xms256m -Xmx512m -Dfile.encoding=GBK -Duser.country=CN -Duser.language=zh -Duser.variant -javaagent:C:\Users\Qifei Wang\.gradle\wrapper\dists\gradle-8.9-bin\90cnw93cvbtalezasaz0blq0a\gradle-8.9\lib\agents\gradle-instrumentation-agent-8.9.jar org.gradle.launcher.daemon.bootstrap.GradleDaemon 8.9

Host: AMD Ryzen 5 4600H with Radeon Graphics         , 12 cores, 15G,  Windows 11 , 64 bit Build 22621 (10.0.22621.4391)
Time: Thu Nov  7 13:28:36 2024  Windows 11 , 64 bit Build 22621 (10.0.22621.4391) elapsed time: 2894.539044 seconds (0d 0h 48m 14s)

---------------  T H R E A D  ---------------

Current thread (0x0000025fb5fc2ec0):  JavaThread "C2 CompilerThread1" daemon [_thread_in_native, id=12724, stack(0x000000ee1ef00000,0x000000ee1f000000)]


Current CompileTask:
C2:2894539 13050       4       java.lang.String::split (327 bytes)

Stack: [0x000000ee1ef00000,0x000000ee1f000000]
Native frames: (J=compiled Java code, j=interpreted, Vv=VM code, C=native code)
V  [jvm.dll+0x67d2c9]
V  [jvm.dll+0x834afa]
V  [jvm.dll+0x8365be]
V  [jvm.dll+0x836c23]
V  [jvm.dll+0x2477ff]
V  [jvm.dll+0xac514]
V  [jvm.dll+0xacb5c]
V  [jvm.dll+0x366782]
V  [jvm.dll+0x330bfa]
V  [jvm.dll+0x33009a]
V  [jvm.dll+0x219ef1]
V  [jvm.dll+0x219311]
V  [jvm.dll+0x1a502d]
V  [jvm.dll+0x2290de]
V  [jvm.dll+0x2272ac]
V  [jvm.dll+0x7e9bb7]
V  [jvm.dll+0x7e3fba]
V  [jvm.dll+0x67c1b5]
C  [ucrtbase.dll+0x29333]
C  [KERNEL32.DLL+0x1259d]
C  [ntdll.dll+0x5af38]


---------------  P R O C E S S  ---------------

Threads class SMR info:
_java_thread_list=0x0000025fb4847d00, length=80, elements={
0x0000025ff9320720, 0x0000025ffd87a6e0, 0x0000025ffd87b1b0, 0x0000025ffd894f50,
0x0000025ffd895820, 0x0000025ffd899210, 0x0000025ffd89baf0, 0x0000025ffd89cdb0,
0x0000025ffd89df10, 0x0000025ffd89e820, 0x0000025f96bc11e0, 0x0000025f96bc07c0,
0x0000025f96bbf380, 0x0000025f96bc16f0, 0x0000025f96bc02b0, 0x0000025fb1c0c8e0,
0x0000025fb1c08c20, 0x0000025fb1c0aa80, 0x0000025fb1c08200, 0x0000025fb1c07cf0,
0x0000025fb1c0d810, 0x0000025fb1c068b0, 0x0000025fb1c0b9b0, 0x0000025fb1c0c3d0,
0x0000025fb1c072d0, 0x0000025fb1c077e0, 0x0000025fb1c0b4a0, 0x0000025fb677cc30,
0x0000025fb6541ae0, 0x0000025fb677c210, 0x0000025fb677ea90, 0x0000025fb0cee860,
0x0000025fb0ce7e10, 0x0000025fb0ce8d40, 0x0000025fb677a3b0, 0x0000025fb6778550,
0x0000025fb6778a60, 0x0000025fb0ce9760, 0x0000025fb0ce9c70, 0x0000025fb0ceb5c0,
0x0000025fb0cecf10, 0x0000025fb6542a10, 0x0000025fb6541ff0, 0x0000025fb653fc80,
0x0000025fb6540190, 0x0000025fb6542500, 0x0000025fb65410c0, 0x0000025fb6540bb0,
0x0000025fb653f260, 0x0000025fb653f770, 0x0000025fb65415d0, 0x0000025fb65406a0,
0x0000025fb6778040, 0x0000025fb677d650, 0x0000025fb6777b30, 0x0000025fb677a8c0,
0x0000025fb677add0, 0x0000025fb6778f70, 0x0000025fb6779480, 0x0000025fb677db60,
0x0000025fb677d140, 0x0000025fb677b2e0, 0x0000025fb677e070, 0x0000025fb6779ea0,
0x0000025fb677e580, 0x0000025fb677bd00, 0x0000025fb6777110, 0x0000025fb677c720,
0x0000025fb0cebfe0, 0x0000025fb0cea690, 0x0000025fb0ceb0b0, 0x0000025fb0cea180,
0x0000025fb0cebad0, 0x0000025fb0cef790, 0x0000025fb0cec4f0, 0x0000025fb5fc2ec0,
0x0000025fb0ceca00, 0x0000025fb0ce8320, 0x0000025fb0ce8830, 0x0000025fb0ced420
}

Java Threads: ( => current thread )
  0x0000025ff9320720 JavaThread "main" [_thread_blocked, id=27476, stack(0x000000ee19800000,0x000000ee19900000)]
  0x0000025ffd87a6e0 JavaThread "Reference Handler" daemon [_thread_blocked, id=28848, stack(0x000000ee19f00000,0x000000ee1a000000)]
  0x0000025ffd87b1b0 JavaThread "Finalizer" daemon [_thread_blocked, id=16908, stack(0x000000ee1a000000,0x000000ee1a100000)]
  0x0000025ffd894f50 JavaThread "Signal Dispatcher" daemon [_thread_blocked, id=19948, stack(0x000000ee1a100000,0x000000ee1a200000)]
  0x0000025ffd895820 JavaThread "Attach Listener" daemon [_thread_blocked, id=24152, stack(0x000000ee1a200000,0x000000ee1a300000)]
  0x0000025ffd899210 JavaThread "Service Thread" daemon [_thread_blocked, id=3908, stack(0x000000ee1a300000,0x000000ee1a400000)]
  0x0000025ffd89baf0 JavaThread "Monitor Deflation Thread" daemon [_thread_blocked, id=20840, stack(0x000000ee1a400000,0x000000ee1a500000)]
  0x0000025ffd89cdb0 JavaThread "C2 CompilerThread0" daemon [_thread_blocked, id=27644, stack(0x000000ee1a500000,0x000000ee1a600000)]
  0x0000025ffd89df10 JavaThread "C1 CompilerThread0" daemon [_thread_blocked, id=23620, stack(0x000000ee1a600000,0x000000ee1a700000)]
  0x0000025ffd89e820 JavaThread "Sweeper thread" daemon [_thread_blocked, id=2584, stack(0x000000ee1a700000,0x000000ee1a800000)]
  0x0000025f96bc11e0 JavaThread "Common-Cleaner" daemon [_thread_blocked, id=23528, stack(0x000000ee1a800000,0x000000ee1a900000)]
  0x0000025f96bc07c0 JavaThread "Notification Thread" daemon [_thread_blocked, id=20804, stack(0x000000ee1a900000,0x000000ee1aa00000)]
  0x0000025f96bbf380 JavaThread "Daemon health stats" [_thread_blocked, id=13256, stack(0x000000ee1ac00000,0x000000ee1ad00000)]
  0x0000025f96bc16f0 JavaThread "Incoming local TCP Connector on port 58040" [_thread_in_native, id=22852, stack(0x000000ee1b200000,0x000000ee1b300000)]
  0x0000025f96bc02b0 JavaThread "Daemon periodic checks" [_thread_blocked, id=23544, stack(0x000000ee1b300000,0x000000ee1b400000)]
  0x0000025fb1c0c8e0 JavaThread "Cache worker for journal cache (C:\Users\Qifei Wang\.gradle\caches\journal-1)" [_thread_blocked, id=10820, stack(0x000000ee1bb00000,0x000000ee1bc00000)]
  0x0000025fb1c08c20 JavaThread "File lock request listener" [_thread_in_native, id=23176, stack(0x000000ee1bc00000,0x000000ee1bd00000)]
  0x0000025fb1c0aa80 JavaThread "Cache worker for file hash cache (C:\Users\Qifei Wang\.gradle\caches\8.9\fileHashes)" [_thread_blocked, id=28056, stack(0x000000ee1bd00000,0x000000ee1be00000)]
  0x0000025fb1c08200 JavaThread "File watcher server" daemon [_thread_in_native, id=12880, stack(0x000000ee1c700000,0x000000ee1c800000)]
  0x0000025fb1c07cf0 JavaThread "File watcher consumer" daemon [_thread_blocked, id=4380, stack(0x000000ee1c800000,0x000000ee1c900000)]
  0x0000025fb1c0d810 JavaThread "Cache worker for file content cache (C:\Users\Qifei Wang\.gradle\caches\8.9\fileContent)" [_thread_blocked, id=23628, stack(0x000000ee1ca00000,0x000000ee1cb00000)]
  0x0000025fb1c068b0 JavaThread "jar transforms" [_thread_blocked, id=24480, stack(0x000000ee1cd00000,0x000000ee1ce00000)]
  0x0000025fb1c0b9b0 JavaThread "jar transforms Thread 2" [_thread_blocked, id=28944, stack(0x000000ee1ce00000,0x000000ee1cf00000)]
  0x0000025fb1c0c3d0 JavaThread "jar transforms Thread 3" [_thread_blocked, id=4376, stack(0x000000ee1cf00000,0x000000ee1d000000)]
  0x0000025fb1c072d0 JavaThread "jar transforms Thread 4" [_thread_blocked, id=19332, stack(0x000000ee1d000000,0x000000ee1d100000)]
  0x0000025fb1c077e0 JavaThread "jar transforms Thread 5" [_thread_blocked, id=11316, stack(0x000000ee1d100000,0x000000ee1d200000)]
  0x0000025fb1c0b4a0 JavaThread "jar transforms Thread 6" [_thread_blocked, id=21512, stack(0x000000ee1d200000,0x000000ee1d300000)]
  0x0000025fb677cc30 JavaThread "Memory manager" [_thread_blocked, id=7700, stack(0x000000ee1d900000,0x000000ee1da00000)]
  0x0000025fb6541ae0 JavaThread "Cache worker for Java compile cache (C:\Users\Qifei Wang\.gradle\caches\8.9\javaCompile)" [_thread_blocked, id=16112, stack(0x000000ee1ee00000,0x000000ee1ef00000)]
  0x0000025fb677c210 JavaThread "ForkJoinPool.commonPool-worker-41" daemon [_thread_blocked, id=25780, stack(0x000000ee1d600000,0x000000ee1d700000)]
  0x0000025fb677ea90 JavaThread "ForkJoinPool.commonPool-worker-42" daemon [_thread_blocked, id=21632, stack(0x000000ee1db00000,0x000000ee1dc00000)]
  0x0000025fb0cee860 JavaThread "ForkJoinPool.commonPool-worker-44" daemon [_thread_blocked, id=6008, stack(0x000000ee1d400000,0x000000ee1d500000)]
  0x0000025fb0ce7e10 JavaThread "ForkJoinPool.commonPool-worker-46" daemon [_thread_blocked, id=27572, stack(0x000000ee1dc00000,0x000000ee1dd00000)]
  0x0000025fb0ce8d40 JavaThread "ForkJoinPool.commonPool-worker-47" daemon [_thread_blocked, id=13232, stack(0x000000ee1dd00000,0x000000ee1de00000)]
  0x0000025fb677a3b0 JavaThread "ForkJoinPool.commonPool-worker-49" daemon [_thread_blocked, id=2900, stack(0x000000ee1d300000,0x000000ee1d400000)]
  0x0000025fb6778550 JavaThread "ForkJoinPool.commonPool-worker-51" daemon [_thread_blocked, id=27196, stack(0x000000ee1d700000,0x000000ee1d800000)]
  0x0000025fb6778a60 JavaThread "ForkJoinPool.commonPool-worker-48" daemon [_thread_blocked, id=11996, stack(0x000000ee1de00000,0x000000ee1df00000)]
  0x0000025fb0ce9760 JavaThread "ForkJoinPool.commonPool-worker-50" daemon [_thread_blocked, id=16892, stack(0x000000ee1df00000,0x000000ee1e000000)]
  0x0000025fb0ce9c70 JavaThread "Daemon Thread 11" [_thread_blocked, id=18440, stack(0x000000ee19500000,0x000000ee19600000)]
  0x0000025fb0ceb5c0 JavaThread "Daemon worker Thread 10" [_thread_blocked, id=26660, stack(0x000000ee1ab00000,0x000000ee1ac00000)]
  0x0000025fb0cecf10 JavaThread "included builds" [_thread_blocked, id=6896, stack(0x000000ee1cc00000,0x000000ee1cd00000)]
  0x0000025fb6542a10 JavaThread "Exec process Thread 37" [_thread_in_native, id=7516, stack(0x000000ee1f300000,0x000000ee1f400000)]
  0x0000025fb6541ff0 JavaThread "Exec process Thread 38" [_thread_in_native, id=5112, stack(0x000000ee1f500000,0x000000ee1f600000)]
  0x0000025fb653fc80 JavaThread "Exec process Thread 39" [_thread_in_native, id=7360, stack(0x000000ee1f600000,0x000000ee1f700000)]
  0x0000025fb6540190 JavaThread "Exec process Thread 40" [_thread_blocked, id=19000, stack(0x000000ee1f700000,0x000000ee1f800000)]
  0x0000025fb6542500 JavaThread "VFS cleanup Thread 10" [_thread_blocked, id=11844, stack(0x000000ee1b400000,0x000000ee1b500000)]
  0x0000025fb65410c0 JavaThread "Handler for socket connection from /127.0.0.1:58040 to /127.0.0.1:58914" [_thread_in_native, id=14588, stack(0x000000ee19600000,0x000000ee19700000)]
  0x0000025fb6540bb0 JavaThread "Cancel handler" [_thread_blocked, id=27824, stack(0x000000ee19700000,0x000000ee19800000)]
  0x0000025fb653f260 JavaThread "Asynchronous log dispatcher for DefaultDaemonConnection: socket connection from /127.0.0.1:58040 to /127.0.0.1:58914" [_thread_blocked, id=11384, stack(0x000000ee1b500000,0x000000ee1b600000)]
  0x0000025fb653f770 JavaThread "Stdin handler" [_thread_blocked, id=27596, stack(0x000000ee1b600000,0x000000ee1b700000)]
  0x0000025fb65415d0 JavaThread "Daemon client event forwarder" [_thread_blocked, id=6424, stack(0x000000ee1b700000,0x000000ee1b800000)]
  0x0000025fb65406a0 JavaThread "Cache worker for file hash cache (D:\UNH CS\CS515Fall\11L\.gradle\8.9\fileHashes)" [_thread_blocked, id=28476, stack(0x000000ee1b800000,0x000000ee1b900000)]
  0x0000025fb6778040 JavaThread "Cache worker for Build Output Cleanup Cache (D:\UNH CS\CS515Fall\11L\.gradle\buildOutputCleanup)" [_thread_blocked, id=11480, stack(0x000000ee1b900000,0x000000ee1ba00000)]
  0x0000025fb677d650 JavaThread "Cache worker for checksums cache (D:\UNH CS\CS515Fall\11L\.gradle\8.9\checksums)" [_thread_blocked, id=2596, stack(0x000000ee1ba00000,0x000000ee1bb00000)]
  0x0000025fb6777b30 JavaThread "Cache worker for cache directory md-rule (C:\Users\Qifei Wang\.gradle\caches\8.9\md-rule)" [_thread_blocked, id=28680, stack(0x000000ee1be00000,0x000000ee1bf00000)]
  0x0000025fb677a8c0 JavaThread "Cache worker for cache directory md-supplier (C:\Users\Qifei Wang\.gradle\caches\8.9\md-supplier)" [_thread_blocked, id=19140, stack(0x000000ee1bf00000,0x000000ee1c000000)]
  0x0000025fb677add0 JavaThread "Unconstrained build operations" [_thread_blocked, id=16860, stack(0x000000ee1c000000,0x000000ee1c100000)]
  0x0000025fb6778f70 JavaThread "Unconstrained build operations Thread 2" [_thread_blocked, id=21732, stack(0x000000ee1c900000,0x000000ee1ca00000)]
  0x0000025fb6779480 JavaThread "Unconstrained build operations Thread 3" [_thread_blocked, id=16696, stack(0x000000ee1cb00000,0x000000ee1cc00000)]
  0x0000025fb677db60 JavaThread "Unconstrained build operations Thread 4" [_thread_blocked, id=27668, stack(0x000000ee1d500000,0x000000ee1d600000)]
  0x0000025fb677d140 JavaThread "ForkJoinPool.commonPool-worker-52" daemon [_thread_blocked, id=2904, stack(0x000000ee1d800000,0x000000ee1d900000)]
  0x0000025fb677b2e0 JavaThread "ForkJoinPool.commonPool-worker-53" daemon [_thread_blocked, id=27816, stack(0x000000ee1e000000,0x000000ee1e100000)]
  0x0000025fb677e070 JavaThread "included builds" [_thread_blocked, id=10448, stack(0x000000ee1e100000,0x000000ee1e200000)]
  0x0000025fb6779ea0 JavaThread "Execution worker" [_thread_blocked, id=12152, stack(0x000000ee1e200000,0x000000ee1e300000)]
  0x0000025fb677e580 JavaThread "Execution worker Thread 2" [_thread_blocked, id=14916, stack(0x000000ee1e300000,0x000000ee1e400000)]
  0x0000025fb677bd00 JavaThread "Execution worker Thread 3" [_thread_blocked, id=7992, stack(0x000000ee1e400000,0x000000ee1e500000)]
  0x0000025fb6777110 JavaThread "Execution worker Thread 4" [_thread_blocked, id=15608, stack(0x000000ee1e500000,0x000000ee1e600000)]
  0x0000025fb677c720 JavaThread "Execution worker Thread 5" [_thread_blocked, id=4292, stack(0x000000ee1e600000,0x000000ee1e700000)]
  0x0000025fb0cebfe0 JavaThread "Execution worker Thread 6" [_thread_blocked, id=1044, stack(0x000000ee1e700000,0x000000ee1e800000)]
  0x0000025fb0cea690 JavaThread "Execution worker Thread 7" [_thread_blocked, id=4256, stack(0x000000ee1e800000,0x000000ee1e900000)]
  0x0000025fb0ceb0b0 JavaThread "Execution worker Thread 8" [_thread_blocked, id=25960, stack(0x000000ee1e900000,0x000000ee1ea00000)]
  0x0000025fb0cea180 JavaThread "Execution worker Thread 9" [_thread_blocked, id=25176, stack(0x000000ee1ea00000,0x000000ee1eb00000)]
  0x0000025fb0cebad0 JavaThread "Execution worker Thread 10" [_thread_blocked, id=11204, stack(0x000000ee1eb00000,0x000000ee1ec00000)]
  0x0000025fb0cef790 JavaThread "Execution worker Thread 11" [_thread_blocked, id=27152, stack(0x000000ee1ec00000,0x000000ee1ed00000)]
  0x0000025fb0cec4f0 JavaThread "Cache worker for execution history cache (D:\UNH CS\CS515Fall\11L\.gradle\8.9\executionHistory)" [_thread_blocked, id=21432, stack(0x000000ee1ed00000,0x000000ee1ee00000)]
=>0x0000025fb5fc2ec0 JavaThread "C2 CompilerThread1" daemon [_thread_in_native, id=12724, stack(0x000000ee1ef00000,0x000000ee1f000000)]
  0x0000025fb0ceca00 JavaThread "Unconstrained build operations Thread 5" [_thread_blocked, id=25444, stack(0x000000ee1f000000,0x000000ee1f100000)]
  0x0000025fb0ce8320 JavaThread "Unconstrained build operations Thread 6" [_thread_blocked, id=5944, stack(0x000000ee1f100000,0x000000ee1f200000)]
  0x0000025fb0ce8830 JavaThread "Unconstrained build operations Thread 7" [_thread_blocked, id=25804, stack(0x000000ee1f200000,0x000000ee1f300000)]
  0x0000025fb0ced420 JavaThread "Incoming local TCP Connector on port 58915" [_thread_in_native, id=28412, stack(0x000000ee1f400000,0x000000ee1f500000)]

Other Threads:
  0x0000025ffd8745d0 VMThread "VM Thread" [stack: 0x000000ee19e00000,0x000000ee19f00000] [id=26400]
  0x0000025ff9320ff0 WatcherThread [stack: 0x000000ee1aa00000,0x000000ee1ab00000] [id=7816]
  0x0000025ff934da10 GCTaskThread "GC Thread#0" [stack: 0x000000ee19900000,0x000000ee19a00000] [id=22976]
  0x0000025fb06a0370 GCTaskThread "GC Thread#1" [stack: 0x000000ee1ad00000,0x000000ee1ae00000] [id=27992]
  0x0000025fb054bf20 GCTaskThread "GC Thread#2" [stack: 0x000000ee1ae00000,0x000000ee1af00000] [id=27128]
  0x0000025fb0640c20 GCTaskThread "GC Thread#3" [stack: 0x000000ee1af00000,0x000000ee1b000000] [id=19156]
  0x0000025fb0640ee0 GCTaskThread "GC Thread#4" [stack: 0x000000ee1b000000,0x000000ee1b100000] [id=11836]
  0x0000025fb0680880 GCTaskThread "GC Thread#5" [stack: 0x000000ee1b100000,0x000000ee1b200000] [id=11548]
  0x0000025fb2b5ad50 GCTaskThread "GC Thread#6" [stack: 0x000000ee1c100000,0x000000ee1c200000] [id=13440]
  0x0000025fb465f650 GCTaskThread "GC Thread#7" [stack: 0x000000ee1c200000,0x000000ee1c300000] [id=10392]
  0x0000025fb465f910 GCTaskThread "GC Thread#8" [stack: 0x000000ee1c300000,0x000000ee1c400000] [id=8016]
  0x0000025fb1f7e6f0 GCTaskThread "GC Thread#9" [stack: 0x000000ee1c400000,0x000000ee1c500000] [id=26808]
  0x0000025ff9352710 ConcurrentGCThread "G1 Main Marker" [stack: 0x000000ee19a00000,0x000000ee19b00000] [id=22892]
  0x0000025ff9352ee0 ConcurrentGCThread "G1 Conc#0" [stack: 0x000000ee19b00000,0x000000ee19c00000] [id=16460]
  0x0000025fb1f7dbf0 ConcurrentGCThread "G1 Conc#1" [stack: 0x000000ee1c500000,0x000000ee1c600000] [id=25172]
  0x0000025fb1f7d3b0 ConcurrentGCThread "G1 Conc#2" [stack: 0x000000ee1c600000,0x000000ee1c700000] [id=10404]
  0x0000025ff93cdc70 ConcurrentGCThread "G1 Refine#0" [stack: 0x000000ee19c00000,0x000000ee19d00000] [id=19028]
  0x0000025fb627e7b0 ConcurrentGCThread "G1 Refine#1" [stack: 0x000000ee1da00000,0x000000ee1db00000] [id=19476]
  0x0000025fb627f370 ConcurrentGCThread "G1 Refine#2" [stack: 0x000000ee20600000,0x000000ee20700000] [id=10496]
  0x0000025ff93ce450 ConcurrentGCThread "G1 Service" [stack: 0x000000ee19d00000,0x000000ee19e00000] [id=13612]

Threads with active compile tasks:
C2 CompilerThread1  2894550 13050       4       java.lang.String::split (327 bytes)

VM state: not at safepoint (normal execution)

VM Mutex/Monitor currently owned by a thread: None

Heap address: 0x00000000e0000000, size: 512 MB, Compressed Oops mode: 32-bit

CDS archive(s) mapped at: [0x0000025f97000000-0x0000025f97bb0000-0x0000025f97bb0000), size 12255232, SharedBaseAddress: 0x0000025f97000000, ArchiveRelocationMode: 1.
Compressed class space mapped at: 0x0000025f98000000-0x0000025fac000000, reserved size: 335544320
Narrow klass base: 0x0000025f97000000, Narrow klass shift: 0, Narrow klass range: 0x100000000

GC Precious Log:
 CPUs: 12 total, 12 available
 Memory: 15741M
 Large Page Support: Disabled
 NUMA Support: Disabled
 Compressed Oops: Enabled (32-bit)
 Heap Region Size: 1M
 Heap Min Capacity: 256M
 Heap Initial Capacity: 256M
 Heap Max Capacity: 512M
 Pre-touch: Disabled
 Parallel Workers: 10
 Concurrent Workers: 3
 Concurrent Refinement Workers: 10
 Periodic GC: Disabled

Heap:
 garbage-first heap   total 262144K, used 196790K [0x00000000e0000000, 0x0000000100000000)
  region size 1024K, 144 young (147456K), 5 survivors (5120K)
 Metaspace       used 67357K, committed 68352K, reserved 393216K
  class space    used 9482K, committed 9984K, reserved 327680K

Heap Regions: E=young(eden), S=young(survivor), O=old, HS=humongous(starts), HC=humongous(continues), CS=collection set, F=free, OA=open archive, CA=closed archive, TAMS=top-at-mark-start (previous, next)
|   0|0x00000000e0000000, 0x00000000e0100000, 0x00000000e0100000|100%|HS|  |TAMS 0x00000000e0100000, 0x00000000e0000000| Complete 
|   1|0x00000000e0100000, 0x00000000e0200000, 0x00000000e0200000|100%|HC|  |TAMS 0x00000000e0200000, 0x00000000e0100000| Complete 
|   2|0x00000000e0200000, 0x00000000e0300000, 0x00000000e0300000|100%|HC|  |TAMS 0x00000000e0300000, 0x00000000e0200000| Complete 
|   3|0x00000000e0300000, 0x00000000e0400000, 0x00000000e0400000|100%|HC|  |TAMS 0x00000000e0400000, 0x00000000e0300000| Complete 
|   4|0x00000000e0400000, 0x00000000e0500000, 0x00000000e0500000|100%| O|  |TAMS 0x00000000e0500000, 0x00000000e0400000| Untracked 
|   5|0x00000000e0500000, 0x00000000e0600000, 0x00000000e0600000|100%| O|  |TAMS 0x00000000e0600000, 0x00000000e0500000| Untracked 
|   6|0x00000000e0600000, 0x00000000e0700000, 0x00000000e0700000|100%| O|  |TAMS 0x00000000e0700000, 0x00000000e0600000| Untracked 
|   7|0x00000000e0700000, 0x00000000e0800000, 0x00000000e0800000|100%| O|  |TAMS 0x00000000e0800000, 0x00000000e0700000| Untracked 
|   8|0x00000000e0800000, 0x00000000e0900000, 0x00000000e0900000|100%| O|  |TAMS 0x00000000e0800000, 0x00000000e0800000| Untracked 
|   9|0x00000000e0900000, 0x00000000e0a00000, 0x00000000e0a00000|100%| O|  |TAMS 0x00000000e0a00000, 0x00000000e0900000| Untracked 
|  10|0x00000000e0a00000, 0x00000000e0b00000, 0x00000000e0b00000|100%|HS|  |TAMS 0x00000000e0b00000, 0x00000000e0a00000| Complete 
|  11|0x00000000e0b00000, 0x00000000e0c00000, 0x00000000e0c00000|100%| O|  |TAMS 0x00000000e0c00000, 0x00000000e0b00000| Untracked 
|  12|0x00000000e0c00000, 0x00000000e0d00000, 0x00000000e0d00000|100%| O|  |TAMS 0x00000000e0d00000, 0x00000000e0c00000| Untracked 
|  13|0x00000000e0d00000, 0x00000000e0e00000, 0x00000000e0e00000|100%| O|  |TAMS 0x00000000e0e00000, 0x00000000e0d00000| Untracked 
|  14|0x00000000e0e00000, 0x00000000e0f00000, 0x00000000e0f00000|100%| O|  |TAMS 0x00000000e0f00000, 0x00000000e0e00000| Untracked 
|  15|0x00000000e0f00000, 0x00000000e1000000, 0x00000000e1000000|100%| O|  |TAMS 0x00000000e1000000, 0x00000000e0f00000| Untracked 
|  16|0x00000000e1000000, 0x00000000e1100000, 0x00000000e1100000|100%| O|  |TAMS 0x00000000e1100000, 0x00000000e1000000| Untracked 
|  17|0x00000000e1100000, 0x00000000e1200000, 0x00000000e1200000|100%| O|  |TAMS 0x00000000e1200000, 0x00000000e1100000| Untracked 
|  18|0x00000000e1200000, 0x00000000e1300000, 0x00000000e1300000|100%| O|  |TAMS 0x00000000e1300000, 0x00000000e1200000| Untracked 
|  19|0x00000000e1300000, 0x00000000e1400000, 0x00000000e1400000|100%| O|  |TAMS 0x00000000e1400000, 0x00000000e1300000| Untracked 
|  20|0x00000000e1400000, 0x00000000e1500000, 0x00000000e1500000|100%| O|  |TAMS 0x00000000e1500000, 0x00000000e1400000| Untracked 
|  21|0x00000000e1500000, 0x00000000e1600000, 0x00000000e1600000|100%| O|  |TAMS 0x00000000e1600000, 0x00000000e1500000| Untracked 
|  22|0x00000000e1600000, 0x00000000e1700000, 0x00000000e1700000|100%| O|  |TAMS 0x00000000e1700000, 0x00000000e1600000| Untracked 
|  23|0x00000000e1700000, 0x00000000e1800000, 0x00000000e1800000|100%| O|  |TAMS 0x00000000e1800000, 0x00000000e1700000| Untracked 
|  24|0x00000000e1800000, 0x00000000e1900000, 0x00000000e1900000|100%| O|  |TAMS 0x00000000e1900000, 0x00000000e1800000| Untracked 
|  25|0x00000000e1900000, 0x00000000e1a00000, 0x00000000e1a00000|100%| O|  |TAMS 0x00000000e1a00000, 0x00000000e1900000| Untracked 
|  26|0x00000000e1a00000, 0x00000000e1b00000, 0x00000000e1b00000|100%| O|  |TAMS 0x00000000e1b00000, 0x00000000e1a00000| Untracked 
|  27|0x00000000e1b00000, 0x00000000e1c00000, 0x00000000e1c00000|100%| O|  |TAMS 0x00000000e1c00000, 0x00000000e1b00000| Untracked 
|  28|0x00000000e1c00000, 0x00000000e1d00000, 0x00000000e1d00000|100%| O|  |TAMS 0x00000000e1d00000, 0x00000000e1c00000| Untracked 
|  29|0x00000000e1d00000, 0x00000000e1e00000, 0x00000000e1e00000|100%| O|  |TAMS 0x00000000e1e00000, 0x00000000e1d00000| Untracked 
|  30|0x00000000e1e00000, 0x00000000e1f00000, 0x00000000e1f00000|100%| O|  |TAMS 0x00000000e1f00000, 0x00000000e1e00000| Untracked 
|  31|0x00000000e1f00000, 0x00000000e2000000, 0x00000000e2000000|100%| O|  |TAMS 0x00000000e2000000, 0x00000000e1f00000| Untracked 
|  32|0x00000000e2000000, 0x00000000e2100000, 0x00000000e2100000|100%| O|  |TAMS 0x00000000e2100000, 0x00000000e2000000| Untracked 
|  33|0x00000000e2100000, 0x00000000e2200000, 0x00000000e2200000|100%| O|  |TAMS 0x00000000e216c600, 0x00000000e2100000| Untracked 
|  34|0x00000000e2200000, 0x00000000e2300000, 0x00000000e2300000|100%| O|  |TAMS 0x00000000e2200000, 0x00000000e2200000| Untracked 
|  35|0x00000000e2300000, 0x00000000e2400000, 0x00000000e2400000|100%| O|  |TAMS 0x00000000e2300000, 0x00000000e2300000| Untracked 
|  36|0x00000000e2400000, 0x00000000e2500000, 0x00000000e2500000|100%| O|  |TAMS 0x00000000e2400000, 0x00000000e2400000| Untracked 
|  37|0x00000000e2500000, 0x00000000e2600000, 0x00000000e2600000|100%| O|  |TAMS 0x00000000e2500000, 0x00000000e2500000| Untracked 
|  38|0x00000000e2600000, 0x00000000e2700000, 0x00000000e2700000|100%| O|  |TAMS 0x00000000e2600000, 0x00000000e2600000| Untracked 
|  39|0x00000000e2700000, 0x00000000e2800000, 0x00000000e2800000|100%| O|  |TAMS 0x00000000e2700000, 0x00000000e2700000| Untracked 
|  40|0x00000000e2800000, 0x00000000e2900000, 0x00000000e2900000|100%| O|  |TAMS 0x00000000e2800000, 0x00000000e2800000| Untracked 
|  41|0x00000000e2900000, 0x00000000e2a00000, 0x00000000e2a00000|100%| O|  |TAMS 0x00000000e2900000, 0x00000000e2900000| Untracked 
|  42|0x00000000e2a00000, 0x00000000e2b00000, 0x00000000e2b00000|100%| O|  |TAMS 0x00000000e2a00000, 0x00000000e2a00000| Untracked 
|  43|0x00000000e2b00000, 0x00000000e2c00000, 0x00000000e2c00000|100%| O|  |TAMS 0x00000000e2b00000, 0x00000000e2b00000| Untracked 
|  44|0x00000000e2c00000, 0x00000000e2d00000, 0x00000000e2d00000|100%| O|  |TAMS 0x00000000e2c00000, 0x00000000e2c00000| Untracked 
|  45|0x00000000e2d00000, 0x00000000e2e00000, 0x00000000e2e00000|100%| O|  |TAMS 0x00000000e2d00000, 0x00000000e2d00000| Untracked 
|  46|0x00000000e2e00000, 0x00000000e2f00000, 0x00000000e2f00000|100%| O|  |TAMS 0x00000000e2e00000, 0x00000000e2e00000| Untracked 
|  47|0x00000000e2f00000, 0x00000000e3000000, 0x00000000e3000000|100%| O|  |TAMS 0x00000000e2f00000, 0x00000000e2f00000| Untracked 
|  48|0x00000000e3000000, 0x00000000e3100000, 0x00000000e3100000|100%| O|  |TAMS 0x00000000e3000000, 0x00000000e3000000| Untracked 
|  49|0x00000000e3100000, 0x00000000e3200000, 0x00000000e3200000|100%| O|  |TAMS 0x00000000e3100000, 0x00000000e3100000| Untracked 
|  50|0x00000000e3200000, 0x00000000e3264800, 0x00000000e3300000| 39%| O|  |TAMS 0x00000000e3200000, 0x00000000e3200000| Untracked 
|  51|0x00000000e3300000, 0x00000000e3300000, 0x00000000e3400000|  0%| F|  |TAMS 0x00000000e3300000, 0x00000000e3300000| Untracked 
|  52|0x00000000e3400000, 0x00000000e3400000, 0x00000000e3500000|  0%| F|  |TAMS 0x00000000e3400000, 0x00000000e3400000| Untracked 
|  53|0x00000000e3500000, 0x00000000e3500000, 0x00000000e3600000|  0%| F|  |TAMS 0x00000000e3500000, 0x00000000e3500000| Untracked 
|  54|0x00000000e3600000, 0x00000000e3600000, 0x00000000e3700000|  0%| F|  |TAMS 0x00000000e3600000, 0x00000000e3600000| Untracked 
|  55|0x00000000e3700000, 0x00000000e3700000, 0x00000000e3800000|  0%| F|  |TAMS 0x00000000e3700000, 0x00000000e3700000| Untracked 
|  56|0x00000000e3800000, 0x00000000e3800000, 0x00000000e3900000|  0%| F|  |TAMS 0x00000000e3800000, 0x00000000e3800000| Untracked 
|  57|0x00000000e3900000, 0x00000000e3900000, 0x00000000e3a00000|  0%| F|  |TAMS 0x00000000e3900000, 0x00000000e3900000| Untracked 
|  58|0x00000000e3a00000, 0x00000000e3a00000, 0x00000000e3b00000|  0%| F|  |TAMS 0x00000000e3a00000, 0x00000000e3a00000| Untracked 
|  59|0x00000000e3b00000, 0x00000000e3b00000, 0x00000000e3c00000|  0%| F|  |TAMS 0x00000000e3b00000, 0x00000000e3b00000| Untracked 
|  60|0x00000000e3c00000, 0x00000000e3c00000, 0x00000000e3d00000|  0%| F|  |TAMS 0x00000000e3c00000, 0x00000000e3c00000| Untracked 
|  61|0x00000000e3d00000, 0x00000000e3d00000, 0x00000000e3e00000|  0%| F|  |TAMS 0x00000000e3d00000, 0x00000000e3d00000| Untracked 
|  62|0x00000000e3e00000, 0x00000000e3e00000, 0x00000000e3f00000|  0%| F|  |TAMS 0x00000000e3e00000, 0x00000000e3e00000| Untracked 
|  63|0x00000000e3f00000, 0x00000000e3f00000, 0x00000000e4000000|  0%| F|  |TAMS 0x00000000e3f00000, 0x00000000e3f00000| Untracked 
|  64|0x00000000e4000000, 0x00000000e4000000, 0x00000000e4100000|  0%| F|  |TAMS 0x00000000e4000000, 0x00000000e4000000| Untracked 
|  65|0x00000000e4100000, 0x00000000e4100000, 0x00000000e4200000|  0%| F|  |TAMS 0x00000000e4100000, 0x00000000e4100000| Untracked 
|  66|0x00000000e4200000, 0x00000000e4200000, 0x00000000e4300000|  0%| F|  |TAMS 0x00000000e4200000, 0x00000000e4200000| Untracked 
|  67|0x00000000e4300000, 0x00000000e4300000, 0x00000000e4400000|  0%| F|  |TAMS 0x00000000e4300000, 0x00000000e4300000| Untracked 
|  68|0x00000000e4400000, 0x00000000e4400000, 0x00000000e4500000|  0%| F|  |TAMS 0x00000000e4400000, 0x00000000e4400000| Untracked 
|  69|0x00000000e4500000, 0x00000000e4500000, 0x00000000e4600000|  0%| F|  |TAMS 0x00000000e4500000, 0x00000000e4500000| Untracked 
|  70|0x00000000e4600000, 0x00000000e4600000, 0x00000000e4700000|  0%| F|  |TAMS 0x00000000e4600000, 0x00000000e4600000| Untracked 
|  71|0x00000000e4700000, 0x00000000e4700000, 0x00000000e4800000|  0%| F|  |TAMS 0x00000000e4700000, 0x00000000e4700000| Untracked 
|  72|0x00000000e4800000, 0x00000000e4800000, 0x00000000e4900000|  0%| F|  |TAMS 0x00000000e4800000, 0x00000000e4800000| Untracked 
|  73|0x00000000e4900000, 0x00000000e4900000, 0x00000000e4a00000|  0%| F|  |TAMS 0x00000000e4900000, 0x00000000e4900000| Untracked 
|  74|0x00000000e4a00000, 0x00000000e4a00000, 0x00000000e4b00000|  0%| F|  |TAMS 0x00000000e4a00000, 0x00000000e4a00000| Untracked 
|  75|0x00000000e4b00000, 0x00000000e4b00000, 0x00000000e4c00000|  0%| F|  |TAMS 0x00000000e4b00000, 0x00000000e4b00000| Untracked 
|  76|0x00000000e4c00000, 0x00000000e4c00000, 0x00000000e4d00000|  0%| F|  |TAMS 0x00000000e4c00000, 0x00000000e4c00000| Untracked 
|  77|0x00000000e4d00000, 0x00000000e4d00000, 0x00000000e4e00000|  0%| F|  |TAMS 0x00000000e4d00000, 0x00000000e4d00000| Untracked 
|  78|0x00000000e4e00000, 0x00000000e4e00000, 0x00000000e4f00000|  0%| F|  |TAMS 0x00000000e4e00000, 0x00000000e4e00000| Untracked 
|  79|0x00000000e4f00000, 0x00000000e4f00000, 0x00000000e5000000|  0%| F|  |TAMS 0x00000000e4f00000, 0x00000000e4f00000| Untracked 
|  80|0x00000000e5000000, 0x00000000e5000000, 0x00000000e5100000|  0%| F|  |TAMS 0x00000000e5000000, 0x00000000e5000000| Untracked 
|  81|0x00000000e5100000, 0x00000000e5100000, 0x00000000e5200000|  0%| F|  |TAMS 0x00000000e5100000, 0x00000000e5100000| Untracked 
|  82|0x00000000e5200000, 0x00000000e5200000, 0x00000000e5300000|  0%| F|  |TAMS 0x00000000e5200000, 0x00000000e5200000| Untracked 
|  83|0x00000000e5300000, 0x00000000e5300000, 0x00000000e5400000|  0%| F|  |TAMS 0x00000000e5300000, 0x00000000e5300000| Untracked 
|  84|0x00000000e5400000, 0x00000000e5400000, 0x00000000e5500000|  0%| F|  |TAMS 0x00000000e5400000, 0x00000000e5400000| Untracked 
|  85|0x00000000e5500000, 0x00000000e5500000, 0x00000000e5600000|  0%| F|  |TAMS 0x00000000e5500000, 0x00000000e5500000| Untracked 
|  86|0x00000000e5600000, 0x00000000e5600000, 0x00000000e5700000|  0%| F|  |TAMS 0x00000000e5600000, 0x00000000e5600000| Untracked 
|  87|0x00000000e5700000, 0x00000000e5700000, 0x00000000e5800000|  0%| F|  |TAMS 0x00000000e5700000, 0x00000000e5700000| Untracked 
|  88|0x00000000e5800000, 0x00000000e5800000, 0x00000000e5900000|  0%| F|  |TAMS 0x00000000e5800000, 0x00000000e5800000| Untracked 
|  89|0x00000000e5900000, 0x00000000e5900000, 0x00000000e5a00000|  0%| F|  |TAMS 0x00000000e5900000, 0x00000000e5900000| Untracked 
|  90|0x00000000e5a00000, 0x00000000e5a00000, 0x00000000e5b00000|  0%| F|  |TAMS 0x00000000e5a00000, 0x00000000e5a00000| Untracked 
|  91|0x00000000e5b00000, 0x00000000e5b00000, 0x00000000e5c00000|  0%| F|  |TAMS 0x00000000e5b00000, 0x00000000e5b00000| Untracked 
|  92|0x00000000e5c00000, 0x00000000e5c00000, 0x00000000e5d00000|  0%| F|  |TAMS 0x00000000e5c00000, 0x00000000e5c00000| Untracked 
|  93|0x00000000e5d00000, 0x00000000e5d00000, 0x00000000e5e00000|  0%| F|  |TAMS 0x00000000e5d00000, 0x00000000e5d00000| Untracked 
|  94|0x00000000e5e00000, 0x00000000e5e00000, 0x00000000e5f00000|  0%| F|  |TAMS 0x00000000e5e00000, 0x00000000e5e00000| Untracked 
|  95|0x00000000e5f00000, 0x00000000e5f00000, 0x00000000e6000000|  0%| F|  |TAMS 0x00000000e5f00000, 0x00000000e5f00000| Untracked 
|  96|0x00000000e6000000, 0x00000000e6000000, 0x00000000e6100000|  0%| F|  |TAMS 0x00000000e6000000, 0x00000000e6000000| Untracked 
|  97|0x00000000e6100000, 0x00000000e6100000, 0x00000000e6200000|  0%| F|  |TAMS 0x00000000e6100000, 0x00000000e6100000| Untracked 
|  98|0x00000000e6200000, 0x00000000e62c90c0, 0x00000000e6300000| 78%| S|CS|TAMS 0x00000000e6200000, 0x00000000e6200000| Complete 
|  99|0x00000000e6300000, 0x00000000e6300000, 0x00000000e6400000|  0%| F|  |TAMS 0x00000000e6300000, 0x00000000e6300000| Untracked 
| 100|0x00000000e6400000, 0x00000000e6400000, 0x00000000e6500000|  0%| F|  |TAMS 0x00000000e6400000, 0x00000000e6400000| Untracked 
| 101|0x00000000e6500000, 0x00000000e6500000, 0x00000000e6600000|  0%| F|  |TAMS 0x00000000e6500000, 0x00000000e6500000| Untracked 
| 102|0x00000000e6600000, 0x00000000e6600000, 0x00000000e6700000|  0%| F|  |TAMS 0x00000000e6600000, 0x00000000e6600000| Untracked 
| 103|0x00000000e6700000, 0x00000000e6800000, 0x00000000e6800000|100%| S|CS|TAMS 0x00000000e6700000, 0x00000000e6700000| Complete 
| 104|0x00000000e6800000, 0x00000000e6900000, 0x00000000e6900000|100%| S|CS|TAMS 0x00000000e6800000, 0x00000000e6800000| Complete 
| 105|0x00000000e6900000, 0x00000000e6a00000, 0x00000000e6a00000|100%| S|CS|TAMS 0x00000000e6900000, 0x00000000e6900000| Complete 
| 106|0x00000000e6a00000, 0x00000000e6b00000, 0x00000000e6b00000|100%| S|CS|TAMS 0x00000000e6a00000, 0x00000000e6a00000| Complete 
| 107|0x00000000e6b00000, 0x00000000e6b00000, 0x00000000e6c00000|  0%| F|  |TAMS 0x00000000e6b00000, 0x00000000e6b00000| Untracked 
| 108|0x00000000e6c00000, 0x00000000e6c00000, 0x00000000e6d00000|  0%| F|  |TAMS 0x00000000e6c00000, 0x00000000e6c00000| Untracked 
| 109|0x00000000e6d00000, 0x00000000e6d00000, 0x00000000e6e00000|  0%| F|  |TAMS 0x00000000e6d00000, 0x00000000e6d00000| Untracked 
| 110|0x00000000e6e00000, 0x00000000e6e00000, 0x00000000e6f00000|  0%| F|  |TAMS 0x00000000e6e00000, 0x00000000e6e00000| Untracked 
| 111|0x00000000e6f00000, 0x00000000e6f00000, 0x00000000e7000000|  0%| F|  |TAMS 0x00000000e6f00000, 0x00000000e6f00000| Untracked 
| 112|0x00000000e7000000, 0x00000000e7000000, 0x00000000e7100000|  0%| F|  |TAMS 0x00000000e7000000, 0x00000000e7000000| Untracked 
| 113|0x00000000e7100000, 0x00000000e7100000, 0x00000000e7200000|  0%| F|  |TAMS 0x00000000e7100000, 0x00000000e7100000| Untracked 
| 114|0x00000000e7200000, 0x00000000e7200000, 0x00000000e7300000|  0%| F|  |TAMS 0x00000000e7200000, 0x00000000e7200000| Untracked 
| 115|0x00000000e7300000, 0x00000000e7300000, 0x00000000e7400000|  0%| F|  |TAMS 0x00000000e7300000, 0x00000000e7300000| Untracked 
| 116|0x00000000e7400000, 0x00000000e7400000, 0x00000000e7500000|  0%| F|  |TAMS 0x00000000e7400000, 0x00000000e7400000| Untracked 
| 117|0x00000000e7500000, 0x00000000e755f1f0, 0x00000000e7600000| 37%| E|  |TAMS 0x00000000e7500000, 0x00000000e7500000| Complete 
| 118|0x00000000e7600000, 0x00000000e7700000, 0x00000000e7700000|100%| E|CS|TAMS 0x00000000e7600000, 0x00000000e7600000| Complete 
| 119|0x00000000e7700000, 0x00000000e7800000, 0x00000000e7800000|100%| E|CS|TAMS 0x00000000e7700000, 0x00000000e7700000| Complete 
| 120|0x00000000e7800000, 0x00000000e7900000, 0x00000000e7900000|100%| E|CS|TAMS 0x00000000e7800000, 0x00000000e7800000| Complete 
| 121|0x00000000e7900000, 0x00000000e7a00000, 0x00000000e7a00000|100%| E|CS|TAMS 0x00000000e7900000, 0x00000000e7900000| Complete 
| 122|0x00000000e7a00000, 0x00000000e7b00000, 0x00000000e7b00000|100%| E|CS|TAMS 0x00000000e7a00000, 0x00000000e7a00000| Complete 
| 123|0x00000000e7b00000, 0x00000000e7c00000, 0x00000000e7c00000|100%| E|CS|TAMS 0x00000000e7b00000, 0x00000000e7b00000| Complete 
| 124|0x00000000e7c00000, 0x00000000e7d00000, 0x00000000e7d00000|100%| E|CS|TAMS 0x00000000e7c00000, 0x00000000e7c00000| Complete 
| 125|0x00000000e7d00000, 0x00000000e7e00000, 0x00000000e7e00000|100%| E|CS|TAMS 0x00000000e7d00000, 0x00000000e7d00000| Complete 
| 126|0x00000000e7e00000, 0x00000000e7f00000, 0x00000000e7f00000|100%| E|CS|TAMS 0x00000000e7e00000, 0x00000000e7e00000| Complete 
| 127|0x00000000e7f00000, 0x00000000e8000000, 0x00000000e8000000|100%| E|CS|TAMS 0x00000000e7f00000, 0x00000000e7f00000| Complete 
| 128|0x00000000e8000000, 0x00000000e8100000, 0x00000000e8100000|100%| E|CS|TAMS 0x00000000e8000000, 0x00000000e8000000| Complete 
| 129|0x00000000e8100000, 0x00000000e8200000, 0x00000000e8200000|100%| E|CS|TAMS 0x00000000e8100000, 0x00000000e8100000| Complete 
| 130|0x00000000e8200000, 0x00000000e8300000, 0x00000000e8300000|100%| E|CS|TAMS 0x00000000e8200000, 0x00000000e8200000| Complete 
| 131|0x00000000e8300000, 0x00000000e8400000, 0x00000000e8400000|100%| E|CS|TAMS 0x00000000e8300000, 0x00000000e8300000| Complete 
| 132|0x00000000e8400000, 0x00000000e8500000, 0x00000000e8500000|100%| E|CS|TAMS 0x00000000e8400000, 0x00000000e8400000| Complete 
| 133|0x00000000e8500000, 0x00000000e8600000, 0x00000000e8600000|100%| E|CS|TAMS 0x00000000e8500000, 0x00000000e8500000| Complete 
| 134|0x00000000e8600000, 0x00000000e8700000, 0x00000000e8700000|100%| E|CS|TAMS 0x00000000e8600000, 0x00000000e8600000| Complete 
| 135|0x00000000e8700000, 0x00000000e8800000, 0x00000000e8800000|100%| E|CS|TAMS 0x00000000e8700000, 0x00000000e8700000| Complete 
| 136|0x00000000e8800000, 0x00000000e8900000, 0x00000000e8900000|100%| E|CS|TAMS 0x00000000e8800000, 0x00000000e8800000| Complete 
| 137|0x00000000e8900000, 0x00000000e8a00000, 0x00000000e8a00000|100%| E|CS|TAMS 0x00000000e8900000, 0x00000000e8900000| Complete 
| 138|0x00000000e8a00000, 0x00000000e8b00000, 0x00000000e8b00000|100%| E|CS|TAMS 0x00000000e8a00000, 0x00000000e8a00000| Complete 
| 139|0x00000000e8b00000, 0x00000000e8c00000, 0x00000000e8c00000|100%| E|CS|TAMS 0x00000000e8b00000, 0x00000000e8b00000| Complete 
| 140|0x00000000e8c00000, 0x00000000e8d00000, 0x00000000e8d00000|100%| E|CS|TAMS 0x00000000e8c00000, 0x00000000e8c00000| Complete 
| 141|0x00000000e8d00000, 0x00000000e8e00000, 0x00000000e8e00000|100%| E|CS|TAMS 0x00000000e8d00000, 0x00000000e8d00000| Complete 
| 142|0x00000000e8e00000, 0x00000000e8f00000, 0x00000000e8f00000|100%| E|CS|TAMS 0x00000000e8e00000, 0x00000000e8e00000| Complete 
| 143|0x00000000e8f00000, 0x00000000e9000000, 0x00000000e9000000|100%| E|CS|TAMS 0x00000000e8f00000, 0x00000000e8f00000| Complete 
| 144|0x00000000e9000000, 0x00000000e9100000, 0x00000000e9100000|100%| E|CS|TAMS 0x00000000e9000000, 0x00000000e9000000| Complete 
| 145|0x00000000e9100000, 0x00000000e9200000, 0x00000000e9200000|100%| E|CS|TAMS 0x00000000e9100000, 0x00000000e9100000| Complete 
| 146|0x00000000e9200000, 0x00000000e9300000, 0x00000000e9300000|100%| E|CS|TAMS 0x00000000e9200000, 0x00000000e9200000| Complete 
| 147|0x00000000e9300000, 0x00000000e9400000, 0x00000000e9400000|100%| E|CS|TAMS 0x00000000e9300000, 0x00000000e9300000| Complete 
| 148|0x00000000e9400000, 0x00000000e9500000, 0x00000000e9500000|100%| E|CS|TAMS 0x00000000e9400000, 0x00000000e9400000| Complete 
| 149|0x00000000e9500000, 0x00000000e9600000, 0x00000000e9600000|100%| E|CS|TAMS 0x00000000e9500000, 0x00000000e9500000| Complete 
| 150|0x00000000e9600000, 0x00000000e9700000, 0x00000000e9700000|100%| E|CS|TAMS 0x00000000e9600000, 0x00000000e9600000| Complete 
| 151|0x00000000e9700000, 0x00000000e9800000, 0x00000000e9800000|100%| E|CS|TAMS 0x00000000e9700000, 0x00000000e9700000| Complete 
| 152|0x00000000e9800000, 0x00000000e9900000, 0x00000000e9900000|100%| E|CS|TAMS 0x00000000e9800000, 0x00000000e9800000| Complete 
| 153|0x00000000e9900000, 0x00000000e9a00000, 0x00000000e9a00000|100%| E|CS|TAMS 0x00000000e9900000, 0x00000000e9900000| Complete 
| 154|0x00000000e9a00000, 0x00000000e9b00000, 0x00000000e9b00000|100%| E|CS|TAMS 0x00000000e9a00000, 0x00000000e9a00000| Complete 
| 155|0x00000000e9b00000, 0x00000000e9c00000, 0x00000000e9c00000|100%| E|CS|TAMS 0x00000000e9b00000, 0x00000000e9b00000| Complete 
| 156|0x00000000e9c00000, 0x00000000e9d00000, 0x00000000e9d00000|100%| E|CS|TAMS 0x00000000e9c00000, 0x00000000e9c00000| Complete 
| 157|0x00000000e9d00000, 0x00000000e9e00000, 0x00000000e9e00000|100%| E|CS|TAMS 0x00000000e9d00000, 0x00000000e9d00000| Complete 
| 158|0x00000000e9e00000, 0x00000000e9f00000, 0x00000000e9f00000|100%| E|CS|TAMS 0x00000000e9e00000, 0x00000000e9e00000| Complete 
| 159|0x00000000e9f00000, 0x00000000ea000000, 0x00000000ea000000|100%| E|CS|TAMS 0x00000000e9f00000, 0x00000000e9f00000| Complete 
| 160|0x00000000ea000000, 0x00000000ea100000, 0x00000000ea100000|100%| E|CS|TAMS 0x00000000ea000000, 0x00000000ea000000| Complete 
| 161|0x00000000ea100000, 0x00000000ea200000, 0x00000000ea200000|100%| E|CS|TAMS 0x00000000ea100000, 0x00000000ea100000| Complete 
| 162|0x00000000ea200000, 0x00000000ea300000, 0x00000000ea300000|100%| E|CS|TAMS 0x00000000ea200000, 0x00000000ea200000| Complete 
| 163|0x00000000ea300000, 0x00000000ea400000, 0x00000000ea400000|100%| E|CS|TAMS 0x00000000ea300000, 0x00000000ea300000| Complete 
| 164|0x00000000ea400000, 0x00000000ea500000, 0x00000000ea500000|100%| E|CS|TAMS 0x00000000ea400000, 0x00000000ea400000| Complete 
| 165|0x00000000ea500000, 0x00000000ea600000, 0x00000000ea600000|100%| E|CS|TAMS 0x00000000ea500000, 0x00000000ea500000| Complete 
| 166|0x00000000ea600000, 0x00000000ea700000, 0x00000000ea700000|100%| E|CS|TAMS 0x00000000ea600000, 0x00000000ea600000| Complete 
| 167|0x00000000ea700000, 0x00000000ea800000, 0x00000000ea800000|100%| E|CS|TAMS 0x00000000ea700000, 0x00000000ea700000| Complete 
| 168|0x00000000ea800000, 0x00000000ea900000, 0x00000000ea900000|100%| E|CS|TAMS 0x00000000ea800000, 0x00000000ea800000| Complete 
| 169|0x00000000ea900000, 0x00000000eaa00000, 0x00000000eaa00000|100%| E|CS|TAMS 0x00000000ea900000, 0x00000000ea900000| Complete 
| 170|0x00000000eaa00000, 0x00000000eab00000, 0x00000000eab00000|100%| E|CS|TAMS 0x00000000eaa00000, 0x00000000eaa00000| Complete 
| 171|0x00000000eab00000, 0x00000000eac00000, 0x00000000eac00000|100%| E|CS|TAMS 0x00000000eab00000, 0x00000000eab00000| Complete 
| 172|0x00000000eac00000, 0x00000000ead00000, 0x00000000ead00000|100%| E|CS|TAMS 0x00000000eac00000, 0x00000000eac00000| Complete 
| 173|0x00000000ead00000, 0x00000000eae00000, 0x00000000eae00000|100%| E|CS|TAMS 0x00000000ead00000, 0x00000000ead00000| Complete 
| 174|0x00000000eae00000, 0x00000000eaf00000, 0x00000000eaf00000|100%| E|CS|TAMS 0x00000000eae00000, 0x00000000eae00000| Complete 
| 175|0x00000000eaf00000, 0x00000000eb000000, 0x00000000eb000000|100%| E|CS|TAMS 0x00000000eaf00000, 0x00000000eaf00000| Complete 
| 176|0x00000000eb000000, 0x00000000eb100000, 0x00000000eb100000|100%| E|CS|TAMS 0x00000000eb000000, 0x00000000eb000000| Complete 
| 177|0x00000000eb100000, 0x00000000eb200000, 0x00000000eb200000|100%| E|CS|TAMS 0x00000000eb100000, 0x00000000eb100000| Complete 
| 178|0x00000000eb200000, 0x00000000eb300000, 0x00000000eb300000|100%| E|CS|TAMS 0x00000000eb200000, 0x00000000eb200000| Complete 
| 179|0x00000000eb300000, 0x00000000eb400000, 0x00000000eb400000|100%| E|CS|TAMS 0x00000000eb300000, 0x00000000eb300000| Complete 
| 180|0x00000000eb400000, 0x00000000eb500000, 0x00000000eb500000|100%| E|CS|TAMS 0x00000000eb400000, 0x00000000eb400000| Complete 
| 181|0x00000000eb500000, 0x00000000eb600000, 0x00000000eb600000|100%| E|CS|TAMS 0x00000000eb500000, 0x00000000eb500000| Complete 
| 182|0x00000000eb600000, 0x00000000eb700000, 0x00000000eb700000|100%| E|CS|TAMS 0x00000000eb600000, 0x00000000eb600000| Complete 
| 183|0x00000000eb700000, 0x00000000eb800000, 0x00000000eb800000|100%| E|CS|TAMS 0x00000000eb700000, 0x00000000eb700000| Complete 
| 184|0x00000000eb800000, 0x00000000eb900000, 0x00000000eb900000|100%| E|  |TAMS 0x00000000eb800000, 0x00000000eb800000| Complete 
| 185|0x00000000eb900000, 0x00000000eba00000, 0x00000000eba00000|100%| E|CS|TAMS 0x00000000eb900000, 0x00000000eb900000| Complete 
| 186|0x00000000eba00000, 0x00000000ebb00000, 0x00000000ebb00000|100%| E|CS|TAMS 0x00000000eba00000, 0x00000000eba00000| Complete 
| 187|0x00000000ebb00000, 0x00000000ebc00000, 0x00000000ebc00000|100%| E|CS|TAMS 0x00000000ebb00000, 0x00000000ebb00000| Complete 
| 188|0x00000000ebc00000, 0x00000000ebd00000, 0x00000000ebd00000|100%| E|CS|TAMS 0x00000000ebc00000, 0x00000000ebc00000| Complete 
| 189|0x00000000ebd00000, 0x00000000ebe00000, 0x00000000ebe00000|100%| E|CS|TAMS 0x00000000ebd00000, 0x00000000ebd00000| Complete 
| 190|0x00000000ebe00000, 0x00000000ebf00000, 0x00000000ebf00000|100%| E|CS|TAMS 0x00000000ebe00000, 0x00000000ebe00000| Complete 
| 191|0x00000000ebf00000, 0x00000000ec000000, 0x00000000ec000000|100%| E|CS|TAMS 0x00000000ebf00000, 0x00000000ebf00000| Complete 
| 192|0x00000000ec000000, 0x00000000ec100000, 0x00000000ec100000|100%| E|CS|TAMS 0x00000000ec000000, 0x00000000ec000000| Complete 
| 193|0x00000000ec100000, 0x00000000ec200000, 0x00000000ec200000|100%| E|CS|TAMS 0x00000000ec100000, 0x00000000ec100000| Complete 
| 194|0x00000000ec200000, 0x00000000ec300000, 0x00000000ec300000|100%| E|CS|TAMS 0x00000000ec200000, 0x00000000ec200000| Complete 
| 195|0x00000000ec300000, 0x00000000ec400000, 0x00000000ec400000|100%| E|CS|TAMS 0x00000000ec300000, 0x00000000ec300000| Complete 
| 196|0x00000000ec400000, 0x00000000ec500000, 0x00000000ec500000|100%| E|CS|TAMS 0x00000000ec400000, 0x00000000ec400000| Complete 
| 197|0x00000000ec500000, 0x00000000ec600000, 0x00000000ec600000|100%| E|CS|TAMS 0x00000000ec500000, 0x00000000ec500000| Complete 
| 198|0x00000000ec600000, 0x00000000ec700000, 0x00000000ec700000|100%| E|CS|TAMS 0x00000000ec600000, 0x00000000ec600000| Complete 
| 199|0x00000000ec700000, 0x00000000ec800000, 0x00000000ec800000|100%| E|CS|TAMS 0x00000000ec700000, 0x00000000ec700000| Complete 
| 200|0x00000000ec800000, 0x00000000ec900000, 0x00000000ec900000|100%| E|CS|TAMS 0x00000000ec800000, 0x00000000ec800000| Complete 
| 201|0x00000000ec900000, 0x00000000eca00000, 0x00000000eca00000|100%| E|CS|TAMS 0x00000000ec900000, 0x00000000ec900000| Complete 
| 202|0x00000000eca00000, 0x00000000ecb00000, 0x00000000ecb00000|100%| E|CS|TAMS 0x00000000eca00000, 0x00000000eca00000| Complete 
| 203|0x00000000ecb00000, 0x00000000ecc00000, 0x00000000ecc00000|100%| E|CS|TAMS 0x00000000ecb00000, 0x00000000ecb00000| Complete 
| 204|0x00000000ecc00000, 0x00000000ecd00000, 0x00000000ecd00000|100%| E|CS|TAMS 0x00000000ecc00000, 0x00000000ecc00000| Complete 
| 205|0x00000000ecd00000, 0x00000000ece00000, 0x00000000ece00000|100%| E|CS|TAMS 0x00000000ecd00000, 0x00000000ecd00000| Complete 
| 206|0x00000000ece00000, 0x00000000ecf00000, 0x00000000ecf00000|100%| E|CS|TAMS 0x00000000ece00000, 0x00000000ece00000| Complete 
| 207|0x00000000ecf00000, 0x00000000ed000000, 0x00000000ed000000|100%| E|CS|TAMS 0x00000000ecf00000, 0x00000000ecf00000| Complete 
| 208|0x00000000ed000000, 0x00000000ed100000, 0x00000000ed100000|100%| E|CS|TAMS 0x00000000ed000000, 0x00000000ed000000| Complete 
| 209|0x00000000ed100000, 0x00000000ed200000, 0x00000000ed200000|100%| E|CS|TAMS 0x00000000ed100000, 0x00000000ed100000| Complete 
| 210|0x00000000ed200000, 0x00000000ed300000, 0x00000000ed300000|100%| E|CS|TAMS 0x00000000ed200000, 0x00000000ed200000| Complete 
| 211|0x00000000ed300000, 0x00000000ed400000, 0x00000000ed400000|100%| E|CS|TAMS 0x00000000ed300000, 0x00000000ed300000| Complete 
| 212|0x00000000ed400000, 0x00000000ed500000, 0x00000000ed500000|100%| E|CS|TAMS 0x00000000ed400000, 0x00000000ed400000| Complete 
| 213|0x00000000ed500000, 0x00000000ed600000, 0x00000000ed600000|100%| E|CS|TAMS 0x00000000ed500000, 0x00000000ed500000| Complete 
| 214|0x00000000ed600000, 0x00000000ed700000, 0x00000000ed700000|100%| E|CS|TAMS 0x00000000ed600000, 0x00000000ed600000| Complete 
| 215|0x00000000ed700000, 0x00000000ed800000, 0x00000000ed800000|100%| E|CS|TAMS 0x00000000ed700000, 0x00000000ed700000| Complete 
| 216|0x00000000ed800000, 0x00000000ed900000, 0x00000000ed900000|100%| E|CS|TAMS 0x00000000ed800000, 0x00000000ed800000| Complete 
| 217|0x00000000ed900000, 0x00000000eda00000, 0x00000000eda00000|100%| E|CS|TAMS 0x00000000ed900000, 0x00000000ed900000| Complete 
| 218|0x00000000eda00000, 0x00000000edb00000, 0x00000000edb00000|100%| E|CS|TAMS 0x00000000eda00000, 0x00000000eda00000| Complete 
| 219|0x00000000edb00000, 0x00000000edc00000, 0x00000000edc00000|100%| E|CS|TAMS 0x00000000edb00000, 0x00000000edb00000| Complete 
| 220|0x00000000edc00000, 0x00000000edd00000, 0x00000000edd00000|100%| E|CS|TAMS 0x00000000edc00000, 0x00000000edc00000| Complete 
| 221|0x00000000edd00000, 0x00000000ede00000, 0x00000000ede00000|100%| E|CS|TAMS 0x00000000edd00000, 0x00000000edd00000| Complete 
| 222|0x00000000ede00000, 0x00000000edf00000, 0x00000000edf00000|100%| E|CS|TAMS 0x00000000ede00000, 0x00000000ede00000| Complete 
| 223|0x00000000edf00000, 0x00000000ee000000, 0x00000000ee000000|100%| E|CS|TAMS 0x00000000edf00000, 0x00000000edf00000| Complete 
| 224|0x00000000ee000000, 0x00000000ee100000, 0x00000000ee100000|100%| E|CS|TAMS 0x00000000ee000000, 0x00000000ee000000| Complete 
| 225|0x00000000ee100000, 0x00000000ee200000, 0x00000000ee200000|100%| E|CS|TAMS 0x00000000ee100000, 0x00000000ee100000| Complete 
| 226|0x00000000ee200000, 0x00000000ee300000, 0x00000000ee300000|100%| E|CS|TAMS 0x00000000ee200000, 0x00000000ee200000| Complete 
| 227|0x00000000ee300000, 0x00000000ee400000, 0x00000000ee400000|100%| E|CS|TAMS 0x00000000ee300000, 0x00000000ee300000| Complete 
| 228|0x00000000ee400000, 0x00000000ee500000, 0x00000000ee500000|100%| E|CS|TAMS 0x00000000ee400000, 0x00000000ee400000| Complete 
| 229|0x00000000ee500000, 0x00000000ee600000, 0x00000000ee600000|100%| E|CS|TAMS 0x00000000ee500000, 0x00000000ee500000| Complete 
| 230|0x00000000ee600000, 0x00000000ee700000, 0x00000000ee700000|100%| E|CS|TAMS 0x00000000ee600000, 0x00000000ee600000| Complete 
| 231|0x00000000ee700000, 0x00000000ee800000, 0x00000000ee800000|100%| E|CS|TAMS 0x00000000ee700000, 0x00000000ee700000| Complete 
| 232|0x00000000ee800000, 0x00000000ee900000, 0x00000000ee900000|100%| E|CS|TAMS 0x00000000ee800000, 0x00000000ee800000| Complete 
| 233|0x00000000ee900000, 0x00000000eea00000, 0x00000000eea00000|100%| E|CS|TAMS 0x00000000ee900000, 0x00000000ee900000| Complete 
| 234|0x00000000eea00000, 0x00000000eeb00000, 0x00000000eeb00000|100%| E|CS|TAMS 0x00000000eea00000, 0x00000000eea00000| Complete 
| 235|0x00000000eeb00000, 0x00000000eec00000, 0x00000000eec00000|100%| E|CS|TAMS 0x00000000eeb00000, 0x00000000eeb00000| Complete 
| 236|0x00000000eec00000, 0x00000000eed00000, 0x00000000eed00000|100%| E|CS|TAMS 0x00000000eec00000, 0x00000000eec00000| Complete 
| 237|0x00000000eed00000, 0x00000000eee00000, 0x00000000eee00000|100%| E|CS|TAMS 0x00000000eed00000, 0x00000000eed00000| Complete 
| 238|0x00000000eee00000, 0x00000000eef00000, 0x00000000eef00000|100%| E|CS|TAMS 0x00000000eee00000, 0x00000000eee00000| Complete 
| 239|0x00000000eef00000, 0x00000000ef000000, 0x00000000ef000000|100%| E|CS|TAMS 0x00000000eef00000, 0x00000000eef00000| Complete 
| 240|0x00000000ef000000, 0x00000000ef100000, 0x00000000ef100000|100%| E|CS|TAMS 0x00000000ef000000, 0x00000000ef000000| Complete 
| 241|0x00000000ef100000, 0x00000000ef200000, 0x00000000ef200000|100%| E|CS|TAMS 0x00000000ef100000, 0x00000000ef100000| Complete 
| 242|0x00000000ef200000, 0x00000000ef300000, 0x00000000ef300000|100%| E|CS|TAMS 0x00000000ef200000, 0x00000000ef200000| Complete 
| 243|0x00000000ef300000, 0x00000000ef400000, 0x00000000ef400000|100%| E|CS|TAMS 0x00000000ef300000, 0x00000000ef300000| Complete 
| 244|0x00000000ef400000, 0x00000000ef500000, 0x00000000ef500000|100%| E|CS|TAMS 0x00000000ef400000, 0x00000000ef400000| Complete 
| 245|0x00000000ef500000, 0x00000000ef600000, 0x00000000ef600000|100%| E|CS|TAMS 0x00000000ef500000, 0x00000000ef500000| Complete 
| 246|0x00000000ef600000, 0x00000000ef700000, 0x00000000ef700000|100%| E|CS|TAMS 0x00000000ef600000, 0x00000000ef600000| Complete 
| 247|0x00000000ef700000, 0x00000000ef800000, 0x00000000ef800000|100%| E|CS|TAMS 0x00000000ef700000, 0x00000000ef700000| Complete 
| 248|0x00000000ef800000, 0x00000000ef900000, 0x00000000ef900000|100%| E|CS|TAMS 0x00000000ef800000, 0x00000000ef800000| Complete 
| 249|0x00000000ef900000, 0x00000000efa00000, 0x00000000efa00000|100%| E|CS|TAMS 0x00000000ef900000, 0x00000000ef900000| Complete 
| 250|0x00000000efa00000, 0x00000000efb00000, 0x00000000efb00000|100%| E|CS|TAMS 0x00000000efa00000, 0x00000000efa00000| Complete 
| 251|0x00000000efb00000, 0x00000000efc00000, 0x00000000efc00000|100%| E|CS|TAMS 0x00000000efb00000, 0x00000000efb00000| Complete 
| 252|0x00000000efc00000, 0x00000000efd00000, 0x00000000efd00000|100%| E|CS|TAMS 0x00000000efc00000, 0x00000000efc00000| Complete 
| 253|0x00000000efd00000, 0x00000000efe00000, 0x00000000efe00000|100%| E|CS|TAMS 0x00000000efd00000, 0x00000000efd00000| Complete 
| 254|0x00000000efe00000, 0x00000000eff00000, 0x00000000eff00000|100%| E|CS|TAMS 0x00000000efe00000, 0x00000000efe00000| Complete 
| 255|0x00000000eff00000, 0x00000000f0000000, 0x00000000f0000000|100%| E|CS|TAMS 0x00000000eff00000, 0x00000000eff00000| Complete 

Card table byte_map: [0x0000025ff9a30000,0x0000025ff9b30000] _byte_map_base: 0x0000025ff9330000

Marking Bits (Prev, Next): (CMBitMap*) 0x0000025ff934de20, (CMBitMap*) 0x0000025ff934dde0
 Prev Bits: [0x0000025ffa430000, 0x0000025ffac30000)
 Next Bits: [0x0000025ff9c30000, 0x0000025ffa430000)

Polling page: 0x0000025ff8ad0000

Metaspace:

Usage:
  Non-class:     56.52 MB used.
      Class:      9.26 MB used.
       Both:     65.78 MB used.

Virtual space:
  Non-class space:       64.00 MB reserved,      57.00 MB ( 89%) committed,  1 nodes.
      Class space:      320.00 MB reserved,       9.75 MB (  3%) committed,  1 nodes.
             Both:      384.00 MB reserved,      66.75 MB ( 17%) committed. 

Chunk freelists:
   Non-Class:  6.94 MB
       Class:  6.22 MB
        Both:  13.15 MB

MaxMetaspaceSize: 384.00 MB
CompressedClassSpaceSize: 320.00 MB
Initial GC threshold: 21.00 MB
Current GC threshold: 99.00 MB
CDS: on
MetaspaceReclaimPolicy: balanced
 - commit_granule_bytes: 65536.
 - commit_granule_words: 8192.
 - virtual_space_node_default_size: 8388608.
 - enlarge_chunks_in_place: 1.
 - new_chunks_are_fully_committed: 0.
 - uncommit_free_chunks: 1.
 - use_allocation_guard: 0.
 - handle_deallocations: 1.


Internal statistics:

num_allocs_failed_limit: 12.
num_arena_births: 1614.
num_arena_deaths: 0.
num_vsnodes_births: 2.
num_vsnodes_deaths: 0.
num_space_committed: 1068.
num_space_uncommitted: 0.
num_chunks_returned_to_freelist: 12.
num_chunks_taken_from_freelist: 4840.
num_chunk_merges: 12.
num_chunk_splits: 2887.
num_chunks_enlarged: 1556.
num_inconsistent_stats: 0.

CodeHeap 'non-profiled nmethods': size=120000Kb used=7667Kb max_used=7667Kb free=112332Kb
 bounds [0x0000025f8f540000, 0x0000025f8fcc0000, 0x0000025f96a70000]
CodeHeap 'profiled nmethods': size=120000Kb used=22103Kb max_used=22103Kb free=97896Kb
 bounds [0x0000025f87a70000, 0x0000025f89010000, 0x0000025f8efa0000]
CodeHeap 'non-nmethods': size=5760Kb used=2370Kb max_used=2440Kb free=3389Kb
 bounds [0x0000025f8efa0000, 0x0000025f8f210000, 0x0000025f8f540000]
 total_blobs=12376 nmethods=11482 adapters=806
 compilation: enabled
              stopped_count=0, restarted_count=0
 full_count=0

Compilation events (20 events):
Event: 2894.450 Thread 0x0000025ffd89df10 nmethod 13068 0x0000025f89003c10 code [0x0000025f89003dc0, 0x0000025f89004038]
Event: 2894.450 Thread 0x0000025ffd89df10 13069       3       org.gradle.api.tasks.util.PatternSet::isEmpty (82 bytes)
Event: 2894.450 Thread 0x0000025ffd89cdb0 nmethod 13016 0x0000025f8fcb5d90 code [0x0000025f8fcb5f20, 0x0000025f8fcb6068]
Event: 2894.450 Thread 0x0000025ffd89df10 nmethod 13069 0x0000025f89004110 code [0x0000025f89004300, 0x0000025f89004938]
Event: 2894.450 Thread 0x0000025ffd89cdb0 13070       4       java.io.File::isDirectory (34 bytes)
Event: 2894.451 Thread 0x0000025ffd89df10 13071       3       org.gradle.api.internal.provider.ValueSupplier$FixedSideEffect::execute (14 bytes)
Event: 2894.451 Thread 0x0000025ffd89df10 nmethod 13071 0x0000025f89004a90 code [0x0000025f89004c40, 0x0000025f89004e28]
Event: 2894.451 Thread 0x0000025ffd89df10 13072       3       org.gradle.jvm.toolchain.internal.DefaultJavaToolchainService::emitEvent (22 bytes)
Event: 2894.451 Thread 0x0000025ffd89df10 nmethod 13072 0x0000025f89004f10 code [0x0000025f89005100, 0x0000025f890055d8]
Event: 2894.453 Thread 0x0000025ffd89cdb0 nmethod 13070 0x0000025f8fcb6210 code [0x0000025f8fcb63c0, 0x0000025f8fcb66f8]
Event: 2894.453 Thread 0x0000025ffd89cdb0 13073       4       jdk.internal.org.objectweb.asm.ClassWriter::toByteArray (1515 bytes)
Event: 2894.466 Thread 0x0000025ffd89df10 13074       3       org.gradle.api.internal.file.collections.DefaultConfigurableFileCollection$EmptyCollector::setFrom (14 bytes)
Event: 2894.466 Thread 0x0000025ffd89df10 nmethod 13074 0x0000025f89005810 code [0x0000025f890059c0, 0x0000025f89005b88]
Event: 2894.466 Thread 0x0000025ffd89df10 13075       3       org.gradle.api.internal.file.collections.DefaultConfigurableFileCollection$UnresolvedItemsCollector::<init> (41 bytes)
Event: 2894.466 Thread 0x0000025ffd89df10 nmethod 13075 0x0000025f89005c90 code [0x0000025f89005e80, 0x0000025f890062d8]
Event: 2894.502 Thread 0x0000025ffd89cdb0 nmethod 13073 0x0000025f8fcb6990 code [0x0000025f8fcb6d00, 0x0000025f8fcb94b8]
Event: 2894.503 Thread 0x0000025ffd89cdb0 13076       4       java.io.OutputStream::write (34 bytes)
Event: 2894.517 Thread 0x0000025ffd89cdb0 nmethod 13076 0x0000025f8fcbb490 code [0x0000025f8fcbb6a0, 0x0000025f8fcbc328]
Event: 2894.517 Thread 0x0000025ffd89cdb0 13010       4       java.util.ArrayDeque::pollLast (36 bytes)
Event: 2894.518 Thread 0x0000025ffd89cdb0 nmethod 13010 0x0000025f8fcbca90 code [0x0000025f8fcbcc00, 0x0000025f8fcbcd18]

GC Heap History (20 events):
Event: 1.056 GC heap before
{Heap before GC invocations=2 (full 0):
 garbage-first heap   total 262144K, used 58402K [0x00000000e0000000, 0x0000000100000000)
  region size 1024K, 46 young (47104K), 3 survivors (3072K)
 Metaspace       used 4774K, committed 4992K, reserved 393216K
  class space    used 616K, committed 704K, reserved 327680K
}
Event: 1.059 GC heap after
{Heap after GC invocations=3 (full 0):
 garbage-first heap   total 262144K, used 17644K [0x00000000e0000000, 0x0000000100000000)
  region size 1024K, 6 young (6144K), 6 survivors (6144K)
 Metaspace       used 4774K, committed 4992K, reserved 393216K
  class space    used 616K, committed 704K, reserved 327680K
}
Event: 2.527 GC heap before
{Heap before GC invocations=3 (full 0):
 garbage-first heap   total 262144K, used 123116K [0x00000000e0000000, 0x0000000100000000)
  region size 1024K, 110 young (112640K), 6 survivors (6144K)
 Metaspace       used 21236K, committed 21504K, reserved 393216K
  class space    used 3119K, committed 3264K, reserved 327680K
}
Event: 2.536 GC heap after
{Heap after GC invocations=4 (full 0):
 garbage-first heap   total 262144K, used 24466K [0x00000000e0000000, 0x0000000100000000)
  region size 1024K, 13 young (13312K), 13 survivors (13312K)
 Metaspace       used 21236K, committed 21504K, reserved 393216K
  class space    used 3119K, committed 3264K, reserved 327680K
}
Event: 3.810 GC heap before
{Heap before GC invocations=5 (full 0):
 garbage-first heap   total 262144K, used 147346K [0x00000000e0000000, 0x0000000100000000)
  region size 1024K, 130 young (133120K), 13 survivors (13312K)
 Metaspace       used 35476K, committed 35968K, reserved 393216K
  class space    used 4941K, committed 5184K, reserved 327680K
}
Event: 3.821 GC heap after
{Heap after GC invocations=6 (full 0):
 garbage-first heap   total 262144K, used 34759K [0x00000000e0000000, 0x0000000100000000)
  region size 1024K, 17 young (17408K), 17 survivors (17408K)
 Metaspace       used 35476K, committed 35968K, reserved 393216K
  class space    used 4941K, committed 5184K, reserved 327680K
}
Event: 3.833 GC heap before
{Heap before GC invocations=6 (full 0):
 garbage-first heap   total 262144K, used 35783K [0x00000000e0000000, 0x0000000100000000)
  region size 1024K, 18 young (18432K), 17 survivors (17408K)
 Metaspace       used 35674K, committed 36160K, reserved 393216K
  class space    used 4969K, committed 5184K, reserved 327680K
}
Event: 3.840 GC heap after
{Heap after GC invocations=7 (full 0):
 garbage-first heap   total 262144K, used 35806K [0x00000000e0000000, 0x0000000100000000)
  region size 1024K, 3 young (3072K), 3 survivors (3072K)
 Metaspace       used 35674K, committed 36160K, reserved 393216K
  class space    used 4969K, committed 5184K, reserved 327680K
}
Event: 3.850 GC heap before
{Heap before GC invocations=7 (full 0):
 garbage-first heap   total 262144K, used 36830K [0x00000000e0000000, 0x0000000100000000)
  region size 1024K, 5 young (5120K), 3 survivors (3072K)
 Metaspace       used 35799K, committed 36288K, reserved 393216K
  class space    used 4989K, committed 5184K, reserved 327680K
}
Event: 3.850 GC heap after
{Heap after GC invocations=8 (full 0):
 garbage-first heap   total 262144K, used 33902K [0x00000000e0000000, 0x0000000100000000)
  region size 1024K, 1 young (1024K), 1 survivors (1024K)
 Metaspace       used 35799K, committed 36288K, reserved 393216K
  class space    used 4989K, committed 5184K, reserved 327680K
}
Event: 5.397 GC heap before
{Heap before GC invocations=9 (full 0):
 garbage-first heap   total 262144K, used 191598K [0x00000000e0000000, 0x0000000100000000)
  region size 1024K, 153 young (156672K), 1 survivors (1024K)
 Metaspace       used 50102K, committed 50624K, reserved 393216K
  class space    used 7187K, committed 7424K, reserved 327680K
}
Event: 5.404 GC heap after
{Heap after GC invocations=10 (full 0):
 garbage-first heap   total 262144K, used 39863K [0x00000000e0000000, 0x0000000100000000)
  region size 1024K, 7 young (7168K), 7 survivors (7168K)
 Metaspace       used 50102K, committed 50624K, reserved 393216K
  class space    used 7187K, committed 7424K, reserved 327680K
}
Event: 7.451 GC heap before
{Heap before GC invocations=10 (full 0):
 garbage-first heap   total 262144K, used 184247K [0x00000000e0000000, 0x0000000100000000)
  region size 1024K, 149 young (152576K), 7 survivors (7168K)
 Metaspace       used 60086K, committed 60736K, reserved 393216K
  class space    used 8720K, committed 9024K, reserved 327680K
}
Event: 7.463 GC heap after
{Heap after GC invocations=11 (full 0):
 garbage-first heap   total 262144K, used 52657K [0x00000000e0000000, 0x0000000100000000)
  region size 1024K, 19 young (19456K), 19 survivors (19456K)
 Metaspace       used 60086K, committed 60736K, reserved 393216K
  class space    used 8720K, committed 9024K, reserved 327680K
}
Event: 753.562 GC heap before
{Heap before GC invocations=12 (full 0):
 garbage-first heap   total 262144K, used 188849K [0x00000000e0000000, 0x0000000100000000)
  region size 1024K, 153 young (156672K), 19 survivors (19456K)
 Metaspace       used 65078K, committed 65984K, reserved 393216K
  class space    used 9364K, committed 9792K, reserved 327680K
}
Event: 753.574 GC heap after
{Heap after GC invocations=13 (full 0):
 garbage-first heap   total 262144K, used 56637K [0x00000000e0000000, 0x0000000100000000)
  region size 1024K, 5 young (5120K), 5 survivors (5120K)
 Metaspace       used 65078K, committed 65984K, reserved 393216K
  class space    used 9364K, committed 9792K, reserved 327680K
}
Event: 1819.488 GC heap before
{Heap before GC invocations=13 (full 0):
 garbage-first heap   total 262144K, used 208189K [0x00000000e0000000, 0x0000000100000000)
  region size 1024K, 153 young (156672K), 5 survivors (5120K)
 Metaspace       used 66107K, committed 67072K, reserved 393216K
  class space    used 9412K, committed 9856K, reserved 327680K
}
Event: 1819.491 GC heap after
{Heap after GC invocations=14 (full 0):
 garbage-first heap   total 262144K, used 55625K [0x00000000e0000000, 0x0000000100000000)
  region size 1024K, 4 young (4096K), 4 survivors (4096K)
 Metaspace       used 66107K, committed 67072K, reserved 393216K
  class space    used 9412K, committed 9856K, reserved 327680K
}
Event: 2556.545 GC heap before
{Heap before GC invocations=14 (full 0):
 garbage-first heap   total 262144K, used 208201K [0x00000000e0000000, 0x0000000100000000)
  region size 1024K, 153 young (156672K), 4 survivors (4096K)
 Metaspace       used 66902K, committed 67904K, reserved 393216K
  class space    used 9462K, committed 9984K, reserved 327680K
}
Event: 2556.549 GC heap after
{Heap after GC invocations=15 (full 0):
 garbage-first heap   total 262144K, used 56502K [0x00000000e0000000, 0x0000000100000000)
  region size 1024K, 5 young (5120K), 5 survivors (5120K)
 Metaspace       used 66902K, committed 67904K, reserved 393216K
  class space    used 9462K, committed 9984K, reserved 327680K
}

Dll operation events (15 events):
Event: 0.005 Loaded shared library C:\Users\Qifei Wang\.gradle\jdks\jdk-17.0.10+7\bin\java.dll
Event: 0.019 Loaded shared library C:\Users\Qifei Wang\.gradle\jdks\jdk-17.0.10+7\bin\jsvml.dll
Event: 0.060 Loaded shared library C:\Users\Qifei Wang\.gradle\jdks\jdk-17.0.10+7\bin\zip.dll
Event: 0.061 Loaded shared library C:\Users\Qifei Wang\.gradle\jdks\jdk-17.0.10+7\bin\instrument.dll
Event: 0.065 Loaded shared library C:\Users\Qifei Wang\.gradle\jdks\jdk-17.0.10+7\bin\net.dll
Event: 0.066 Loaded shared library C:\Users\Qifei Wang\.gradle\jdks\jdk-17.0.10+7\bin\nio.dll
Event: 0.068 Loaded shared library C:\Users\Qifei Wang\.gradle\jdks\jdk-17.0.10+7\bin\zip.dll
Event: 0.226 Loaded shared library C:\Users\Qifei Wang\.gradle\jdks\jdk-17.0.10+7\bin\jimage.dll
Event: 0.330 Loaded shared library C:\Users\Qifei Wang\.gradle\jdks\jdk-17.0.10+7\bin\verify.dll
Event: 0.427 Loaded shared library C:\Users\Qifei Wang\.gradle\native\c067742578af261105cb4f569cf0c3c89f3d7b1fecec35dd04571415982c5e48\windows-amd64\native-platform.dll
Event: 0.430 Loaded shared library C:\Users\Qifei Wang\.gradle\native\100fb08df4bc3b14c8652ba06237920a3bd2aa13389f12d3474272988ae205f9\windows-amd64\native-platform-file-events.dll
Event: 1.180 Loaded shared library C:\Users\Qifei Wang\.gradle\jdks\jdk-17.0.10+7\bin\management.dll
Event: 1.181 Loaded shared library C:\Users\Qifei Wang\.gradle\jdks\jdk-17.0.10+7\bin\management_ext.dll
Event: 1.299 Loaded shared library C:\Users\Qifei Wang\.gradle\jdks\jdk-17.0.10+7\bin\extnet.dll
Event: 1.425 Loaded shared library C:\Users\Qifei Wang\.gradle\jdks\jdk-17.0.10+7\bin\sunmscapi.dll

Deoptimization events (20 events):
Event: 2885.864 Thread 0x0000025fb653fc80 DEOPT PACKING pc=0x0000025f8f93a020 sp=0x000000ee1f6fe960
Event: 2885.864 Thread 0x0000025fb653fc80 DEOPT UNPACKING pc=0x0000025f8eff69a3 sp=0x000000ee1f6fe7f8 mode 2
Event: 2885.864 Thread 0x0000025fb653fc80 Uncommon trap: trap_request=0xffffffc6 fr.pc=0x0000025f8f9063b4 relative=0x0000000000000314
Event: 2885.864 Thread 0x0000025fb653fc80 Uncommon trap: reason=bimorphic_or_optimized_type_check action=maybe_recompile pc=0x0000025f8f9063b4 method=java.io.PrintStream.flush()V @ 12 c2
Event: 2885.864 Thread 0x0000025fb653fc80 DEOPT PACKING pc=0x0000025f8f9063b4 sp=0x000000ee1f6ff1f0
Event: 2885.864 Thread 0x0000025fb653fc80 DEOPT UNPACKING pc=0x0000025f8eff69a3 sp=0x000000ee1f6ff1b8 mode 2
Event: 2885.864 Thread 0x0000025fb6540190 Uncommon trap: trap_request=0xffffffc6 fr.pc=0x0000025f8f9063b4 relative=0x0000000000000314
Event: 2885.864 Thread 0x0000025fb6540190 Uncommon trap: reason=bimorphic_or_optimized_type_check action=maybe_recompile pc=0x0000025f8f9063b4 method=java.io.PrintStream.flush()V @ 12 c2
Event: 2885.864 Thread 0x0000025fb6540190 DEOPT PACKING pc=0x0000025f8f9063b4 sp=0x000000ee1f7fef90
Event: 2885.864 Thread 0x0000025fb6540190 DEOPT UNPACKING pc=0x0000025f8eff69a3 sp=0x000000ee1f7fef58 mode 2
Event: 2885.864 Thread 0x0000025fb6540190 Uncommon trap: trap_request=0xffffffc6 fr.pc=0x0000025f8f9063b4 relative=0x0000000000000314
Event: 2885.864 Thread 0x0000025fb6540190 Uncommon trap: reason=bimorphic_or_optimized_type_check action=maybe_recompile pc=0x0000025f8f9063b4 method=java.io.PrintStream.flush()V @ 12 c2
Event: 2885.864 Thread 0x0000025fb6540190 DEOPT PACKING pc=0x0000025f8f9063b4 sp=0x000000ee1f7fef90
Event: 2885.864 Thread 0x0000025fb6540190 DEOPT UNPACKING pc=0x0000025f8eff69a3 sp=0x000000ee1f7fef58 mode 2
Event: 2885.881 Thread 0x0000025fb677a8c0 Uncommon trap: trap_request=0xfffffff4 fr.pc=0x0000025f8fa50e98 relative=0x00000000000000f8
Event: 2885.881 Thread 0x0000025fb677a8c0 Uncommon trap: reason=null_check action=make_not_entrant pc=0x0000025f8fa50e98 method=org.gradle.internal.concurrent.CompositeStoppable.toStoppable(Ljava/lang/Object;)Lorg/gradle/internal/concurrent/Stoppable; @ 1 c2
Event: 2885.881 Thread 0x0000025fb677a8c0 DEOPT PACKING pc=0x0000025f8fa50e98 sp=0x000000ee1d8f9d10
Event: 2885.881 Thread 0x0000025fb677a8c0 DEOPT UNPACKING pc=0x0000025f8eff69a3 sp=0x000000ee1d8f9c90 mode 2
Event: 2894.468 Thread 0x0000025fb6779ea0 DEOPT PACKING pc=0x0000025f889a2e2e sp=0x000000ee1e2f97f0
Event: 2894.468 Thread 0x0000025fb6779ea0 DEOPT UNPACKING pc=0x0000025f8eff7143 sp=0x000000ee1e2f8ce0 mode 0

Classes unloaded (0 events):
No events

Classes redefined (0 events):
No events

Internal exceptions (20 events):
Event: 2730.727 Thread 0x0000025fb0ced420 Exception <a 'sun/nio/fs/WindowsException'{0x00000000ed289748}> (0x00000000ed289748) 
thrown [s\src\hotspot\share\prims\jni.cpp, line 516]
Event: 2732.188 Thread 0x0000025fb0ced420 Exception <a 'sun/nio/fs/WindowsException'{0x00000000ecfb7088}> (0x00000000ecfb7088) 
thrown [s\src\hotspot\share\prims\jni.cpp, line 516]
Event: 2732.214 Thread 0x0000025fb0ced420 Exception <a 'sun/nio/fs/WindowsException'{0x00000000ecd15a60}> (0x00000000ecd15a60) 
thrown [s\src\hotspot\share\prims\jni.cpp, line 516]
Event: 2733.259 Thread 0x0000025fb0ced420 Exception <a 'java/lang/reflect/InvocationTargetException'{0x00000000eb1094d0}> (0x00000000eb1094d0) 
thrown [s\src\hotspot\share\runtime\reflection.cpp, line 1121]
Event: 2733.313 Thread 0x0000025fb0cea180 Exception <a 'sun/nio/fs/WindowsException'{0x00000000eb0b36b8}> (0x00000000eb0b36b8) 
thrown [s\src\hotspot\share\prims\jni.cpp, line 516]
Event: 2885.662 Thread 0x0000025fb0ceb5c0 Exception <a 'sun/nio/fs/WindowsException'{0x00000000eabc68a0}> (0x00000000eabc68a0) 
thrown [s\src\hotspot\share\prims\jni.cpp, line 516]
Event: 2885.663 Thread 0x0000025fb0ceb5c0 Exception <a 'sun/nio/fs/WindowsException'{0x00000000eabc7e58}> (0x00000000eabc7e58) 
thrown [s\src\hotspot\share\prims\jni.cpp, line 516]
Event: 2885.663 Thread 0x0000025fb0ceb5c0 Exception <a 'sun/nio/fs/WindowsException'{0x00000000eabc9410}> (0x00000000eabc9410) 
thrown [s\src\hotspot\share\prims\jni.cpp, line 516]
Event: 2885.663 Thread 0x0000025fb0ceb5c0 Exception <a 'sun/nio/fs/WindowsException'{0x00000000eabca9a0}> (0x00000000eabca9a0) 
thrown [s\src\hotspot\share\prims\jni.cpp, line 516]
Event: 2885.782 Thread 0x0000025fb677a8c0 Exception <a 'sun/nio/fs/WindowsException'{0x00000000e949cda8}> (0x00000000e949cda8) 
thrown [s\src\hotspot\share\prims\jni.cpp, line 516]
Event: 2885.783 Thread 0x0000025fb677a8c0 Exception <a 'sun/nio/fs/WindowsException'{0x00000000e949d728}> (0x00000000e949d728) 
thrown [s\src\hotspot\share\prims\jni.cpp, line 516]
Event: 2885.881 Thread 0x0000025fb677a8c0 Implicit null exception at 0x0000025f8fa50daf to 0x0000025f8fa50e8e
Event: 2885.881 Thread 0x0000025fb65410c0 Exception <a 'java/io/IOException'{0x00000000e9265da8}> (0x00000000e9265da8) 
thrown [s\src\hotspot\share\prims\jni.cpp, line 516]
Event: 2885.882 Thread 0x0000025fb677a8c0 Exception <a 'java/lang/reflect/InvocationTargetException'{0x00000000e92885f0}> (0x00000000e92885f0) 
thrown [s\src\hotspot\share\runtime\reflection.cpp, line 1121]
Event: 2885.889 Thread 0x0000025fb0ceb5c0 Exception <a 'java/lang/NoSuchMethodError'{0x00000000e91a7948}: 'void java.lang.invoke.DirectMethodHandle$Holder.invokeStatic(java.lang.Object, int, java.lang.Object)'> (0x00000000e91a7948) 
thrown [s\src\hotspot\share\interpreter\linkResolver.cpp, line 759]
Event: 2885.930 Thread 0x0000025fb6542500 Exception <a 'sun/nio/fs/WindowsException'{0x00000000e9094728}> (0x00000000e9094728) 
thrown [s\src\hotspot\share\prims\jni.cpp, line 516]
Event: 2894.358 Thread 0x0000025fb0ceb5c0 Exception <a 'sun/nio/fs/WindowsException'{0x00000000e8eb5510}> (0x00000000e8eb5510) 
thrown [s\src\hotspot\share\prims\jni.cpp, line 516]
Event: 2894.358 Thread 0x0000025fb0ceb5c0 Exception <a 'sun/nio/fs/WindowsException'{0x00000000e8eb6ac8}> (0x00000000e8eb6ac8) 
thrown [s\src\hotspot\share\prims\jni.cpp, line 516]
Event: 2894.358 Thread 0x0000025fb0ceb5c0 Exception <a 'sun/nio/fs/WindowsException'{0x00000000e8eb8080}> (0x00000000e8eb8080) 
thrown [s\src\hotspot\share\prims\jni.cpp, line 516]
Event: 2894.358 Thread 0x0000025fb0ceb5c0 Exception <a 'sun/nio/fs/WindowsException'{0x00000000e8eb9610}> (0x00000000e8eb9610) 
thrown [s\src\hotspot\share\prims\jni.cpp, line 516]

VM Operations (20 events):
Event: 2645.961 Executing VM operation: HandshakeAllThreads
Event: 2645.961 Executing VM operation: HandshakeAllThreads done
Event: 2731.539 Executing VM operation: Cleanup
Event: 2731.539 Executing VM operation: Cleanup done
Event: 2732.540 Executing VM operation: Cleanup
Event: 2732.541 Executing VM operation: Cleanup done
Event: 2733.541 Executing VM operation: Cleanup
Event: 2733.541 Executing VM operation: Cleanup done
Event: 2741.623 Executing VM operation: Cleanup
Event: 2741.623 Executing VM operation: Cleanup done
Event: 2766.343 Executing VM operation: HandshakeAllThreads
Event: 2766.343 Executing VM operation: HandshakeAllThreads done
Event: 2880.340 Executing VM operation: Cleanup
Event: 2880.340 Executing VM operation: Cleanup done
Event: 2886.377 Executing VM operation: Cleanup
Event: 2886.378 Executing VM operation: Cleanup done
Event: 2886.465 Executing VM operation: HandshakeAllThreads
Event: 2886.465 Executing VM operation: HandshakeAllThreads done
Event: 2894.527 Executing VM operation: Cleanup
Event: 2894.527 Executing VM operation: Cleanup done

Events (20 events):
Event: 2894.431 Thread 0x0000025fb677e070 Thread added: 0x0000025fb677e070
Event: 2894.432 Thread 0x0000025fb6779ea0 Thread added: 0x0000025fb6779ea0
Event: 2894.432 Thread 0x0000025fb677e580 Thread added: 0x0000025fb677e580
Event: 2894.432 Thread 0x0000025fb677bd00 Thread added: 0x0000025fb677bd00
Event: 2894.432 Thread 0x0000025fb6777110 Thread added: 0x0000025fb6777110
Event: 2894.432 Thread 0x0000025fb677c720 Thread added: 0x0000025fb677c720
Event: 2894.432 Thread 0x0000025fb0cebfe0 Thread added: 0x0000025fb0cebfe0
Event: 2894.432 Thread 0x0000025fb0cea690 Thread added: 0x0000025fb0cea690
Event: 2894.432 Thread 0x0000025fb0ceb0b0 Thread added: 0x0000025fb0ceb0b0
Event: 2894.432 Thread 0x0000025fb0cea180 Thread added: 0x0000025fb0cea180
Event: 2894.432 Thread 0x0000025fb0cebad0 Thread added: 0x0000025fb0cebad0
Event: 2894.432 Thread 0x0000025fb0cef790 Thread added: 0x0000025fb0cef790
Event: 2894.433 Thread 0x0000025fb0cec4f0 Thread added: 0x0000025fb0cec4f0
Event: 2894.436 Thread 0x0000025fb5fc2ec0 Thread added: 0x0000025fb5fc2ec0
Event: 2894.444 Thread 0x0000025fb0ceca00 Thread added: 0x0000025fb0ceca00
Event: 2894.444 Thread 0x0000025fb0ce8320 Thread added: 0x0000025fb0ce8320
Event: 2894.444 Thread 0x0000025fb0ce8830 Thread added: 0x0000025fb0ce8830
Event: 2894.466 Thread 0x0000025fb0ced420 Thread added: 0x0000025fb0ced420
Event: 2894.480 Thread 0x0000025fb0ce9250 Thread added: 0x0000025fb0ce9250
Event: 2894.481 Thread 0x0000025fb0ce9250 Thread exited: 0x0000025fb0ce9250


Dynamic libraries:
0x00007ff68b110000 - 0x00007ff68b11e000 	C:\Users\Qifei Wang\.gradle\jdks\jdk-17.0.10+7\bin\java.exe
0x00007fffd02d0000 - 0x00007fffd04e7000 	C:\WINDOWS\SYSTEM32\ntdll.dll
0x00007fffcdff0000 - 0x00007fffce0b4000 	C:\WINDOWS\System32\KERNEL32.DLL
0x00007fffcd720000 - 0x00007fffcdad9000 	C:\WINDOWS\System32\KERNELBASE.dll
0x00007fffcdae0000 - 0x00007fffcdbf1000 	C:\WINDOWS\System32\ucrtbase.dll
0x00007fffbd450000 - 0x00007fffbd467000 	C:\Users\Qifei Wang\.gradle\jdks\jdk-17.0.10+7\bin\jli.dll
0x00007fffcfcd0000 - 0x00007fffcfe7e000 	C:\WINDOWS\System32\USER32.dll
0x00007fffbd190000 - 0x00007fffbd1ab000 	C:\Users\Qifei Wang\.gradle\jdks\jdk-17.0.10+7\bin\VCRUNTIME140.dll
0x00007fffcd5d0000 - 0x00007fffcd5f6000 	C:\WINDOWS\System32\win32u.dll
0x00007fffd01c0000 - 0x00007fffd01e9000 	C:\WINDOWS\System32\GDI32.dll
0x00007fffcd600000 - 0x00007fffcd71b000 	C:\WINDOWS\System32\gdi32full.dll
0x00007fffb1340000 - 0x00007fffb15d2000 	C:\WINDOWS\WinSxS\amd64_microsoft.windows.common-controls_6595b64144ccf1df_6.0.22621.4391_none_2715d37f73803e96\COMCTL32.dll
0x00007fffcdc70000 - 0x00007fffcdd0a000 	C:\WINDOWS\System32\msvcp_win.dll
0x00007fffcf850000 - 0x00007fffcf8f7000 	C:\WINDOWS\System32\msvcrt.dll
0x00007fffcfc90000 - 0x00007fffcfcc1000 	C:\WINDOWS\System32\IMM32.DLL
0x00007fffbd180000 - 0x00007fffbd18c000 	C:\Users\Qifei Wang\.gradle\jdks\jdk-17.0.10+7\bin\vcruntime140_1.dll
0x00007fff81df0000 - 0x00007fff81e7d000 	C:\Users\Qifei Wang\.gradle\jdks\jdk-17.0.10+7\bin\msvcp140.dll
0x00007fff80ee0000 - 0x00007fff81b42000 	C:\Users\Qifei Wang\.gradle\jdks\jdk-17.0.10+7\bin\server\jvm.dll
0x00007fffcf090000 - 0x00007fffcf142000 	C:\WINDOWS\System32\ADVAPI32.dll
0x00007fffd0010000 - 0x00007fffd00b7000 	C:\WINDOWS\System32\sechost.dll
0x00007fffcddd0000 - 0x00007fffcddf8000 	C:\WINDOWS\System32\bcrypt.dll
0x00007fffcf320000 - 0x00007fffcf434000 	C:\WINDOWS\System32\RPCRT4.dll
0x00007fffccf70000 - 0x00007fffccfbd000 	C:\WINDOWS\SYSTEM32\POWRPROF.dll
0x00007fffc6190000 - 0x00007fffc6199000 	C:\WINDOWS\SYSTEM32\WSOCK32.dll
0x00007fffcf010000 - 0x00007fffcf081000 	C:\WINDOWS\System32\WS2_32.dll
0x00007fffc75d0000 - 0x00007fffc75da000 	C:\WINDOWS\SYSTEM32\VERSION.dll
0x00007fffc8e20000 - 0x00007fffc8e54000 	C:\WINDOWS\SYSTEM32\WINMM.dll
0x00007fffccee0000 - 0x00007fffccef3000 	C:\WINDOWS\SYSTEM32\UMPDC.dll
0x00007fffcc610000 - 0x00007fffcc628000 	C:\WINDOWS\SYSTEM32\kernel.appcore.dll
0x00007fffbd100000 - 0x00007fffbd10a000 	C:\Users\Qifei Wang\.gradle\jdks\jdk-17.0.10+7\bin\jimage.dll
0x00007fffcabe0000 - 0x00007fffcae12000 	C:\WINDOWS\SYSTEM32\DBGHELP.DLL
0x00007fffcf4c0000 - 0x00007fffcf84f000 	C:\WINDOWS\System32\combase.dll
0x00007fffcf900000 - 0x00007fffcf9d7000 	C:\WINDOWS\System32\OLEAUT32.dll
0x00007fffb6e70000 - 0x00007fffb6ea2000 	C:\WINDOWS\SYSTEM32\dbgcore.DLL
0x00007fffcdf70000 - 0x00007fffcdfeb000 	C:\WINDOWS\System32\bcryptPrimitives.dll
0x00007fffbd0f0000 - 0x00007fffbd0fe000 	C:\Users\Qifei Wang\.gradle\jdks\jdk-17.0.10+7\bin\instrument.dll
0x00007fffbd0c0000 - 0x00007fffbd0e5000 	C:\Users\Qifei Wang\.gradle\jdks\jdk-17.0.10+7\bin\java.dll
0x00007fff80e00000 - 0x00007fff80ed7000 	C:\Users\Qifei Wang\.gradle\jdks\jdk-17.0.10+7\bin\jsvml.dll
0x00007fffce5c0000 - 0x00007fffcee36000 	C:\WINDOWS\System32\SHELL32.dll
0x00007fffcb510000 - 0x00007fffcbe13000 	C:\WINDOWS\SYSTEM32\windows.storage.dll
0x00007fffcb3d0000 - 0x00007fffcb50f000 	C:\WINDOWS\SYSTEM32\wintypes.dll
0x00007fffd00c0000 - 0x00007fffd01b9000 	C:\WINDOWS\System32\SHCORE.dll
0x00007fffcee40000 - 0x00007fffcee9e000 	C:\WINDOWS\System32\shlwapi.dll
0x00007fffcd500000 - 0x00007fffcd52b000 	C:\WINDOWS\SYSTEM32\profapi.dll
0x00007fffbd0a0000 - 0x00007fffbd0b8000 	C:\Users\Qifei Wang\.gradle\jdks\jdk-17.0.10+7\bin\zip.dll
0x00007fffb5980000 - 0x00007fffb5999000 	C:\Users\Qifei Wang\.gradle\jdks\jdk-17.0.10+7\bin\net.dll
0x00007fffc7190000 - 0x00007fffc72c6000 	C:\WINDOWS\SYSTEM32\WINHTTP.dll
0x00007fffcca90000 - 0x00007fffccaf9000 	C:\WINDOWS\system32\mswsock.dll
0x00007fffa6830000 - 0x00007fffa6846000 	C:\Users\Qifei Wang\.gradle\jdks\jdk-17.0.10+7\bin\nio.dll
0x00007fffbd090000 - 0x00007fffbd0a0000 	C:\Users\Qifei Wang\.gradle\jdks\jdk-17.0.10+7\bin\verify.dll
0x00007fff9fea0000 - 0x00007fff9fec7000 	C:\Users\Qifei Wang\.gradle\native\c067742578af261105cb4f569cf0c3c89f3d7b1fecec35dd04571415982c5e48\windows-amd64\native-platform.dll
0x00007fff85a10000 - 0x00007fff85b54000 	C:\Users\Qifei Wang\.gradle\native\100fb08df4bc3b14c8652ba06237920a3bd2aa13389f12d3474272988ae205f9\windows-amd64\native-platform-file-events.dll
0x00007fffbc140000 - 0x00007fffbc149000 	C:\Users\Qifei Wang\.gradle\jdks\jdk-17.0.10+7\bin\management.dll
0x00007fffba470000 - 0x00007fffba47b000 	C:\Users\Qifei Wang\.gradle\jdks\jdk-17.0.10+7\bin\management_ext.dll
0x00007fffce130000 - 0x00007fffce138000 	C:\WINDOWS\System32\PSAPI.DLL
0x00007fffccd50000 - 0x00007fffccd6b000 	C:\WINDOWS\SYSTEM32\CRYPTSP.dll
0x00007fffcc570000 - 0x00007fffcc5a5000 	C:\WINDOWS\system32\rsaenh.dll
0x00007fffccbf0000 - 0x00007fffccc18000 	C:\WINDOWS\SYSTEM32\USERENV.dll
0x00007fffccd70000 - 0x00007fffccd7c000 	C:\WINDOWS\SYSTEM32\CRYPTBASE.dll
0x00007fffcc080000 - 0x00007fffcc0ad000 	C:\WINDOWS\SYSTEM32\IPHLPAPI.DLL
0x00007fffcf150000 - 0x00007fffcf159000 	C:\WINDOWS\System32\NSI.dll
0x00007fffc74a0000 - 0x00007fffc74b9000 	C:\WINDOWS\SYSTEM32\dhcpcsvc6.DLL
0x00007fffc7080000 - 0x00007fffc709f000 	C:\WINDOWS\SYSTEM32\dhcpcsvc.DLL
0x00007fffcc0f0000 - 0x00007fffcc1f2000 	C:\WINDOWS\SYSTEM32\DNSAPI.dll
0x00007fffb5970000 - 0x00007fffb5979000 	C:\Users\Qifei Wang\.gradle\jdks\jdk-17.0.10+7\bin\extnet.dll
0x00007fffb5930000 - 0x00007fffb593e000 	C:\Users\Qifei Wang\.gradle\jdks\jdk-17.0.10+7\bin\sunmscapi.dll
0x00007fffcde00000 - 0x00007fffcdf66000 	C:\WINDOWS\System32\CRYPT32.dll
0x00007fffccf40000 - 0x00007fffccf6d000 	C:\WINDOWS\SYSTEM32\ncrypt.dll
0x00007fffccf00000 - 0x00007fffccf37000 	C:\WINDOWS\SYSTEM32\NTASN1.dll
0x00007fff92e40000 - 0x00007fff92e48000 	C:\WINDOWS\system32\wshunix.dll

dbghelp: loaded successfully - version: 4.0.5 - missing functions: none
symbol engine: initialized successfully - sym options: 0x614 - pdb path: .;C:\Users\Qifei Wang\.gradle\jdks\jdk-17.0.10+7\bin;C:\WINDOWS\SYSTEM32;C:\WINDOWS\WinSxS\amd64_microsoft.windows.common-controls_6595b64144ccf1df_6.0.22621.4391_none_2715d37f73803e96;C:\Users\Qifei Wang\.gradle\jdks\jdk-17.0.10+7\bin\server;C:\Users\Qifei Wang\.gradle\native\c067742578af261105cb4f569cf0c3c89f3d7b1fecec35dd04571415982c5e48\windows-amd64;C:\Users\Qifei Wang\.gradle\native\100fb08df4bc3b14c8652ba06237920a3bd2aa13389f12d3474272988ae205f9\windows-amd64

VM Arguments:
jvm_args: --add-opens=java.base/java.util=ALL-UNNAMED --add-opens=java.base/java.lang=ALL-UNNAMED --add-opens=java.base/java.lang.invoke=ALL-UNNAMED --add-opens=java.prefs/java.util.prefs=ALL-UNNAMED --add-exports=jdk.compiler/com.sun.tools.javac.api=ALL-UNNAMED --add-exports=jdk.compiler/com.sun.tools.javac.util=ALL-UNNAMED --add-opens=java.base/java.nio.charset=ALL-UNNAMED --add-opens=java.base/java.net=ALL-UNNAMED --add-opens=java.base/java.util.concurrent.atomic=ALL-UNNAMED -XX:MaxMetaspaceSize=384m -XX:+HeapDumpOnOutOfMemoryError -Xms256m -Xmx512m -Dfile.encoding=GBK -Duser.country=CN -Duser.language=zh -Duser.variant -javaagent:C:\Users\Qifei Wang\.gradle\wrapper\dists\gradle-8.9-bin\90cnw93cvbtalezasaz0blq0a\gradle-8.9\lib\agents\gradle-instrumentation-agent-8.9.jar 
java_command: org.gradle.launcher.daemon.bootstrap.GradleDaemon 8.9
java_class_path (initial): C:\Users\Qifei Wang\.gradle\wrapper\dists\gradle-8.9-bin\90cnw93cvbtalezasaz0blq0a\gradle-8.9\lib\gradle-daemon-main-8.9.jar
Launcher Type: SUN_STANDARD

[Global flags]
     intx CICompilerCount                          = 4                                         {product} {ergonomic}
   size_t CompressedClassSpaceSize                 = 335544320                                 {product} {ergonomic}
     uint ConcGCThreads                            = 3                                         {product} {ergonomic}
     uint G1ConcRefinementThreads                  = 10                                        {product} {ergonomic}
   size_t G1HeapRegionSize                         = 1048576                                   {product} {ergonomic}
    uintx GCDrainStackTargetSize                   = 64                                        {product} {ergonomic}
     bool HeapDumpOnOutOfMemoryError               = true                                   {manageable} {command line}
   size_t InitialHeapSize                          = 268435456                                 {product} {command line}
   size_t MarkStackSize                            = 4194304                                   {product} {ergonomic}
   size_t MaxHeapSize                              = 536870912                                 {product} {command line}
   size_t MaxMetaspaceSize                         = 402653184                                 {product} {command line}
   size_t MaxNewSize                               = 321912832                                 {product} {ergonomic}
   size_t MinHeapDeltaBytes                        = 1048576                                   {product} {ergonomic}
   size_t MinHeapSize                              = 268435456                                 {product} {command line}
    uintx NonNMethodCodeHeapSize                   = 5839372                                {pd product} {ergonomic}
    uintx NonProfiledCodeHeapSize                  = 122909434                              {pd product} {ergonomic}
    uintx ProfiledCodeHeapSize                     = 122909434                              {pd product} {ergonomic}
    uintx ReservedCodeCacheSize                    = 251658240                              {pd product} {ergonomic}
     bool SegmentedCodeCache                       = true                                      {product} {ergonomic}
   size_t SoftMaxHeapSize                          = 536870912                              {manageable} {ergonomic}
     bool UseCompressedClassPointers               = true                           {product lp64_product} {ergonomic}
     bool UseCompressedOops                        = true                           {product lp64_product} {ergonomic}
     bool UseG1GC                                  = true                                      {product} {ergonomic}
     bool UseLargePagesIndividualAllocation        = false                                  {pd product} {ergonomic}

Logging:
Log output configuration:
 #0: stdout all=warning uptime,level,tags
 #1: stderr all=off uptime,level,tags

Environment Variables:
JAVA_HOME=C:\Program Files\Java\jre-1.8
PATH=C:\Program Files\Common Files\Oracle\Java\javapath;C:\WINDOWS\system32;C:\WINDOWS;C:\WINDOWS\System32\Wbem;C:\WINDOWS\System32\WindowsPowerShell\v1.0\;C:\WINDOWS\System32\OpenSSH\;C:\Program Files\PuTTY\;C:\Program Files\Java\jre-1.8\bin;C:\Program Files\Java\jdk-21\bin;C:\Program Files\Git\cmd;C:\Users\Qifei Wang\AppData\Local\Programs\Python\Launcher\;C:\Users\Qifei Wang\AppData\Local\Microsoft\WindowsApps;C:\Users\Qifei Wang\AppData\Local\Programs\Microsoft VS Code\bin;C:\Users\Qifei Wang\AppData\Local\Programs\MiKTeX\miktex\bin\x64\
USERNAME=Qifei Wang
OS=Windows_NT
PROCESSOR_IDENTIFIER=AMD64 Family 23 Model 96 Stepping 1, AuthenticAMD
TMP=C:\Users\QIFEIW~1\AppData\Local\Temp
TEMP=C:\Users\QIFEIW~1\AppData\Local\Temp



Periodic native trim disabled


---------------  S Y S T E M  ---------------

OS:
 Windows 11 , 64 bit Build 22621 (10.0.22621.4391)
OS uptime: 10 days 4:51 hours

CPU: total 12 (initial active 12) (12 cores per cpu, 2 threads per core) family 23 model 96 stepping 1 microcode 0x0, cx8, cmov, fxsr, ht, mmx, 3dnowpref, sse, sse2, sse3, ssse3, sse4a, sse4.1, sse4.2, popcnt, lzcnt, tsc, tscinvbit, avx, avx2, aes, clmul, bmi1, bmi2, adx, sha, fma, vzeroupper, clflush, clflushopt
Processor Information for all 12 processors :
  Max Mhz: 3000, Current Mhz: 3000, Mhz Limit: 3000

Memory: 4k page, system-wide physical 15741M (2274M free)
TotalPageFile size 15741M (AvailPageFile size 4M)
current process WorkingSet (physical memory assigned to process): 439M, peak: 457M
current process commit charge ("private bytes"): 521M, peak: 539M

vm_info: OpenJDK 64-Bit Server VM (17.0.10+7) for windows-amd64 JRE (17.0.10+7), built on Jan 16 2024 23:25:11 by "admin" with MS VC++ 16.10 / 16.11 (VS2019)

END.
